#
# There is insufficient memory for the Java Runtime Environment to continue.
# Native memory allocation (mmap) failed to map 167772160 bytes for Failed to commit area from 0x00000000ca000000 to 0x00000000d4000000 of length 167772160.
# Possible reasons:
#   The system is out of physical RAM or swap space
#   The process is running with CompressedOops enabled, and the Java Heap may be blocking the growth of the native heap
# Possible solutions:
#   Reduce memory load on the system
#   Increase physical memory or swap space
#   Check if swap backing store is full
#   Decrease Java heap size (-Xmx/-Xms)
#   Decrease number of Java threads
#   Decrease Java thread stack sizes (-Xss)
#   Set larger code cache with -XX:ReservedCodeCacheSize=
#   JVM is running with Unscaled Compressed Oops mode in which the Java heap is
#     placed in the first 4GB address space. The Java Heap base address is the
#     maximum limit for the native heap growth. Please use -XX:HeapBaseMinAddress
#     to set the Java Heap base and to place the Java Heap above 4GB virtual address.
# This output file may be truncated or incomplete.
#
#  Out of Memory Error (./src/hotspot/os/windows/os_windows.cpp:3619), pid=6908, tid=10024
#
# JRE version: OpenJDK Runtime Environment (11.0.13) (build 11.0.13+0-b1751.21-8125866)
# Java VM: OpenJDK 64-Bit Server VM (11.0.13+0-b1751.21-8125866, mixed mode, tiered, compressed oops, g1 gc, windows-amd64)
# No core dump will be written. Minidumps are not enabled by default on client versions of Windows
#

---------------  S U M M A R Y ------------

Command Line: --add-opens=java.base/java.util=ALL-UNNAMED -XX:+HeapDumpOnOutOfMemoryError -Xmx1024m -Dfile.encoding=windows-1252 -Duser.country=US -Duser.language=en -Duser.variant org.gradle.launcher.daemon.bootstrap.GradleDaemon 4.10.1

Host: Intel(R) Core(TM) i5-6300U CPU @ 2.40GHz, 4 cores, 7G,  Windows 10 , 64 bit Build 19041 (10.0.19041.3031)
Time: Mon Mar 18 18:47:51 2024 India Standard Time elapsed time: 24.933876 seconds (0d 0h 0m 24s)

---------------  T H R E A D  ---------------

Current thread (0x0000024559dcd000):  VMThread "VM Thread" [stack: 0x0000004583100000,0x0000004583200000] [id=10024]

Stack: [0x0000004583100000,0x0000004583200000]
[error occurred during error reporting (printing stack bounds), id 0xc0000005, EXCEPTION_ACCESS_VIOLATION (0xc0000005) at pc=0x0000024545ba112d]

Native frames: (J=compiled Java code, j=interpreted, Vv=VM code, C=native code)
V  [jvm.dll+0x6100fa]
V  [jvm.dll+0x747090]
V  [jvm.dll+0x7486ad]
V  [jvm.dll+0x748ce5]
V  [jvm.dll+0x748c9b]
V  [jvm.dll+0x60f224]
V  [jvm.dll+0x60f9b8]
C  [ntdll.dll+0xa247f]
C  [ntdll.dll+0x514f4]
C  [ntdll.dll+0xa0f8e]
C  0x0000024545ba112d

VM_Operation (0x00000045860fdb40): G1CollectForAllocation, mode: safepoint, requested by thread 0x000002455d603000


---------------  P R O C E S S  ---------------

Threads class SMR info:
_java_thread_list=0x000002455b4e7ca0, length=47, elements={
0x000002454207a000, 0x0000024559dcf800, 0x0000024559dd1000, 0x0000024559e30800,
0x0000024559e32000, 0x0000024559e33000, 0x000002455a754000, 0x000002455a758800,
0x000002455a75a000, 0x000002455a8b7000, 0x000002455b82e800, 0x000002455b86b000,
0x000002455befe000, 0x000002455b6e3000, 0x000002455be3b000, 0x000002455be3c000,
0x000002455c0a5000, 0x000002455c039800, 0x000002455c1fb800, 0x000002455c314800,
0x000002455c2be000, 0x000002455d3b7000, 0x000002455d743000, 0x000002455d740000,
0x000002455d741800, 0x000002455d744000, 0x000002455d73f000, 0x000002455d745800,
0x000002455d740800, 0x000002455ead9800, 0x000002455eada000, 0x000002455eadb000,
0x000002455ead7800, 0x000002455eadc000, 0x000002455eade800, 0x000002455ead8800,
0x000002455eadc800, 0x000002455d5ff800, 0x000002455d601000, 0x000002455d600800,
0x000002455d5fe000, 0x000002455d602000, 0x000002455d637800, 0x000002455d603000,
0x000002455d5fd000, 0x000002455d603800, 0x000002455d604800
}

Java Threads: ( => current thread )
  0x000002454207a000 JavaThread "main" [_thread_blocked, id=2340, stack(0x0000004582b00000,0x0000004582c00000)]
  0x0000024559dcf800 JavaThread "Reference Handler" daemon [_thread_blocked, id=960, stack(0x0000004583200000,0x0000004583300000)]
  0x0000024559dd1000 JavaThread "Finalizer" daemon [_thread_blocked, id=13800, stack(0x0000004583300000,0x0000004583400000)]
  0x0000024559e30800 JavaThread "Signal Dispatcher" daemon [_thread_blocked, id=10576, stack(0x0000004583400000,0x0000004583500000)]
  0x0000024559e32000 JavaThread "Attach Listener" daemon [_thread_blocked, id=6768, stack(0x0000004583500000,0x0000004583600000)]
  0x0000024559e33000 JavaThread "Service Thread" daemon [_thread_blocked, id=8240, stack(0x0000004583600000,0x0000004583700000)]
  0x000002455a754000 JavaThread "C2 CompilerThread0" daemon [_thread_in_native, id=13536, stack(0x0000004583700000,0x0000004583800000)]
  0x000002455a758800 JavaThread "C1 CompilerThread0" daemon [_thread_blocked, id=9932, stack(0x0000004583800000,0x0000004583900000)]
  0x000002455a75a000 JavaThread "Sweeper thread" daemon [_thread_blocked, id=10412, stack(0x0000004583900000,0x0000004583a00000)]
  0x000002455a8b7000 JavaThread "Common-Cleaner" daemon [_thread_blocked, id=12556, stack(0x0000004583a00000,0x0000004583b00000)]
  0x000002455b82e800 JavaThread "Incoming local TCP Connector on port 51239" [_thread_in_native, id=10548, stack(0x0000004583c00000,0x0000004583d00000)]
  0x000002455b86b000 JavaThread "Daemon periodic checks" [_thread_blocked, id=3844, stack(0x0000004584000000,0x0000004584100000)]
  0x000002455befe000 JavaThread "Daemon" [_thread_blocked, id=11728, stack(0x0000004584100000,0x0000004584200000)]
  0x000002455b6e3000 JavaThread "Handler for socket connection from /127.0.0.1:51239 to /127.0.0.1:51240" [_thread_in_native, id=1840, stack(0x0000004584200000,0x0000004584300000)]
  0x000002455be3b000 JavaThread "Cancel handler" [_thread_blocked, id=9396, stack(0x0000004584400000,0x0000004584500000)]
  0x000002455be3c000 JavaThread "Daemon worker" [_thread_blocked, id=3616, stack(0x0000004584500000,0x0000004584600000)]
  0x000002455c0a5000 JavaThread "Asynchronous log dispatcher for DefaultDaemonConnection: socket connection from /127.0.0.1:51239 to /127.0.0.1:51240" [_thread_blocked, id=1120, stack(0x0000004584600000,0x0000004584700000)]
  0x000002455c039800 JavaThread "Stdin handler" [_thread_blocked, id=2488, stack(0x0000004584700000,0x0000004584800000)]
  0x000002455c1fb800 JavaThread "Cache worker for file hash cache (E:\Android Projects\gradle\caches\4.10.1\fileHashes)" [_thread_blocked, id=9336, stack(0x0000004584800000,0x0000004584900000)]
  0x000002455c314800 JavaThread "File lock request listener" [_thread_in_native, id=13756, stack(0x0000004584900000,0x0000004584a00000)]
  0x000002455c2be000 JavaThread "Cache worker for file hash cache (E:\Android Projects\QueueWindowDisplay Project\WindowDisplayWebservice\.gradle\4.10.1\fileHashes)" [_thread_blocked, id=5276, stack(0x0000004584a00000,0x0000004584b00000)]
  0x000002455d3b7000 JavaThread "Cache worker for journal cache (E:\Android Projects\gradle\caches\journal-1)" [_thread_blocked, id=9428, stack(0x0000004584b00000,0x0000004584c00000)]
  0x000002455d743000 JavaThread "Cache worker for cache directory md-supplier (E:\Android Projects\gradle\caches\4.10.1\md-supplier)" [_thread_blocked, id=2852, stack(0x0000004584c00000,0x0000004584d00000)]
  0x000002455d740000 JavaThread "Cache worker for cache directory md-rule (E:\Android Projects\gradle\caches\4.10.1\md-rule)" [_thread_blocked, id=7384, stack(0x0000004584d00000,0x0000004584e00000)]
  0x000002455d741800 JavaThread "Cache worker for Artifact transforms cache (E:\Android Projects\gradle\caches\transforms-1)" [_thread_blocked, id=6276, stack(0x0000004584e00000,0x0000004584f00000)]
  0x000002455d744000 JavaThread "Build operations" [_thread_blocked, id=11236, stack(0x0000004584f00000,0x0000004585000000)]
  0x000002455d73f000 JavaThread "Build operations Thread 2" [_thread_blocked, id=8964, stack(0x0000004585000000,0x0000004585100000)]
  0x000002455d745800 JavaThread "Build operations Thread 3" [_thread_blocked, id=11356, stack(0x0000004585100000,0x0000004585200000)]
  0x000002455d740800 JavaThread "Build operations Thread 4" [_thread_blocked, id=6556, stack(0x0000004585200000,0x0000004585300000)]
  0x000002455ead9800 JavaThread "Memory manager" [_thread_blocked, id=2428, stack(0x0000004585300000,0x0000004585400000)]
  0x000002455eada000 JavaThread "Cache worker for file content cache (E:\Android Projects\gradle\caches\4.10.1\fileContent)" [_thread_blocked, id=1764, stack(0x0000004585400000,0x0000004585500000)]
  0x000002455eadb000 JavaThread "Cache worker for file content cache (E:\Android Projects\QueueWindowDisplay Project\WindowDisplayWebservice\.gradle\4.10.1\fileContent)" [_thread_blocked, id=12260, stack(0x0000004585500000,0x0000004585600000)]
  0x000002455ead7800 JavaThread "Task worker for ':'" [_thread_blocked, id=13592, stack(0x0000004585600000,0x0000004585700000)]
  0x000002455eadc000 JavaThread "Task worker for ':' Thread 2" [_thread_blocked, id=1784, stack(0x0000004585700000,0x0000004585800000)]
  0x000002455eade800 JavaThread "Task worker for ':' Thread 3" [_thread_blocked, id=3748, stack(0x0000004585800000,0x0000004585900000)]
  0x000002455ead8800 JavaThread "Cache worker for task history cache (E:\Android Projects\QueueWindowDisplay Project\WindowDisplayWebservice\.gradle\4.10.1\taskHistory)" [_thread_blocked, id=11352, stack(0x0000004585900000,0x0000004585a00000)]
  0x000002455eadc800 JavaThread "Cache worker for Build Output Cleanup Cache (E:\Android Projects\QueueWindowDisplay Project\WindowDisplayWebservice\.gradle\buildOutputCleanup)" [_thread_blocked, id=3040, stack(0x0000004585a00000,0x0000004585b00000)]
  0x000002455d5ff800 JavaThread "Cache worker for Java compile cache (E:\Android Projects\gradle\caches\4.10.1\javaCompile)" [_thread_blocked, id=9632, stack(0x0000004585b00000,0x0000004585c00000)]
  0x000002455d601000 JavaThread "Cache worker for Java compile cache (E:\Android Projects\QueueWindowDisplay Project\WindowDisplayWebservice\.gradle\4.10.1\javaCompile)" [_thread_blocked, id=8212, stack(0x0000004585c00000,0x0000004585d00000)]
  0x000002455d600800 JavaThread "ForkJoinPool.commonPool-worker-3" daemon [_thread_blocked, id=6860, stack(0x0000004585d00000,0x0000004585e00000)]
  0x000002455d5fe000 JavaThread "ForkJoinPool.commonPool-worker-5" daemon [_thread_blocked, id=8776, stack(0x0000004585e00000,0x0000004585f00000)]
  0x000002455d602000 JavaThread "ForkJoinPool.commonPool-worker-7" daemon [_thread_blocked, id=2772, stack(0x0000004585f00000,0x0000004586000000)]
  0x000002455d637800 JavaThread "C2 CompilerThread1" daemon [_thread_in_native, id=7776, stack(0x0000004584300000,0x0000004584400000)]
  0x000002455d603000 JavaThread "ForkJoinPool-1-worker-3" daemon [_thread_blocked, id=9812, stack(0x0000004586000000,0x0000004586100000)]
  0x000002455d5fd000 JavaThread "ForkJoinPool-1-worker-5" daemon [_thread_blocked, id=11960, stack(0x0000004586100000,0x0000004586200000)]
  0x000002455d603800 JavaThread "ForkJoinPool-1-worker-7" daemon [_thread_blocked, id=9848, stack(0x0000004586200000,0x0000004586300000)]
  0x000002455d604800 JavaThread "ForkJoinPool-1-worker-1" daemon [_thread_blocked, id=8640, stack(0x0000004586300000,0x0000004586400000)]

Other Threads:
=>0x0000024559dcd000 VMThread "VM Thread" [stack: 0x0000004583100000,0x0000004583200000] [id=10024]
  0x000002455a906000 WatcherThread [stack: 0x0000004583b00000,0x0000004583c00000] [id=5528]
  0x0000024542092000 GCTaskThread "GC Thread#0" [stack: 0x0000004582c00000,0x0000004582d00000] [id=8148]
  0x000002455b1fd000 GCTaskThread "GC Thread#1" [stack: 0x0000004583d00000,0x0000004583e00000] [id=6900]
  0x000002455b2ac000 GCTaskThread "GC Thread#2" [stack: 0x0000004583e00000,0x0000004583f00000] [id=12732]
  0x000002455b7d4000 GCTaskThread "GC Thread#3" [stack: 0x0000004583f00000,0x0000004584000000] [id=13340]
  0x00000245420ae800 ConcurrentGCThread "G1 Main Marker" [stack: 0x0000004582d00000,0x0000004582e00000] [id=4800]
  0x00000245420b0000 ConcurrentGCThread "G1 Conc#0" [stack: 0x0000004582e00000,0x0000004582f00000] [id=13928]
  0x000002454213e000 ConcurrentGCThread "G1 Refine#0" [stack: 0x0000004582f00000,0x0000004583000000] [id=2064]
  0x0000024562248800 ConcurrentGCThread "G1 Refine#1" [stack: 0x0000004586400000,0x0000004586500000] [id=9208]
  0x000002454213f000 ConcurrentGCThread "G1 Young RemSet Sampling" [stack: 0x0000004583000000,0x0000004583100000] [id=5472]

Threads with active compile tasks:
C2 CompilerThread0  24961 11261       4       com.android.tools.r8.graph.DexCode::collectIndexedItems (176 bytes)
C2 CompilerThread1  24961 11243       4       com.android.tools.r8.dex.VirtualFile$IndexedItemTransaction::addString (17 bytes)

VM state:at safepoint (normal execution)

VM Mutex/Monitor currently owned by a thread:  ([mutex/lock_event])
[0x0000024542076aa0] Threads_lock - owner thread: 0x0000024559dcd000
[0x0000024542076e00] Heap_lock - owner thread: 0x000002455d603000

Heap address: 0x00000000c0000000, size: 1024 MB, Compressed Oops mode: 32-bit
Narrow klass base: 0x0000000000000000, Narrow klass shift: 3
Compressed class space size: 1073741824 Address: 0x0000000100000000

Heap:
 garbage-first heap   total 327680K, used 133285K [0x00000000c0000000, 0x0000000100000000)
  region size 1024K, 2 young (2048K), 2 survivors (2048K)
 Metaspace       used 86859K, capacity 88674K, committed 88832K, reserved 1126400K
  class space    used 10777K, capacity 11432K, committed 11520K, reserved 1048576K
Heap Regions: E=young(eden), S=young(survivor), O=old, HS=humongous(starts), HC=humongous(continues), CS=collection set, F=free, A=archive, TAMS=top-at-mark-start (previous, next)
|   0|0x00000000c0000000, 0x00000000c0100000, 0x00000000c0100000|100%|HS|  |TAMS 0x00000000c0100000, 0x00000000c0100000| Complete 
|   1|0x00000000c0100000, 0x00000000c0200000, 0x00000000c0200000|100%|HC|  |TAMS 0x00000000c0200000, 0x00000000c0200000| Complete 
|   2|0x00000000c0200000, 0x00000000c0300000, 0x00000000c0300000|100%| O|  |TAMS 0x00000000c0300000, 0x00000000c0300000| Untracked 
|   3|0x00000000c0300000, 0x00000000c0400000, 0x00000000c0400000|100%| O|  |TAMS 0x00000000c0400000, 0x00000000c0400000| Untracked 
|   4|0x00000000c0400000, 0x00000000c0500000, 0x00000000c0500000|100%| O|  |TAMS 0x00000000c0500000, 0x00000000c0500000| Untracked 
|   5|0x00000000c0500000, 0x00000000c0600000, 0x00000000c0600000|100%| O|  |TAMS 0x00000000c0600000, 0x00000000c0600000| Untracked 
|   6|0x00000000c0600000, 0x00000000c0700000, 0x00000000c0700000|100%| O|  |TAMS 0x00000000c0700000, 0x00000000c0700000| Untracked 
|   7|0x00000000c0700000, 0x00000000c0800000, 0x00000000c0800000|100%| O|  |TAMS 0x00000000c0800000, 0x00000000c0800000| Untracked 
|   8|0x00000000c0800000, 0x00000000c0900000, 0x00000000c0900000|100%| O|  |TAMS 0x00000000c0900000, 0x00000000c0900000| Untracked 
|   9|0x00000000c0900000, 0x00000000c0a00000, 0x00000000c0a00000|100%| O|  |TAMS 0x00000000c0a00000, 0x00000000c0a00000| Untracked 
|  10|0x00000000c0a00000, 0x00000000c0b00000, 0x00000000c0b00000|100%| O|  |TAMS 0x00000000c0b00000, 0x00000000c0b00000| Untracked 
|  11|0x00000000c0b00000, 0x00000000c0c00000, 0x00000000c0c00000|100%| O|  |TAMS 0x00000000c0c00000, 0x00000000c0c00000| Untracked 
|  12|0x00000000c0c00000, 0x00000000c0d00000, 0x00000000c0d00000|100%| O|  |TAMS 0x00000000c0d00000, 0x00000000c0d00000| Untracked 
|  13|0x00000000c0d00000, 0x00000000c0e00000, 0x00000000c0e00000|100%|HS|  |TAMS 0x00000000c0e00000, 0x00000000c0e00000| Complete 
|  14|0x00000000c0e00000, 0x00000000c0f00000, 0x00000000c0f00000|100%|HC|  |TAMS 0x00000000c0f00000, 0x00000000c0f00000| Complete 
|  15|0x00000000c0f00000, 0x00000000c1000000, 0x00000000c1000000|100%|HS|  |TAMS 0x00000000c1000000, 0x00000000c1000000| Complete 
|  16|0x00000000c1000000, 0x00000000c1100000, 0x00000000c1100000|100%|HC|  |TAMS 0x00000000c1100000, 0x00000000c1100000| Complete 
|  17|0x00000000c1100000, 0x00000000c1200000, 0x00000000c1200000|100%|HC|  |TAMS 0x00000000c1200000, 0x00000000c1200000| Complete 
|  18|0x00000000c1200000, 0x00000000c1300000, 0x00000000c1300000|100%|HS|  |TAMS 0x00000000c1300000, 0x00000000c1300000| Complete 
|  19|0x00000000c1300000, 0x00000000c1400000, 0x00000000c1400000|100%|HC|  |TAMS 0x00000000c1400000, 0x00000000c1400000| Complete 
|  20|0x00000000c1400000, 0x00000000c1500000, 0x00000000c1500000|100%|HC|  |TAMS 0x00000000c1500000, 0x00000000c1500000| Complete 
|  21|0x00000000c1500000, 0x00000000c1600000, 0x00000000c1600000|100%|HC|  |TAMS 0x00000000c1600000, 0x00000000c1600000| Complete 
|  22|0x00000000c1600000, 0x00000000c1700000, 0x00000000c1700000|100%|HC|  |TAMS 0x00000000c1700000, 0x00000000c1700000| Complete 
|  23|0x00000000c1700000, 0x00000000c1800000, 0x00000000c1800000|100%|HS|  |TAMS 0x00000000c1800000, 0x00000000c1800000| Complete 
|  24|0x00000000c1800000, 0x00000000c1900000, 0x00000000c1900000|100%| O|  |TAMS 0x00000000c1900000, 0x00000000c1900000| Untracked 
|  25|0x00000000c1900000, 0x00000000c1a00000, 0x00000000c1a00000|100%| O|  |TAMS 0x00000000c1a00000, 0x00000000c1a00000| Untracked 
|  26|0x00000000c1a00000, 0x00000000c1b00000, 0x00000000c1b00000|100%| O|  |TAMS 0x00000000c1b00000, 0x00000000c1b00000| Untracked 
|  27|0x00000000c1b00000, 0x00000000c1c00000, 0x00000000c1c00000|100%| O|  |TAMS 0x00000000c1c00000, 0x00000000c1c00000| Untracked 
|  28|0x00000000c1c00000, 0x00000000c1d00000, 0x00000000c1d00000|100%| O|  |TAMS 0x00000000c1d00000, 0x00000000c1d00000| Untracked 
|  29|0x00000000c1d00000, 0x00000000c1e00000, 0x00000000c1e00000|100%| O|  |TAMS 0x00000000c1e00000, 0x00000000c1e00000| Untracked 
|  30|0x00000000c1e00000, 0x00000000c1f00000, 0x00000000c1f00000|100%| O|  |TAMS 0x00000000c1f00000, 0x00000000c1f00000| Untracked 
|  31|0x00000000c1f00000, 0x00000000c2000000, 0x00000000c2000000|100%|HS|  |TAMS 0x00000000c2000000, 0x00000000c2000000| Complete 
|  32|0x00000000c2000000, 0x00000000c2100000, 0x00000000c2100000|100%|HC|  |TAMS 0x00000000c2100000, 0x00000000c2100000| Complete 
|  33|0x00000000c2100000, 0x00000000c2200000, 0x00000000c2200000|100%|HC|  |TAMS 0x00000000c2200000, 0x00000000c2200000| Complete 
|  34|0x00000000c2200000, 0x00000000c2300000, 0x00000000c2300000|100%|HS|  |TAMS 0x00000000c2300000, 0x00000000c2300000| Complete 
|  35|0x00000000c2300000, 0x00000000c2400000, 0x00000000c2400000|100%|HC|  |TAMS 0x00000000c2400000, 0x00000000c2400000| Complete 
|  36|0x00000000c2400000, 0x00000000c2500000, 0x00000000c2500000|100%| O|  |TAMS 0x00000000c2500000, 0x00000000c2500000| Untracked 
|  37|0x00000000c2500000, 0x00000000c2600000, 0x00000000c2600000|100%| O|  |TAMS 0x00000000c2600000, 0x00000000c2600000| Untracked 
|  38|0x00000000c2600000, 0x00000000c2700000, 0x00000000c2700000|100%| O|  |TAMS 0x00000000c2700000, 0x00000000c2700000| Untracked 
|  39|0x00000000c2700000, 0x00000000c2800000, 0x00000000c2800000|100%| O|  |TAMS 0x00000000c2800000, 0x00000000c2800000| Untracked 
|  40|0x00000000c2800000, 0x00000000c2900000, 0x00000000c2900000|100%| O|  |TAMS 0x00000000c2900000, 0x00000000c2900000| Untracked 
|  41|0x00000000c2900000, 0x00000000c2a00000, 0x00000000c2a00000|100%| O|  |TAMS 0x00000000c2a00000, 0x00000000c2a00000| Untracked 
|  42|0x00000000c2a00000, 0x00000000c2b00000, 0x00000000c2b00000|100%| O|  |TAMS 0x00000000c2b00000, 0x00000000c2b00000| Untracked 
|  43|0x00000000c2b00000, 0x00000000c2c00000, 0x00000000c2c00000|100%| O|  |TAMS 0x00000000c2c00000, 0x00000000c2c00000| Untracked 
|  44|0x00000000c2c00000, 0x00000000c2d00000, 0x00000000c2d00000|100%| O|  |TAMS 0x00000000c2d00000, 0x00000000c2d00000| Untracked 
|  45|0x00000000c2d00000, 0x00000000c2e00000, 0x00000000c2e00000|100%| O|  |TAMS 0x00000000c2e00000, 0x00000000c2e00000| Untracked 
|  46|0x00000000c2e00000, 0x00000000c2f00000, 0x00000000c2f00000|100%| O|  |TAMS 0x00000000c2f00000, 0x00000000c2f00000| Untracked 
|  47|0x00000000c2f00000, 0x00000000c3000000, 0x00000000c3000000|100%| O|  |TAMS 0x00000000c3000000, 0x00000000c3000000| Untracked 
|  48|0x00000000c3000000, 0x00000000c3100000, 0x00000000c3100000|100%| O|  |TAMS 0x00000000c3100000, 0x00000000c3100000| Untracked 
|  49|0x00000000c3100000, 0x00000000c3200000, 0x00000000c3200000|100%| O|  |TAMS 0x00000000c3200000, 0x00000000c3200000| Untracked 
|  50|0x00000000c3200000, 0x00000000c3300000, 0x00000000c3300000|100%| O|  |TAMS 0x00000000c3300000, 0x00000000c3300000| Untracked 
|  51|0x00000000c3300000, 0x00000000c3400000, 0x00000000c3400000|100%| O|  |TAMS 0x00000000c3400000, 0x00000000c3400000| Untracked 
|  52|0x00000000c3400000, 0x00000000c3500000, 0x00000000c3500000|100%| O|  |TAMS 0x00000000c3500000, 0x00000000c3500000| Untracked 
|  53|0x00000000c3500000, 0x00000000c3600000, 0x00000000c3600000|100%| O|  |TAMS 0x00000000c3600000, 0x00000000c3600000| Untracked 
|  54|0x00000000c3600000, 0x00000000c3700000, 0x00000000c3700000|100%| O|  |TAMS 0x00000000c3700000, 0x00000000c3700000| Untracked 
|  55|0x00000000c3700000, 0x00000000c3800000, 0x00000000c3800000|100%| O|  |TAMS 0x00000000c3800000, 0x00000000c3800000| Untracked 
|  56|0x00000000c3800000, 0x00000000c3900000, 0x00000000c3900000|100%| O|  |TAMS 0x00000000c3900000, 0x00000000c3900000| Untracked 
|  57|0x00000000c3900000, 0x00000000c3a00000, 0x00000000c3a00000|100%| O|  |TAMS 0x00000000c3a00000, 0x00000000c3a00000| Untracked 
|  58|0x00000000c3a00000, 0x00000000c3b00000, 0x00000000c3b00000|100%| O|  |TAMS 0x00000000c3b00000, 0x00000000c3b00000| Untracked 
|  59|0x00000000c3b00000, 0x00000000c3c00000, 0x00000000c3c00000|100%| O|  |TAMS 0x00000000c3c00000, 0x00000000c3c00000| Untracked 
|  60|0x00000000c3c00000, 0x00000000c3d00000, 0x00000000c3d00000|100%| O|  |TAMS 0x00000000c3d00000, 0x00000000c3d00000| Untracked 
|  61|0x00000000c3d00000, 0x00000000c3e00000, 0x00000000c3e00000|100%| O|  |TAMS 0x00000000c3e00000, 0x00000000c3e00000| Untracked 
|  62|0x00000000c3e00000, 0x00000000c3f00000, 0x00000000c3f00000|100%| O|  |TAMS 0x00000000c3f00000, 0x00000000c3f00000| Untracked 
|  63|0x00000000c3f00000, 0x00000000c4000000, 0x00000000c4000000|100%| O|  |TAMS 0x00000000c4000000, 0x00000000c4000000| Untracked 
|  64|0x00000000c4000000, 0x00000000c4100000, 0x00000000c4100000|100%| O|  |TAMS 0x00000000c4100000, 0x00000000c4100000| Untracked 
|  65|0x00000000c4100000, 0x00000000c4200000, 0x00000000c4200000|100%|HS|  |TAMS 0x00000000c4200000, 0x00000000c4200000| Complete 
|  66|0x00000000c4200000, 0x00000000c4300000, 0x00000000c4300000|100%|HC|  |TAMS 0x00000000c4300000, 0x00000000c4300000| Complete 
|  67|0x00000000c4300000, 0x00000000c4400000, 0x00000000c4400000|100%|HC|  |TAMS 0x00000000c4400000, 0x00000000c4400000| Complete 
|  68|0x00000000c4400000, 0x00000000c4500000, 0x00000000c4500000|100%|HC|  |TAMS 0x00000000c4500000, 0x00000000c4500000| Complete 
|  69|0x00000000c4500000, 0x00000000c4600000, 0x00000000c4600000|100%|HC|  |TAMS 0x00000000c4600000, 0x00000000c4600000| Complete 
|  70|0x00000000c4600000, 0x00000000c4700000, 0x00000000c4700000|100%|HS|  |TAMS 0x00000000c4700000, 0x00000000c4700000| Complete 
|  71|0x00000000c4700000, 0x00000000c4800000, 0x00000000c4800000|100%| O|  |TAMS 0x00000000c4800000, 0x00000000c4800000| Untracked 
|  72|0x00000000c4800000, 0x00000000c4900000, 0x00000000c4900000|100%| O|  |TAMS 0x00000000c4900000, 0x00000000c4900000| Untracked 
|  73|0x00000000c4900000, 0x00000000c4a00000, 0x00000000c4a00000|100%| O|  |TAMS 0x00000000c4a00000, 0x00000000c4a00000| Untracked 
|  74|0x00000000c4a00000, 0x00000000c4b00000, 0x00000000c4b00000|100%| O|  |TAMS 0x00000000c4b00000, 0x00000000c4b00000| Untracked 
|  75|0x00000000c4b00000, 0x00000000c4c00000, 0x00000000c4c00000|100%| O|  |TAMS 0x00000000c4c00000, 0x00000000c4c00000| Untracked 
|  76|0x00000000c4c00000, 0x00000000c4d00000, 0x00000000c4d00000|100%| O|  |TAMS 0x00000000c4d00000, 0x00000000c4d00000| Untracked 
|  77|0x00000000c4d00000, 0x00000000c4e00000, 0x00000000c4e00000|100%| O|  |TAMS 0x00000000c4e00000, 0x00000000c4e00000| Untracked 
|  78|0x00000000c4e00000, 0x00000000c4f00000, 0x00000000c4f00000|100%| O|  |TAMS 0x00000000c4f00000, 0x00000000c4f00000| Untracked 
|  79|0x00000000c4f00000, 0x00000000c5000000, 0x00000000c5000000|100%| O|  |TAMS 0x00000000c5000000, 0x00000000c5000000| Untracked 
|  80|0x00000000c5000000, 0x00000000c5100000, 0x00000000c5100000|100%| O|  |TAMS 0x00000000c5100000, 0x00000000c5100000| Untracked 
|  81|0x00000000c5100000, 0x00000000c5200000, 0x00000000c5200000|100%| O|  |TAMS 0x00000000c5200000, 0x00000000c5200000| Untracked 
|  82|0x00000000c5200000, 0x00000000c5300000, 0x00000000c5300000|100%| O|  |TAMS 0x00000000c5300000, 0x00000000c5300000| Untracked 
|  83|0x00000000c5300000, 0x00000000c5400000, 0x00000000c5400000|100%| O|  |TAMS 0x00000000c5400000, 0x00000000c5400000| Untracked 
|  84|0x00000000c5400000, 0x00000000c5500000, 0x00000000c5500000|100%|HS|  |TAMS 0x00000000c5500000, 0x00000000c5500000| Complete 
|  85|0x00000000c5500000, 0x00000000c5600000, 0x00000000c5600000|100%|HC|  |TAMS 0x00000000c5600000, 0x00000000c5600000| Complete 
|  86|0x00000000c5600000, 0x00000000c5700000, 0x00000000c5700000|100%|HC|  |TAMS 0x00000000c5700000, 0x00000000c5700000| Complete 
|  87|0x00000000c5700000, 0x00000000c5800000, 0x00000000c5800000|100%|HC|  |TAMS 0x00000000c5800000, 0x00000000c5800000| Complete 
|  88|0x00000000c5800000, 0x00000000c5900000, 0x00000000c5900000|100%|HC|  |TAMS 0x00000000c5900000, 0x00000000c5900000| Complete 
|  89|0x00000000c5900000, 0x00000000c5a00000, 0x00000000c5a00000|100%| O|  |TAMS 0x00000000c5a00000, 0x00000000c5a00000| Untracked 
|  90|0x00000000c5a00000, 0x00000000c5b00000, 0x00000000c5b00000|100%| O|  |TAMS 0x00000000c5b00000, 0x00000000c5b00000| Untracked 
|  91|0x00000000c5b00000, 0x00000000c5c00000, 0x00000000c5c00000|100%| O|  |TAMS 0x00000000c5c00000, 0x00000000c5c00000| Untracked 
|  92|0x00000000c5c00000, 0x00000000c5d00000, 0x00000000c5d00000|100%| O|  |TAMS 0x00000000c5d00000, 0x00000000c5d00000| Untracked 
|  93|0x00000000c5d00000, 0x00000000c5e00000, 0x00000000c5e00000|100%| O|  |TAMS 0x00000000c5e00000, 0x00000000c5e00000| Untracked 
|  94|0x00000000c5e00000, 0x00000000c5f00000, 0x00000000c5f00000|100%| O|  |TAMS 0x00000000c5f00000, 0x00000000c5f00000| Untracked 
|  95|0x00000000c5f00000, 0x00000000c6000000, 0x00000000c6000000|100%| O|  |TAMS 0x00000000c6000000, 0x00000000c6000000| Untracked 
|  96|0x00000000c6000000, 0x00000000c6100000, 0x00000000c6100000|100%| O|  |TAMS 0x00000000c6100000, 0x00000000c6100000| Untracked 
|  97|0x00000000c6100000, 0x00000000c6200000, 0x00000000c6200000|100%| O|  |TAMS 0x00000000c6200000, 0x00000000c6200000| Untracked 
|  98|0x00000000c6200000, 0x00000000c6300000, 0x00000000c6300000|100%| O|  |TAMS 0x00000000c6300000, 0x00000000c6300000| Untracked 
|  99|0x00000000c6300000, 0x00000000c6400000, 0x00000000c6400000|100%| O|  |TAMS 0x00000000c6400000, 0x00000000c6400000| Untracked 
| 100|0x00000000c6400000, 0x00000000c6500000, 0x00000000c6500000|100%| O|  |TAMS 0x00000000c6500000, 0x00000000c6500000| Untracked 
| 101|0x00000000c6500000, 0x00000000c6600000, 0x00000000c6600000|100%| O|  |TAMS 0x00000000c65dfa00, 0x00000000c6600000| Untracked 
| 102|0x00000000c6600000, 0x00000000c6700000, 0x00000000c6700000|100%| O|  |TAMS 0x00000000c6600000, 0x00000000c6700000| Untracked 
| 103|0x00000000c6700000, 0x00000000c6800000, 0x00000000c6800000|100%| O|  |TAMS 0x00000000c6700000, 0x00000000c6800000| Untracked 
| 104|0x00000000c6800000, 0x00000000c6900000, 0x00000000c6900000|100%| O|  |TAMS 0x00000000c6800000, 0x00000000c6900000| Untracked 
| 105|0x00000000c6900000, 0x00000000c6a00000, 0x00000000c6a00000|100%| O|  |TAMS 0x00000000c6900000, 0x00000000c6a00000| Untracked 
| 106|0x00000000c6a00000, 0x00000000c6b00000, 0x00000000c6b00000|100%| O|  |TAMS 0x00000000c6a00000, 0x00000000c6b00000| Untracked 
| 107|0x00000000c6b00000, 0x00000000c6c00000, 0x00000000c6c00000|100%| O|  |TAMS 0x00000000c6b00000, 0x00000000c6c00000| Untracked 
| 108|0x00000000c6c00000, 0x00000000c6d00000, 0x00000000c6d00000|100%| O|  |TAMS 0x00000000c6c00000, 0x00000000c6d00000| Untracked 
| 109|0x00000000c6d00000, 0x00000000c6e00000, 0x00000000c6e00000|100%| O|  |TAMS 0x00000000c6d00000, 0x00000000c6e00000| Untracked 
| 110|0x00000000c6e00000, 0x00000000c6f00000, 0x00000000c6f00000|100%| O|  |TAMS 0x00000000c6e00000, 0x00000000c6f00000| Untracked 
| 111|0x00000000c6f00000, 0x00000000c7000000, 0x00000000c7000000|100%| O|  |TAMS 0x00000000c6f00000, 0x00000000c7000000| Untracked 
| 112|0x00000000c7000000, 0x00000000c7100000, 0x00000000c7100000|100%| O|  |TAMS 0x00000000c7000000, 0x00000000c7100000| Untracked 
| 113|0x00000000c7100000, 0x00000000c7200000, 0x00000000c7200000|100%| O|  |TAMS 0x00000000c7100000, 0x00000000c7200000| Untracked 
| 114|0x00000000c7200000, 0x00000000c7300000, 0x00000000c7300000|100%| O|  |TAMS 0x00000000c7200000, 0x00000000c7300000| Untracked 
| 115|0x00000000c7300000, 0x00000000c7400000, 0x00000000c7400000|100%| O|  |TAMS 0x00000000c7300000, 0x00000000c7400000| Untracked 
| 116|0x00000000c7400000, 0x00000000c7500000, 0x00000000c7500000|100%| O|  |TAMS 0x00000000c7400000, 0x00000000c7500000| Untracked 
| 117|0x00000000c7500000, 0x00000000c7600000, 0x00000000c7600000|100%| O|  |TAMS 0x00000000c7500000, 0x00000000c7600000| Untracked 
| 118|0x00000000c7600000, 0x00000000c7700000, 0x00000000c7700000|100%| O|  |TAMS 0x00000000c7600000, 0x00000000c7700000| Untracked 
| 119|0x00000000c7700000, 0x00000000c7800000, 0x00000000c7800000|100%| O|  |TAMS 0x00000000c7700000, 0x00000000c7800000| Untracked 
| 120|0x00000000c7800000, 0x00000000c7900000, 0x00000000c7900000|100%| O|  |TAMS 0x00000000c7800000, 0x00000000c7900000| Untracked 
| 121|0x00000000c7900000, 0x00000000c7a00000, 0x00000000c7a00000|100%| O|  |TAMS 0x00000000c7900000, 0x00000000c7a00000| Untracked 
| 122|0x00000000c7a00000, 0x00000000c7b00000, 0x00000000c7b00000|100%| O|  |TAMS 0x00000000c7a00000, 0x00000000c7b00000| Untracked 
| 123|0x00000000c7b00000, 0x00000000c7c00000, 0x00000000c7c00000|100%| O|  |TAMS 0x00000000c7b00000, 0x00000000c7c00000| Untracked 
| 124|0x00000000c7c00000, 0x00000000c7d00000, 0x00000000c7d00000|100%|HS|  |TAMS 0x00000000c7c00000, 0x00000000c7c00000| Complete 
| 125|0x00000000c7d00000, 0x00000000c7e00000, 0x00000000c7e00000|100%| O|  |TAMS 0x00000000c7d00000, 0x00000000c7d00000| Untracked 
| 126|0x00000000c7e00000, 0x00000000c7f00000, 0x00000000c7f00000|100%| O|  |TAMS 0x00000000c7e00000, 0x00000000c7e00000| Untracked 
| 127|0x00000000c7f00000, 0x00000000c8000000, 0x00000000c8000000|100%| O|  |TAMS 0x00000000c7f00000, 0x00000000c7f00000| Untracked 
| 128|0x00000000c8000000, 0x00000000c8029400, 0x00000000c8100000| 16%| O|  |TAMS 0x00000000c8000000, 0x00000000c8000000| Untracked 
| 129|0x00000000c8100000, 0x00000000c8100000, 0x00000000c8200000|  0%| F|  |TAMS 0x00000000c8100000, 0x00000000c8100000| Untracked 
| 130|0x00000000c8200000, 0x00000000c8200000, 0x00000000c8300000|  0%| F|  |TAMS 0x00000000c8200000, 0x00000000c8200000| Untracked 
| 131|0x00000000c8300000, 0x00000000c8300000, 0x00000000c8400000|  0%| F|  |TAMS 0x00000000c8300000, 0x00000000c8300000| Untracked 
| 132|0x00000000c8400000, 0x00000000c8400000, 0x00000000c8500000|  0%| F|  |TAMS 0x00000000c8400000, 0x00000000c8400000| Untracked 
| 133|0x00000000c8500000, 0x00000000c8500000, 0x00000000c8600000|  0%| F|  |TAMS 0x00000000c8500000, 0x00000000c8500000| Untracked 
| 134|0x00000000c8600000, 0x00000000c8600000, 0x00000000c8700000|  0%| F|  |TAMS 0x00000000c8600000, 0x00000000c8600000| Untracked 
| 135|0x00000000c8700000, 0x00000000c8700000, 0x00000000c8800000|  0%| F|  |TAMS 0x00000000c8700000, 0x00000000c8700000| Untracked 
| 136|0x00000000c8800000, 0x00000000c8800000, 0x00000000c8900000|  0%| F|  |TAMS 0x00000000c8800000, 0x00000000c8800000| Untracked 
| 137|0x00000000c8900000, 0x00000000c8900000, 0x00000000c8a00000|  0%| F|  |TAMS 0x00000000c8900000, 0x00000000c8900000| Untracked 
| 138|0x00000000c8a00000, 0x00000000c8a00000, 0x00000000c8b00000|  0%| F|  |TAMS 0x00000000c8a00000, 0x00000000c8a00000| Untracked 
| 139|0x00000000c8b00000, 0x00000000c8b00000, 0x00000000c8c00000|  0%| F|  |TAMS 0x00000000c8b00000, 0x00000000c8b00000| Untracked 
| 140|0x00000000c8c00000, 0x00000000c8c00000, 0x00000000c8d00000|  0%| F|  |TAMS 0x00000000c8c00000, 0x00000000c8c00000| Untracked 
| 141|0x00000000c8d00000, 0x00000000c8d00000, 0x00000000c8e00000|  0%| F|  |TAMS 0x00000000c8d00000, 0x00000000c8d00000| Untracked 
| 142|0x00000000c8e00000, 0x00000000c8e00000, 0x00000000c8f00000|  0%| F|  |TAMS 0x00000000c8e00000, 0x00000000c8e00000| Untracked 
| 143|0x00000000c8f00000, 0x00000000c8f00000, 0x00000000c9000000|  0%| F|  |TAMS 0x00000000c8f00000, 0x00000000c8f00000| Untracked 
| 144|0x00000000c9000000, 0x00000000c9000000, 0x00000000c9100000|  0%| F|  |TAMS 0x00000000c9000000, 0x00000000c9000000| Untracked 
| 145|0x00000000c9100000, 0x00000000c9100000, 0x00000000c9200000|  0%| F|  |TAMS 0x00000000c9100000, 0x00000000c9100000| Untracked 
| 146|0x00000000c9200000, 0x00000000c9200000, 0x00000000c9300000|  0%| F|  |TAMS 0x00000000c9200000, 0x00000000c9200000| Untracked 
| 147|0x00000000c9300000, 0x00000000c9300000, 0x00000000c9400000|  0%| F|  |TAMS 0x00000000c9300000, 0x00000000c9300000| Untracked 
| 148|0x00000000c9400000, 0x00000000c9400000, 0x00000000c9500000|  0%| F|  |TAMS 0x00000000c9400000, 0x00000000c9400000| Untracked 
| 149|0x00000000c9500000, 0x00000000c9600000, 0x00000000c9600000|100%| S|CS|TAMS 0x00000000c9500000, 0x00000000c9500000| Complete 
| 150|0x00000000c9600000, 0x00000000c9600000, 0x00000000c9700000|  0%| F|  |TAMS 0x00000000c9600000, 0x00000000c9600000| Untracked 
| 151|0x00000000c9700000, 0x00000000c9700000, 0x00000000c9800000|  0%| F|  |TAMS 0x00000000c9700000, 0x00000000c9700000| Untracked 
| 152|0x00000000c9800000, 0x00000000c9900000, 0x00000000c9900000|100%| S|CS|TAMS 0x00000000c9800000, 0x00000000c9800000| Complete 
| 153|0x00000000c9900000, 0x00000000c9900000, 0x00000000c9a00000|  0%| F|  |TAMS 0x00000000c9900000, 0x00000000c9900000| Untracked 
| 154|0x00000000c9a00000, 0x00000000c9a00000, 0x00000000c9b00000|  0%| F|  |TAMS 0x00000000c9a00000, 0x00000000c9a00000| Untracked 
| 155|0x00000000c9b00000, 0x00000000c9b00000, 0x00000000c9c00000|  0%| F|  |TAMS 0x00000000c9b00000, 0x00000000c9b00000| Untracked 
| 156|0x00000000c9c00000, 0x00000000c9c00000, 0x00000000c9d00000|  0%| F|  |TAMS 0x00000000c9c00000, 0x00000000c9c00000| Untracked 
| 157|0x00000000c9d00000, 0x00000000c9d00000, 0x00000000c9e00000|  0%| F|  |TAMS 0x00000000c9d00000, 0x00000000c9d00000| Untracked 
| 158|0x00000000c9e00000, 0x00000000c9e00000, 0x00000000c9f00000|  0%| F|  |TAMS 0x00000000c9e00000, 0x00000000c9e00000| Untracked 
| 159|0x00000000c9f00000, 0x00000000c9f00000, 0x00000000ca000000|  0%| F|  |TAMS 0x00000000c9f00000, 0x00000000c9f00000| Untracked 

Card table byte_map: [0x00000245553c0000,0x00000245555c0000] _byte_map_base: 0x0000024554dc0000

Marking Bits (Prev, Next): (CMBitMap*) 0x00000245420a9878, (CMBitMap*) 0x00000245420a98b0
 Prev Bits: [0x00000245557c0000, 0x00000245567c0000)
 Next Bits: [0x00000245567c0000, 0x00000245577c0000)

Polling page: 0x0000024540790000

Metaspace:

Usage:
  Non-class:     75.43 MB capacity,    74.30 MB ( 98%) used,   964.46 KB (  1%) free+waste,   195.81 KB ( <1%) overhead. 
      Class:     11.16 MB capacity,    10.53 MB ( 94%) used,   567.41 KB (  5%) free+waste,    86.88 KB ( <1%) overhead. 
       Both:     86.60 MB capacity,    84.82 MB ( 98%) used,     1.50 MB (  2%) free+waste,   282.69 KB ( <1%) overhead. 

Virtual space:
  Non-class space:       76.00 MB reserved,      75.50 MB (>99%) committed 
      Class space:        1.00 GB reserved,      11.25 MB (  1%) committed 
             Both:        1.07 GB reserved,      86.75 MB (  8%) committed 

Chunk freelists:
   Non-Class:  6.00 KB
       Class:  24.00 KB
        Both:  30.00 KB

MaxMetaspaceSize: 17179869184.00 GB
CompressedClassSpaceSize: 1.00 GB
Initial GC threshold: 20.80 MB
Current GC threshold: 144.17 MB
CDS: off

CodeHeap 'non-profiled nmethods': size=120064Kb used=5760Kb max_used=5760Kb free=114303Kb
 bounds [0x000002454d660000, 0x000002454dc10000, 0x0000024554ba0000]
CodeHeap 'profiled nmethods': size=120000Kb used=24616Kb max_used=24616Kb free=95383Kb
 bounds [0x0000024546130000, 0x0000024547940000, 0x000002454d660000]
CodeHeap 'non-nmethods': size=5696Kb used=2360Kb max_used=2417Kb free=3335Kb
 bounds [0x0000024545ba0000, 0x0000024545e10000, 0x0000024546130000]
 total_blobs=12005 nmethods=11128 adapters=789
 compilation: enabled
              stopped_count=0, restarted_count=0
 full_count=0

Compilation events (20 events):
Event: 24.852 Thread 0x000002455d637800 11071       4       com.android.tools.r8.graph.DexField::layeredCompareTo (50 bytes)
Event: 24.852 Thread 0x000002455a758800 nmethod 11285 0x0000024547934f90 code [0x0000024547935160, 0x00000245479352e8]
Event: 24.852 Thread 0x000002455a758800 11286       2       com.android.tools.r8.dex.VirtualFile$VirtualFileIndexedItemCollection::addClass (11 bytes)
Event: 24.852 Thread 0x000002455a758800 nmethod 11286 0x0000024547935410 code [0x00000245479355c0, 0x00000245479356e8]
Event: 24.854 Thread 0x000002455d637800 nmethod 11071 0x000002454dbfff10 code [0x000002454dc000a0, 0x000002454dc001b8]
Event: 24.854 Thread 0x000002455d637800 11243       4       com.android.tools.r8.dex.VirtualFile$IndexedItemTransaction::addString (17 bytes)
Event: 24.861 Thread 0x000002455a758800 11288 %     3       java.lang.Iterable::forEach @ 12 (39 bytes)
Event: 24.862 Thread 0x000002455a758800 nmethod 11288% 0x0000024547935790 code [0x00000245479359a0, 0x0000024547936008]
Event: 24.862 Thread 0x000002455a758800 11289       3       java.lang.Iterable::forEach (39 bytes)
Event: 24.863 Thread 0x000002455a758800 nmethod 11289 0x0000024547936210 code [0x0000024547936420, 0x0000024547936a08]
Event: 24.876 Thread 0x000002455a758800 11291       2       com.android.tools.r8.dex.VirtualFile$IndexedItemTransaction$$Lambda$619/0x0000000100ad2040::apply (15 bytes)
Event: 24.877 Thread 0x000002455a758800 nmethod 11291 0x0000024547936c10 code [0x0000024547936de0, 0x0000024547936f68]
Event: 24.882 Thread 0x000002455a758800 11292 %     3       java.util.IdentityHashMap::resize @ 58 (153 bytes)
Event: 24.883 Thread 0x000002455a758800 nmethod 11292% 0x0000024547937090 code [0x0000024547937300, 0x00000245479381b8]
Event: 24.883 Thread 0x000002455a758800 11293       3       java.util.IdentityHashMap::resize (153 bytes)
Event: 24.884 Thread 0x000002455a758800 nmethod 11293 0x0000024547938690 code [0x0000024547938900, 0x0000024547939678]
Event: 24.905 Thread 0x000002455a758800 11296       2       com.android.tools.r8.dex.VirtualFile$IndexedItemTransaction$$Lambda$620/0x0000000100ad2440::apply (15 bytes)
Event: 24.905 Thread 0x000002455a758800 nmethod 11296 0x0000024547939a10 code [0x0000024547939be0, 0x0000024547939d68]
Event: 24.914 Thread 0x000002455a758800 11297       2       com.android.tools.r8.dex.VirtualFile$IndexedItemTransaction$$Lambda$621/0x0000000100ad2840::apply (15 bytes)
Event: 24.914 Thread 0x000002455a758800 nmethod 11297 0x0000024547939e90 code [0x000002454793a060, 0x000002454793a1e8]

GC Heap History (20 events):
Event: 22.888 GC heap after
{Heap after GC invocations=34 (full 0):
 garbage-first heap   total 131072K, used 81521K [0x00000000c0000000, 0x0000000100000000)
  region size 1024K, 2 young (2048K), 2 survivors (2048K)
 Metaspace       used 85377K, capacity 87214K, committed 87296K, reserved 1126400K
  class space    used 10563K, capacity 11204K, committed 11264K, reserved 1048576K
}
Event: 23.148 GC heap before
{Heap before GC invocations=34 (full 0):
 garbage-first heap   total 131072K, used 109169K [0x00000000c0000000, 0x0000000100000000)
  region size 1024K, 19 young (19456K), 2 survivors (2048K)
 Metaspace       used 85399K, capacity 87192K, committed 87296K, reserved 1126400K
  class space    used 10562K, capacity 11196K, committed 11264K, reserved 1048576K
}
Event: 23.167 GC heap after
{Heap after GC invocations=35 (full 0):
 garbage-first heap   total 131072K, used 95521K [0x00000000c0000000, 0x0000000100000000)
  region size 1024K, 3 young (3072K), 3 survivors (3072K)
 Metaspace       used 85399K, capacity 87192K, committed 87296K, reserved 1126400K
  class space    used 10562K, capacity 11196K, committed 11264K, reserved 1048576K
}
Event: 23.312 GC heap before
{Heap before GC invocations=36 (full 0):
 garbage-first heap   total 131072K, used 104737K [0x00000000c0000000, 0x0000000100000000)
  region size 1024K, 13 young (13312K), 3 survivors (3072K)
 Metaspace       used 86098K, capacity 87873K, committed 87936K, reserved 1126400K
  class space    used 10730K, capacity 11359K, committed 11392K, reserved 1048576K
}
Event: 23.332 GC heap after
{Heap after GC invocations=37 (full 0):
 garbage-first heap   total 131072K, used 99529K [0x00000000c0000000, 0x0000000100000000)
  region size 1024K, 2 young (2048K), 2 survivors (2048K)
 Metaspace       used 86098K, capacity 87873K, committed 87936K, reserved 1126400K
  class space    used 10730K, capacity 11359K, committed 11392K, reserved 1048576K
}
Event: 23.460 GC heap before
{Heap before GC invocations=37 (full 0):
 garbage-first heap   total 131072K, used 103625K [0x00000000c0000000, 0x0000000100000000)
  region size 1024K, 6 young (6144K), 2 survivors (2048K)
 Metaspace       used 86470K, capacity 88266K, committed 88576K, reserved 1126400K
  class space    used 10772K, capacity 11431K, committed 11520K, reserved 1048576K
}
Event: 23.473 GC heap after
{Heap after GC invocations=38 (full 0):
 garbage-first heap   total 131072K, used 101041K [0x00000000c0000000, 0x0000000100000000)
  region size 1024K, 1 young (1024K), 1 survivors (1024K)
 Metaspace       used 86470K, capacity 88266K, committed 88576K, reserved 1126400K
  class space    used 10772K, capacity 11431K, committed 11520K, reserved 1048576K
}
Event: 23.583 GC heap before
{Heap before GC invocations=38 (full 0):
 garbage-first heap   total 131072K, used 107185K [0x00000000c0000000, 0x0000000100000000)
  region size 1024K, 8 young (8192K), 1 survivors (1024K)
 Metaspace       used 86501K, capacity 88330K, committed 88576K, reserved 1126400K
  class space    used 10772K, capacity 11431K, committed 11520K, reserved 1048576K
}
Event: 23.595 GC heap after
{Heap after GC invocations=39 (full 0):
 garbage-first heap   total 131072K, used 105342K [0x00000000c0000000, 0x0000000100000000)
  region size 1024K, 1 young (1024K), 1 survivors (1024K)
 Metaspace       used 86501K, capacity 88330K, committed 88576K, reserved 1126400K
  class space    used 10772K, capacity 11431K, committed 11520K, reserved 1048576K
}
Event: 23.670 GC heap before
{Heap before GC invocations=39 (full 0):
 garbage-first heap   total 131072K, used 110462K [0x00000000c0000000, 0x0000000100000000)
  region size 1024K, 6 young (6144K), 1 survivors (1024K)
 Metaspace       used 86510K, capacity 88330K, committed 88576K, reserved 1126400K
  class space    used 10772K, capacity 11431K, committed 11520K, reserved 1048576K
}
Event: 23.679 GC heap after
{Heap after GC invocations=40 (full 0):
 garbage-first heap   total 131072K, used 108544K [0x00000000c0000000, 0x0000000100000000)
  region size 1024K, 1 young (1024K), 1 survivors (1024K)
 Metaspace       used 86510K, capacity 88330K, committed 88576K, reserved 1126400K
  class space    used 10772K, capacity 11431K, committed 11520K, reserved 1048576K
}
Event: 23.808 GC heap before
{Heap before GC invocations=40 (full 0):
 garbage-first heap   total 131072K, used 112640K [0x00000000c0000000, 0x0000000100000000)
  region size 1024K, 6 young (6144K), 1 survivors (1024K)
 Metaspace       used 86566K, capacity 88394K, committed 88576K, reserved 1126400K
  class space    used 10772K, capacity 11431K, committed 11520K, reserved 1048576K
}
Event: 23.821 GC heap after
{Heap after GC invocations=41 (full 0):
 garbage-first heap   total 163840K, used 111769K [0x00000000c0000000, 0x0000000100000000)
  region size 1024K, 1 young (1024K), 1 survivors (1024K)
 Metaspace       used 86566K, capacity 88394K, committed 88576K, reserved 1126400K
  class space    used 10772K, capacity 11431K, committed 11520K, reserved 1048576K
}
Event: 23.973 GC heap before
{Heap before GC invocations=41 (full 0):
 garbage-first heap   total 163840K, used 124057K [0x00000000c0000000, 0x0000000100000000)
  region size 1024K, 14 young (14336K), 1 survivors (1024K)
 Metaspace       used 86596K, capacity 88398K, committed 88576K, reserved 1126400K
  class space    used 10772K, capacity 11431K, committed 11520K, reserved 1048576K
}
Event: 23.994 GC heap after
{Heap after GC invocations=42 (full 0):
 garbage-first heap   total 163840K, used 119956K [0x00000000c0000000, 0x0000000100000000)
  region size 1024K, 2 young (2048K), 2 survivors (2048K)
 Metaspace       used 86596K, capacity 88398K, committed 88576K, reserved 1126400K
  class space    used 10772K, capacity 11431K, committed 11520K, reserved 1048576K
}
Event: 24.363 GC heap before
{Heap before GC invocations=43 (full 0):
 garbage-first heap   total 163840K, used 129172K [0x00000000c0000000, 0x0000000100000000)
  region size 1024K, 12 young (12288K), 2 survivors (2048K)
 Metaspace       used 86734K, capacity 88534K, committed 88832K, reserved 1126400K
  class space    used 10775K, capacity 11431K, committed 11520K, reserved 1048576K
}
Event: 24.393 GC heap after
{Heap after GC invocations=44 (full 0):
 garbage-first heap   total 163840K, used 125779K [0x00000000c0000000, 0x0000000100000000)
  region size 1024K, 2 young (2048K), 2 survivors (2048K)
 Metaspace       used 86734K, capacity 88534K, committed 88832K, reserved 1126400K
  class space    used 10775K, capacity 11431K, committed 11520K, reserved 1048576K
}
Event: 24.653 GC heap before
{Heap before GC invocations=44 (full 0):
 garbage-first heap   total 163840K, used 133971K [0x00000000c0000000, 0x0000000100000000)
  region size 1024K, 10 young (10240K), 2 survivors (2048K)
 Metaspace       used 86844K, capacity 88670K, committed 88832K, reserved 1126400K
  class space    used 10777K, capacity 11432K, committed 11520K, reserved 1048576K
}
Event: 24.671 GC heap after
{Heap after GC invocations=45 (full 0):
 garbage-first heap   total 163840K, used 129024K [0x00000000c0000000, 0x0000000100000000)
  region size 1024K, 2 young (2048K), 2 survivors (2048K)
 Metaspace       used 86844K, capacity 88670K, committed 88832K, reserved 1126400K
  class space    used 10777K, capacity 11432K, committed 11520K, reserved 1048576K
}
Event: 24.915 GC heap before
{Heap before GC invocations=45 (full 0):
 garbage-first heap   total 163840K, used 136192K [0x00000000c0000000, 0x0000000100000000)
  region size 1024K, 9 young (9216K), 2 survivors (2048K)
 Metaspace       used 86859K, capacity 88674K, committed 88832K, reserved 1126400K
  class space    used 10777K, capacity 11432K, committed 11520K, reserved 1048576K
}

Deoptimization events (20 events):
Event: 24.513 Thread 0x000002455d603000 DEOPT PACKING pc=0x00000245478fbe9d sp=0x00000045860fe3a0
Event: 24.513 Thread 0x000002455d603000 DEOPT UNPACKING pc=0x0000024545bea95e sp=0x00000045860fd890 mode 0
Event: 24.515 Thread 0x000002455d603000 DEOPT PACKING pc=0x00000245478fbe9d sp=0x00000045860fe3a0
Event: 24.515 Thread 0x000002455d603000 DEOPT UNPACKING pc=0x0000024545bea95e sp=0x00000045860fd890 mode 0
Event: 24.522 Thread 0x000002455d603000 Uncommon trap: trap_request=0xffffffd6 fr.pc=0x000002454db79454 relative=0x0000000000000794
Event: 24.522 Thread 0x000002455d603000 Uncommon trap: reason=array_check action=maybe_recompile pc=0x000002454db79454 method=java.util.TimSort.binarySort([Ljava/lang/Object;IIILjava/util/Comparator;)V @ 193 c2
Event: 24.522 Thread 0x000002455d603000 DEOPT PACKING pc=0x000002454db79454 sp=0x00000045860fe360
Event: 24.522 Thread 0x000002455d603000 DEOPT UNPACKING pc=0x0000024545bea1af sp=0x00000045860fe308 mode 2
Event: 24.523 Thread 0x000002455d603000 Uncommon trap: trap_request=0xffffffd6 fr.pc=0x000002454db79454 relative=0x0000000000000794
Event: 24.523 Thread 0x000002455d603000 Uncommon trap: reason=array_check action=maybe_recompile pc=0x000002454db79454 method=java.util.TimSort.binarySort([Ljava/lang/Object;IIILjava/util/Comparator;)V @ 193 c2
Event: 24.523 Thread 0x000002455d603000 DEOPT PACKING pc=0x000002454db79454 sp=0x00000045860fe360
Event: 24.523 Thread 0x000002455d603000 DEOPT UNPACKING pc=0x0000024545bea1af sp=0x00000045860fe308 mode 2
Event: 24.524 Thread 0x000002455d603000 Uncommon trap: trap_request=0xffffffd6 fr.pc=0x000002454db79454 relative=0x0000000000000794
Event: 24.524 Thread 0x000002455d603000 Uncommon trap: reason=array_check action=maybe_recompile pc=0x000002454db79454 method=java.util.TimSort.binarySort([Ljava/lang/Object;IIILjava/util/Comparator;)V @ 193 c2
Event: 24.524 Thread 0x000002455d603000 DEOPT PACKING pc=0x000002454db79454 sp=0x00000045860fe360
Event: 24.524 Thread 0x000002455d603000 DEOPT UNPACKING pc=0x0000024545bea1af sp=0x00000045860fe308 mode 2
Event: 24.597 Thread 0x000002455d603000 DEOPT PACKING pc=0x00000245479194ef sp=0x00000045860fe200
Event: 24.597 Thread 0x000002455d603000 DEOPT UNPACKING pc=0x0000024545bea95e sp=0x00000045860fd778 mode 0
Event: 24.863 Thread 0x000002455d603000 DEOPT PACKING pc=0x000002454742b9b3 sp=0x00000045860fe620
Event: 24.863 Thread 0x000002455d603000 DEOPT UNPACKING pc=0x0000024545bea95e sp=0x00000045860fdae8 mode 0

Classes redefined (0 events):
No events

Internal exceptions (20 events):
Event: 18.501 Thread 0x000002455eade800 Exception <a 'sun/nio/fs/WindowsException'{0x00000000c72fd880}> (0x00000000c72fd880) thrown at [./src/hotspot/share/prims/jni.cpp, line 616]
Event: 18.543 Thread 0x000002455eade800 Exception <a 'sun/nio/fs/WindowsException'{0x00000000c7f255c8}> (0x00000000c7f255c8) thrown at [./src/hotspot/share/prims/jni.cpp, line 616]
Event: 18.561 Thread 0x000002455eade800 Exception <a 'sun/nio/fs/WindowsException'{0x00000000c7f39e70}> (0x00000000c7f39e70) thrown at [./src/hotspot/share/prims/jni.cpp, line 616]
Event: 18.567 Thread 0x000002455eade800 Exception <a 'sun/nio/fs/WindowsException'{0x00000000c7f3d9e8}> (0x00000000c7f3d9e8) thrown at [./src/hotspot/share/prims/jni.cpp, line 616]
Event: 18.587 Thread 0x000002455eade800 Exception <a 'sun/nio/fs/WindowsException'{0x00000000c7f48a78}> (0x00000000c7f48a78) thrown at [./src/hotspot/share/prims/jni.cpp, line 616]
Event: 21.376 Thread 0x000002455d5fe000 Exception <a 'java/lang/NoSuchMethodError'{0x00000000c7ab9738}: 'int java.lang.invoke.DirectMethodHandle$Holder.invokeSpecialIFC(java.lang.Object, java.lang.Object, java.lang.Object, java.lang.Object)'> (0x00000000c7ab9738) thrown at [./src/hotspot/share/interpreter/linkResolver.cpp, line 773]
Event: 21.376 Thread 0x000002455d600800 Exception <a 'java/lang/NoSuchMethodError'{0x00000000c7ac04e8}: 'int java.lang.invoke.DirectMethodHandle$Holder.invokeSpecialIFC(java.lang.Object, java.lang.Object, java.lang.Object, java.lang.Object)'> (0x00000000c7ac04e8) thrown at [./src/hotspot/share/interpreter/linkResolver.cpp, line 773]
Event: 21.434 Thread 0x000002455d5fe000 Exception <a 'sun/nio/fs/WindowsException'{0x00000000c78b0408}> (0x00000000c78b0408) thrown at [./src/hotspot/share/prims/jni.cpp, line 616]
Event: 21.722 Thread 0x000002455d5fe000 Exception <a 'java/lang/NoSuchMethodError'{0x00000000c738b230}: 'java.lang.Object java.lang.invoke.DirectMethodHandle$Holder.newInvokeSpecial(java.lang.Object, java.lang.Object, java.lang.Object, java.lang.Object, java.lang.Object, java.lang.Object, java.lang.Object, java.lang.Object, java.lang.Object, java.lang.Object, java.lang.Object, java.lang.Object, java.lang.Object, java.lang.Object, java.lang.Object, int)'> (0x00000000c738b230) thrown at [./src/hotspot/share/interpreter/linkResolver.cpp, line 773]
Event: 22.054 Thread 0x000002455d5fe000 Exception <a 'java/lang/NoSuchMethodError'{0x00000000c7c70570}: 'void java.lang.invoke.DirectMethodHandle$Holder.invokeStaticInit(java.lang.Object, java.lang.Object, java.lang.Object)'> (0x00000000c7c70570) thrown at [./src/hotspot/share/interpreter/linkResolver.cpp, line 773]
Event: 22.421 Thread 0x000002455d5fe000 Exception <a 'java/lang/NoSuchMethodError'{0x00000000c731f948}: 'java.lang.Object java.lang.invoke.DirectMethodHandle$Holder.newInvokeSpecial(java.lang.Object, int)'> (0x00000000c731f948) thrown at [./src/hotspot/share/interpreter/linkResolver.cpp, line 773]
Event: 22.470 Thread 0x000002455d5fe000 Implicit null exception at 0x000002454db622dc to 0x000002454db62334
Event: 22.625 Thread 0x000002455d5fe000 Exception <a 'java/lang/NoSuchMethodError'{0x00000000c7f21708}: 'void java.lang.invoke.DirectMethodHandle$Holder.invokeVirtual(java.lang.Object, java.lang.Object, int)'> (0x00000000c7f21708) thrown at [./src/hotspot/share/interpreter/linkResolver.cpp, line 773]
Event: 22.661 Thread 0x000002455d5fe000 Exception <a 'sun/nio/fs/WindowsException'{0x00000000c7fa0ac8}> (0x00000000c7fa0ac8) thrown at [./src/hotspot/share/prims/jni.cpp, line 616]
Event: 22.666 Thread 0x000002455d5fe000 Exception <a 'sun/nio/fs/WindowsException'{0x00000000c7fb0228}> (0x00000000c7fb0228) thrown at [./src/hotspot/share/prims/jni.cpp, line 616]
Event: 22.861 Thread 0x000002455d603000 Exception <a 'sun/nio/fs/WindowsException'{0x00000000c7f07528}> (0x00000000c7f07528) thrown at [./src/hotspot/share/prims/jni.cpp, line 616]
Event: 23.336 Thread 0x000002455d5fd000 Implicit null exception at 0x000002454d77474f to 0x000002454d77483c
Event: 23.336 Thread 0x000002455d604800 Implicit null exception at 0x000002454d77474f to 0x000002454d77483c
Event: 23.336 Thread 0x000002455d603000 Implicit null exception at 0x000002454d77474f to 0x000002454d77483c
Event: 23.336 Thread 0x000002455d603800 Implicit null exception at 0x000002454d77474f to 0x000002454d77483c

Events (20 events):
Event: 24.222 loading class com/android/tools/r8/com/google/gson/internal/JsonReaderInternalAccess done
Event: 24.222 loading class com/android/tools/r8/com/google/gson/stream/JsonReader$1
Event: 24.222 loading class com/android/tools/r8/com/google/gson/stream/JsonReader$1 done
Event: 24.224 loading class com/android/tools/r8/com/google/gson/stream/JsonToken
Event: 24.224 loading class com/android/tools/r8/com/google/gson/stream/JsonToken done
Event: 24.224 loading class com/android/tools/r8/com/google/gson/internal/bind/TypeAdapters$36
Event: 24.224 loading class com/android/tools/r8/com/google/gson/internal/bind/TypeAdapters$36 done
Event: 24.363 Executing VM operation: G1CollectForAllocation
Event: 24.393 Executing VM operation: G1CollectForAllocation done
Event: 24.560 loading class com/android/tools/r8/com/google/common/collect/Collections2
Event: 24.560 loading class com/android/tools/r8/com/google/common/collect/Collections2 done
Event: 24.561 loading class com/android/tools/r8/naming/ClassNameMapper
Event: 24.561 loading class com/android/tools/r8/naming/ClassNameMapper done
Event: 24.562 loading class com/android/tools/r8/naming/ProguardMap
Event: 24.562 loading class com/android/tools/r8/naming/ProguardMap done
Event: 24.563 loading class com/android/tools/r8/graph/DexProgramClass
Event: 24.563 loading class com/android/tools/r8/graph/DexProgramClass done
Event: 24.653 Executing VM operation: G1CollectForAllocation
Event: 24.671 Executing VM operation: G1CollectForAllocation done
Event: 24.915 Executing VM operation: G1CollectForAllocation


Dynamic libraries:
0x00007ff6f9060000 - 0x00007ff6f906a000 	E:\Android Setup\jre\bin\java.exe
0x00007fff60530000 - 0x00007fff60728000 	C:\Windows\SYSTEM32\ntdll.dll
0x00007fff5fdf0000 - 0x00007fff5feaf000 	C:\Windows\System32\KERNEL32.DLL
0x00007fff5df70000 - 0x00007fff5e266000 	C:\Windows\System32\KERNELBASE.dll
0x00007fff5de20000 - 0x00007fff5df20000 	C:\Windows\System32\ucrtbase.dll
0x00007fff594b0000 - 0x00007fff594c7000 	E:\Android Setup\jre\bin\VCRUNTIME140.dll
0x00007fff594d0000 - 0x00007fff594e9000 	E:\Android Setup\jre\bin\jli.dll
0x00007fff60350000 - 0x00007fff604ed000 	C:\Windows\System32\USER32.dll
0x00007fff5dd50000 - 0x00007fff5dd72000 	C:\Windows\System32\win32u.dll
0x00007fff3c1c0000 - 0x00007fff3c45a000 	C:\Windows\WinSxS\amd64_microsoft.windows.common-controls_6595b64144ccf1df_6.0.19041.1110_none_60b5254171f9507e\COMCTL32.dll
0x00007fff5ead0000 - 0x00007fff5eafc000 	C:\Windows\System32\GDI32.dll
0x00007fff5e470000 - 0x00007fff5e585000 	C:\Windows\System32\gdi32full.dll
0x00007fff602b0000 - 0x00007fff6034e000 	C:\Windows\System32\msvcrt.dll
0x00007fff5dd80000 - 0x00007fff5de1d000 	C:\Windows\System32\msvcp_win.dll
0x00007fff5f2f0000 - 0x00007fff5f320000 	C:\Windows\System32\IMM32.DLL
0x00007fff556b0000 - 0x00007fff5574d000 	E:\Android Setup\jre\bin\msvcp140.dll
0x00007ffedb920000 - 0x00007ffedc422000 	E:\Android Setup\jre\bin\server\jvm.dll
0x00007fff5f220000 - 0x00007fff5f2cf000 	C:\Windows\System32\ADVAPI32.dll
0x00007fff5fd50000 - 0x00007fff5fdec000 	C:\Windows\System32\sechost.dll
0x00007fff5f060000 - 0x00007fff5f186000 	C:\Windows\System32\RPCRT4.dll
0x00007fff5fd40000 - 0x00007fff5fd48000 	C:\Windows\System32\PSAPI.DLL
0x00007fff44c20000 - 0x00007fff44c29000 	C:\Windows\SYSTEM32\WSOCK32.dll
0x00007fff36980000 - 0x00007fff369a7000 	C:\Windows\SYSTEM32\WINMM.dll
0x00007fff5c350000 - 0x00007fff5c35a000 	C:\Windows\SYSTEM32\VERSION.dll
0x00007fff5eb00000 - 0x00007fff5eb6b000 	C:\Windows\System32\WS2_32.dll
0x00007fff5c450000 - 0x00007fff5c462000 	C:\Windows\SYSTEM32\kernel.appcore.dll
0x00007fff2bfd0000 - 0x00007fff2bfe1000 	E:\Android Setup\jre\bin\verify.dll
0x00007fff4eae0000 - 0x00007fff4ecc4000 	C:\Windows\SYSTEM32\DBGHELP.DLL
0x00007fff44c60000 - 0x00007fff44c94000 	C:\Windows\SYSTEM32\dbgcore.DLL
0x00007fff5dc10000 - 0x00007fff5dc92000 	C:\Windows\System32\bcryptPrimitives.dll
0x00007fff2bfa0000 - 0x00007fff2bfc9000 	E:\Android Setup\jre\bin\java.dll
0x00007fff37d60000 - 0x00007fff37d6b000 	E:\Android Setup\jre\bin\jimage.dll
0x00007fff29e70000 - 0x00007fff29e88000 	E:\Android Setup\jre\bin\zip.dll
0x00007fff5f4d0000 - 0x00007fff5fc14000 	C:\Windows\System32\SHELL32.dll
0x00007fff5bba0000 - 0x00007fff5c333000 	C:\Windows\SYSTEM32\windows.storage.dll
0x00007fff5eca0000 - 0x00007fff5eff4000 	C:\Windows\System32\combase.dll
0x00007fff5d580000 - 0x00007fff5d5ae000 	C:\Windows\SYSTEM32\Wldp.dll
0x00007fff60130000 - 0x00007fff601dd000 	C:\Windows\System32\SHCORE.dll
0x00007fff5ff90000 - 0x00007fff5ffe5000 	C:\Windows\System32\shlwapi.dll
0x00007fff5db50000 - 0x00007fff5db6f000 	C:\Windows\SYSTEM32\profapi.dll
0x00007fff2bff0000 - 0x00007fff2c00a000 	E:\Android Setup\jre\bin\net.dll
0x00007fff550e0000 - 0x00007fff551ea000 	C:\Windows\SYSTEM32\WINHTTP.dll
0x00007fff5d2e0000 - 0x00007fff5d34a000 	C:\Windows\system32\mswsock.dll
0x00007fff29e50000 - 0x00007fff29e64000 	E:\Android Setup\jre\bin\nio.dll
0x00007fff560e0000 - 0x00007fff560fe000 	E:\Android Projects\gradle\native\25\windows-amd64\native-platform.dll
0x00007fff2bf90000 - 0x00007fff2bf9a000 	E:\Android Setup\jre\bin\management.dll
0x00007fff29e40000 - 0x00007fff29e4d000 	E:\Android Setup\jre\bin\management_ext.dll
0x00007fff5d4d0000 - 0x00007fff5d4e8000 	C:\Windows\SYSTEM32\CRYPTSP.dll
0x00007fff5cc00000 - 0x00007fff5cc34000 	C:\Windows\system32\rsaenh.dll
0x00007fff5e270000 - 0x00007fff5e297000 	C:\Windows\System32\bcrypt.dll
0x00007fff5dad0000 - 0x00007fff5dafe000 	C:\Windows\SYSTEM32\USERENV.dll
0x00007fff5d4f0000 - 0x00007fff5d4fc000 	C:\Windows\SYSTEM32\CRYPTBASE.dll
0x00007fff5cfd0000 - 0x00007fff5d00c000 	C:\Windows\SYSTEM32\IPHLPAPI.DLL
0x00007fff5f2e0000 - 0x00007fff5f2e8000 	C:\Windows\System32\NSI.dll
0x00007fff55d10000 - 0x00007fff55d27000 	C:\Windows\SYSTEM32\dhcpcsvc6.DLL
0x00007fff56310000 - 0x00007fff5632d000 	C:\Windows\SYSTEM32\dhcpcsvc.DLL
0x00007fff5d060000 - 0x00007fff5d12a000 	C:\Windows\SYSTEM32\DNSAPI.dll

dbghelp: loaded successfully - version: 4.0.5 - missing functions: none
symbol engine: initialized successfully - sym options: 0x614 - pdb path: .;E:\Android Setup\jre\bin;C:\Windows\SYSTEM32;C:\Windows\WinSxS\amd64_microsoft.windows.common-controls_6595b64144ccf1df_6.0.19041.1110_none_60b5254171f9507e;E:\Android Setup\jre\bin\server;E:\Android Projects\gradle\native\25\windows-amd64

VM Arguments:
jvm_args: --add-opens=java.base/java.util=ALL-UNNAMED -XX:+HeapDumpOnOutOfMemoryError -Xmx1024m -Dfile.encoding=windows-1252 -Duser.country=US -Duser.language=en -Duser.variant 
java_command: org.gradle.launcher.daemon.bootstrap.GradleDaemon 4.10.1
java_class_path (initial): E:\Android Projects\gradle\wrapper\dists\gradle-4.10.1-all\455itskqi2qtf0v2sja68alqd\gradle-4.10.1\lib\gradle-launcher-4.10.1.jar
Launcher Type: SUN_STANDARD

[Global flags]
     intx CICompilerCount                          = 3                                         {product} {ergonomic}
     uint ConcGCThreads                            = 1                                         {product} {ergonomic}
     uint G1ConcRefinementThreads                  = 4                                         {product} {ergonomic}
   size_t G1HeapRegionSize                         = 1048576                                   {product} {ergonomic}
    uintx GCDrainStackTargetSize                   = 64                                        {product} {ergonomic}
     bool HeapDumpOnOutOfMemoryError               = true                                   {manageable} {command line}
   size_t InitialHeapSize                          = 134217728                                 {product} {ergonomic}
   size_t MarkStackSize                            = 4194304                                   {product} {ergonomic}
   size_t MaxHeapSize                              = 1073741824                                {product} {command line}
   size_t MaxNewSize                               = 643825664                                 {product} {ergonomic}
   size_t MinHeapDeltaBytes                        = 1048576                                   {product} {ergonomic}
    uintx NonNMethodCodeHeapSize                   = 5830732                                {pd product} {ergonomic}
    uintx NonProfiledCodeHeapSize                  = 122913754                              {pd product} {ergonomic}
    uintx ProfiledCodeHeapSize                     = 122913754                              {pd product} {ergonomic}
    uintx ReservedCodeCacheSize                    = 251658240                              {pd product} {ergonomic}
     bool SegmentedCodeCache                       = true                                      {product} {ergonomic}
     bool UseCompressedClassPointers               = true                                 {lp64_product} {ergonomic}
     bool UseCompressedOops                        = true                                 {lp64_product} {ergonomic}
     bool UseG1GC                                  = true                                      {product} {ergonomic}
     bool UseLargePagesIndividualAllocation        = false                                  {pd product} {ergonomic}

Logging:
Log output configuration:
 #0: stdout all=warning uptime,level,tags
 #1: stderr all=off uptime,level,tags

Environment Variables:
JAVA_HOME=C:\Program Files\Java\jdk1.8.0_351
PATH=C:\Windows\system32;C:\Windows;C:\Windows\System32\Wbem;C:\Windows\System32\WindowsPowerShell\v1.0\;C:\Windows\System32\OpenSSH\;E:\nodejs;C:\Program Files\Java\jdk1.8.0_351\bin;C:\Program Files (x86)\Common Files\Oracle\Java\javapath;C:\Program Files\Common Files\Oracle\Java\javapath;C:\Gradle\gradle-7.6\bin;E:\Android sdk\tools;E:\Android sdk\platform-tools;C:\Program Files\Git\cmd;C:\Users\WIN 10\AppData\Local\Microsoft\WindowsApps;"C:\Users\WIN 10\AppData\Roaming\npm;E:\phonegap setup\apache-ant-1.10.3\bin";
USERNAME=WIN 10
OS=Windows_NT
PROCESSOR_IDENTIFIER=Intel64 Family 6 Model 78 Stepping 3, GenuineIntel



---------------  S Y S T E M  ---------------

OS: Windows 10 , 64 bit Build 19041 (10.0.19041.3031)
OS uptime: 0 days 0:56 hours

CPU:total 4 (initial active 4) (2 cores per cpu, 2 threads per core) family 6 model 78 stepping 3 microcode 0xf0, cmov, cx8, fxsr, mmx, sse, sse2, sse3, ssse3, sse4.1, sse4.2, popcnt, avx, avx2, aes, clmul, erms, rtm, 3dnowpref, lzcnt, ht, tsc, tscinvbit, bmi1, bmi2, adx, fma

Memory: 4k page, system-wide physical 8071M (647M free)
TotalPageFile size 10119M (AvailPageFile size 72M)
current process WorkingSet (physical memory assigned to process): 388M, peak: 390M
current process commit charge ("private bytes"): 433M, peak: 592M

vm_info: OpenJDK 64-Bit Server VM (11.0.13+0-b1751.21-8125866) for windows-amd64 JRE (11.0.13+0-b1751.21-8125866), built on Feb  2 2022 03:00:22 by "builder" with MS VC++ 14.0 (VS2015)

END.
