#
# There is insufficient memory for the Java Runtime Environment to continue.
# Native memory allocation (malloc) failed to allocate 1287696 bytes for Chunk::new
# Possible reasons:
#   The system is out of physical RAM or swap space
#   The process is running with CompressedOops enabled, and the Java Heap may be blocking the growth of the native heap
# Possible solutions:
#   Reduce memory load on the system
#   Increase physical memory or swap space
#   Check if swap backing store is full
#   Decrease Java heap size (-Xmx/-Xms)
#   Decrease number of Java threads
#   Decrease Java thread stack sizes (-Xss)
#   Set larger code cache with -XX:ReservedCodeCacheSize=
#   JVM is running with Unscaled Compressed Oops mode in which the Java heap is
#     placed in the first 4GB address space. The Java Heap base address is the
#     maximum limit for the native heap growth. Please use -XX:HeapBaseMinAddress
#     to set the Java Heap base and to place the Java Heap above 4GB virtual address.
# This output file may be truncated or incomplete.
#
#  Out of Memory Error (./src/hotspot/share/memory/arena.cpp:197), pid=6956, tid=6372
#
# JRE version: OpenJDK Runtime Environment (11.0.13) (build 11.0.13+0-b1751.21-8125866)
# Java VM: OpenJDK 64-Bit Server VM (11.0.13+0-b1751.21-8125866, mixed mode, tiered, compressed oops, g1 gc, windows-amd64)
# No core dump will be written. Minidumps are not enabled by default on client versions of Windows
#

---------------  S U M M A R Y ------------

Command Line: --add-opens=java.base/java.util=ALL-UNNAMED -XX:+HeapDumpOnOutOfMemoryError -Xmx1024m -Dfile.encoding=windows-1252 -Duser.country=US -Duser.language=en -Duser.variant org.gradle.launcher.daemon.bootstrap.GradleDaemon 4.10.1

Host: Intel(R) Core(TM) i5-6300U CPU @ 2.40GHz, 4 cores, 7G,  Windows 10 , 64 bit Build 19041 (10.0.19041.3031)
Time: Mon Mar 18 18:49:04 2024 India Standard Time elapsed time: 59.309123 seconds (0d 0h 0m 59s)

---------------  T H R E A D  ---------------

Current thread (0x0000021d7fb17800):  JavaThread "C2 CompilerThread0" daemon [_thread_in_native, id=6372, stack(0x000000d23a700000,0x000000d23a800000)]


Current CompileTask:
C2:  59309 8507       4       org.gradle.internal.reflect.MethodSet::add (44 bytes)

Stack: [0x000000d23a700000,0x000000d23a800000]
Native frames: (J=compiled Java code, j=interpreted, Vv=VM code, C=native code)
V  [jvm.dll+0x6100fa]
V  [jvm.dll+0x747090]
V  [jvm.dll+0x7486ad]
V  [jvm.dll+0x748d83]
V  [jvm.dll+0x24ab48]
V  [jvm.dll+0xc04dc]
V  [jvm.dll+0xc0a0c]
V  [jvm.dll+0x35eb5b]
V  [jvm.dll+0x32b833]
V  [jvm.dll+0x32ad2a]
V  [jvm.dll+0x2032b2]
V  [jvm.dll+0x202437]
V  [jvm.dll+0x188e01]
V  [jvm.dll+0x21106b]
V  [jvm.dll+0x20f8c1]
V  [jvm.dll+0x70de0f]
V  [jvm.dll+0x706a75]
V  [jvm.dll+0x60ed66]
C  [ucrtbase.dll+0x21bb2]
C  [KERNEL32.DLL+0x17614]
C  [ntdll.dll+0x526f1]


---------------  P R O C E S S  ---------------

Threads class SMR info:
_java_thread_list=0x0000021d06b90830, length=29, elements={
0x0000021d69dc9800, 0x0000021d7faed000, 0x0000021d7faef000, 0x0000021d7fb0e000,
0x0000021d7fb11000, 0x0000021d7fb12800, 0x0000021d7fb17800, 0x0000021d7fb1d800,
0x0000021d7fb1f000, 0x0000021d02969800, 0x0000021d02a81800, 0x0000021d03f5a000,
0x0000021d042f8800, 0x0000021d03cfa800, 0x0000021d03cfb800, 0x0000021d0349f800,
0x0000021d04483000, 0x0000021d04512800, 0x0000021d03f29800, 0x0000021d03e55800,
0x0000021d04423000, 0x0000021d04424000, 0x0000021d04427000, 0x0000021d04428000,
0x0000021d04422800, 0x0000021d04b24800, 0x0000021d04b25000, 0x0000021d04b27000,
0x0000021d04b22800
}

Java Threads: ( => current thread )
  0x0000021d69dc9800 JavaThread "main" [_thread_blocked, id=6608, stack(0x000000d239b00000,0x000000d239c00000)]
  0x0000021d7faed000 JavaThread "Reference Handler" daemon [_thread_blocked, id=9032, stack(0x000000d23a200000,0x000000d23a300000)]
  0x0000021d7faef000 JavaThread "Finalizer" daemon [_thread_blocked, id=2148, stack(0x000000d23a300000,0x000000d23a400000)]
  0x0000021d7fb0e000 JavaThread "Signal Dispatcher" daemon [_thread_blocked, id=1720, stack(0x000000d23a400000,0x000000d23a500000)]
  0x0000021d7fb11000 JavaThread "Attach Listener" daemon [_thread_blocked, id=13320, stack(0x000000d23a500000,0x000000d23a600000)]
  0x0000021d7fb12800 JavaThread "Service Thread" daemon [_thread_blocked, id=7088, stack(0x000000d23a600000,0x000000d23a700000)]
=>0x0000021d7fb17800 JavaThread "C2 CompilerThread0" daemon [_thread_in_native, id=6372, stack(0x000000d23a700000,0x000000d23a800000)]
  0x0000021d7fb1d800 JavaThread "C1 CompilerThread0" daemon [_thread_blocked, id=13868, stack(0x000000d23a800000,0x000000d23a900000)]
  0x0000021d7fb1f000 JavaThread "Sweeper thread" daemon [_thread_blocked, id=5460, stack(0x000000d23a900000,0x000000d23aa00000)]
  0x0000021d02969800 JavaThread "Common-Cleaner" daemon [_thread_blocked, id=6984, stack(0x000000d23aa00000,0x000000d23ab00000)]
  0x0000021d02a81800 JavaThread "Incoming local TCP Connector on port 51257" [_thread_in_native, id=9744, stack(0x000000d23ac00000,0x000000d23ad00000)]
  0x0000021d03f5a000 JavaThread "Daemon periodic checks" [_thread_blocked, id=11912, stack(0x000000d23af00000,0x000000d23b000000)]
  0x0000021d042f8800 JavaThread "Daemon" [_thread_blocked, id=6848, stack(0x000000d23b000000,0x000000d23b100000)]
  0x0000021d03cfa800 JavaThread "Handler for socket connection from /127.0.0.1:51257 to /127.0.0.1:51259" [_thread_in_native, id=7132, stack(0x000000d23b100000,0x000000d23b200000)]
  0x0000021d03cfb800 JavaThread "Cancel handler" [_thread_blocked, id=5048, stack(0x000000d23b200000,0x000000d23b300000)]
  0x0000021d0349f800 JavaThread "Daemon worker" [_thread_in_Java, id=11032, stack(0x000000d23b300000,0x000000d23b400000)]
  0x0000021d04483000 JavaThread "Asynchronous log dispatcher for DefaultDaemonConnection: socket connection from /127.0.0.1:51257 to /127.0.0.1:51259" [_thread_blocked, id=10596, stack(0x000000d23b400000,0x000000d23b500000)]
  0x0000021d04512800 JavaThread "Stdin handler" [_thread_blocked, id=776, stack(0x000000d23b500000,0x000000d23b600000)]
  0x0000021d03f29800 JavaThread "Cache worker for file hash cache (E:\Android Projects\gradle\caches\4.10.1\fileHashes)" [_thread_blocked, id=11240, stack(0x000000d23b700000,0x000000d23b800000)]
  0x0000021d03e55800 JavaThread "File lock request listener" [_thread_in_native, id=9292, stack(0x000000d23b800000,0x000000d23b900000)]
  0x0000021d04423000 JavaThread "Cache worker for file hash cache (E:\Android Projects\QueueWindowDisplay Project\WindowDisplayWebservice\.gradle\4.10.1\fileHashes)" [_thread_blocked, id=13632, stack(0x000000d23ba00000,0x000000d23bb00000)]
  0x0000021d04424000 JavaThread "Cache worker for journal cache (E:\Android Projects\gradle\caches\journal-1)" [_thread_blocked, id=6988, stack(0x000000d23bb00000,0x000000d23bc00000)]
  0x0000021d04427000 JavaThread "Cache worker for cache directory md-supplier (E:\Android Projects\gradle\caches\4.10.1\md-supplier)" [_thread_blocked, id=10172, stack(0x000000d23bd00000,0x000000d23be00000)]
  0x0000021d04428000 JavaThread "Cache worker for cache directory md-rule (E:\Android Projects\gradle\caches\4.10.1\md-rule)" [_thread_blocked, id=8892, stack(0x000000d23be00000,0x000000d23bf00000)]
  0x0000021d04422800 JavaThread "Cache worker for Artifact transforms cache (E:\Android Projects\gradle\caches\transforms-1)" [_thread_blocked, id=6712, stack(0x000000d23bf00000,0x000000d23c000000)]
  0x0000021d04b24800 JavaThread "Build operations" [_thread_blocked, id=4196, stack(0x000000d23c100000,0x000000d23c200000)]
  0x0000021d04b25000 JavaThread "Build operations Thread 2" [_thread_blocked, id=4404, stack(0x000000d23c200000,0x000000d23c300000)]
  0x0000021d04b27000 JavaThread "Build operations Thread 3" [_thread_blocked, id=8616, stack(0x000000d23c300000,0x000000d23c400000)]
  0x0000021d04b22800 JavaThread "Build operations Thread 4" [_thread_blocked, id=7824, stack(0x000000d23c400000,0x000000d23c500000)]

Other Threads:
  0x0000021d7fae8000 VMThread "VM Thread" [stack: 0x000000d23a100000,0x000000d23a200000] [id=2216]
  0x0000021d029a6800 WatcherThread [stack: 0x000000d23ab00000,0x000000d23ac00000] [id=14284]
  0x0000021d69de2800 GCTaskThread "GC Thread#0" [stack: 0x000000d239c00000,0x000000d239d00000] [id=8840]
  0x0000021d03390800 GCTaskThread "GC Thread#1" [stack: 0x000000d23ad00000,0x000000d23ae00000] [id=6664]
  0x0000021d0312a800 GCTaskThread "GC Thread#2" [stack: 0x000000d23ae00000,0x000000d23af00000] [id=3636]
  0x0000021d0353f800 GCTaskThread "GC Thread#3" [stack: 0x000000d23b600000,0x000000d23b700000] [id=14164]
  0x0000021d69dfd800 ConcurrentGCThread "G1 Main Marker" [stack: 0x000000d239d00000,0x000000d239e00000] [id=1528]
  0x0000021d69dff000 ConcurrentGCThread "G1 Conc#0" [stack: 0x000000d239e00000,0x000000d239f00000] [id=9968]
  0x0000021d69e8c000 ConcurrentGCThread "G1 Refine#0" [stack: 0x000000d239f00000,0x000000d23a000000] [id=11416]
  0x0000021d067b9800 ConcurrentGCThread "G1 Refine#1" [stack: 0x000000d23bc00000,0x000000d23bd00000] [id=6408]
  0x0000021d69e8d000 ConcurrentGCThread "G1 Young RemSet Sampling" [stack: 0x000000d23a000000,0x000000d23a100000] [id=7236]

Threads with active compile tasks:
C2 CompilerThread0  59401 8507       4       org.gradle.internal.reflect.MethodSet::add (44 bytes)

VM state:not at safepoint (normal execution)

VM Mutex/Monitor currently owned by a thread: None

Heap address: 0x00000000c0000000, size: 1024 MB, Compressed Oops mode: 32-bit
Narrow klass base: 0x0000000000000000, Narrow klass shift: 3
Compressed class space size: 1073741824 Address: 0x0000000100000000

Heap:
 garbage-first heap   total 131072K, used 110957K [0x00000000c0000000, 0x0000000100000000)
  region size 1024K, 10 young (10240K), 1 survivors (1024K)
 Metaspace       used 79717K, capacity 81428K, committed 81536K, reserved 1120256K
  class space    used 9807K, capacity 10343K, committed 10368K, reserved 1048576K
Heap Regions: E=young(eden), S=young(survivor), O=old, HS=humongous(starts), HC=humongous(continues), CS=collection set, F=free, A=archive, TAMS=top-at-mark-start (previous, next)
|   0|0x00000000c0000000, 0x00000000c0100000, 0x00000000c0100000|100%|HS|  |TAMS 0x00000000c0100000, 0x00000000c0000000| Complete 
|   1|0x00000000c0100000, 0x00000000c0200000, 0x00000000c0200000|100%|HC|  |TAMS 0x00000000c0200000, 0x00000000c0100000| Complete 
|   2|0x00000000c0200000, 0x00000000c0300000, 0x00000000c0300000|100%| O|  |TAMS 0x00000000c0300000, 0x00000000c0200000| Untracked 
|   3|0x00000000c0300000, 0x00000000c0400000, 0x00000000c0400000|100%| O|  |TAMS 0x00000000c0400000, 0x00000000c0300000| Untracked 
|   4|0x00000000c0400000, 0x00000000c0500000, 0x00000000c0500000|100%| O|  |TAMS 0x00000000c0500000, 0x00000000c0400000| Untracked 
|   5|0x00000000c0500000, 0x00000000c0600000, 0x00000000c0600000|100%| O|  |TAMS 0x00000000c0600000, 0x00000000c0500000| Untracked 
|   6|0x00000000c0600000, 0x00000000c0700000, 0x00000000c0700000|100%| O|  |TAMS 0x00000000c0700000, 0x00000000c0600000| Untracked 
|   7|0x00000000c0700000, 0x00000000c0800000, 0x00000000c0800000|100%| O|  |TAMS 0x00000000c0800000, 0x00000000c0700000| Untracked 
|   8|0x00000000c0800000, 0x00000000c0900000, 0x00000000c0900000|100%| O|  |TAMS 0x00000000c0900000, 0x00000000c0800000| Untracked 
|   9|0x00000000c0900000, 0x00000000c0a00000, 0x00000000c0a00000|100%| O|  |TAMS 0x00000000c0a00000, 0x00000000c0900000| Untracked 
|  10|0x00000000c0a00000, 0x00000000c0b00000, 0x00000000c0b00000|100%| O|  |TAMS 0x00000000c0b00000, 0x00000000c0a00000| Untracked 
|  11|0x00000000c0b00000, 0x00000000c0c00000, 0x00000000c0c00000|100%| O|  |TAMS 0x00000000c0c00000, 0x00000000c0b00000| Untracked 
|  12|0x00000000c0c00000, 0x00000000c0d00000, 0x00000000c0d00000|100%| O|  |TAMS 0x00000000c0d00000, 0x00000000c0c00000| Untracked 
|  13|0x00000000c0d00000, 0x00000000c0e00000, 0x00000000c0e00000|100%|HS|  |TAMS 0x00000000c0e00000, 0x00000000c0d00000| Complete 
|  14|0x00000000c0e00000, 0x00000000c0f00000, 0x00000000c0f00000|100%|HC|  |TAMS 0x00000000c0f00000, 0x00000000c0e00000| Complete 
|  15|0x00000000c0f00000, 0x00000000c1000000, 0x00000000c1000000|100%|HS|  |TAMS 0x00000000c1000000, 0x00000000c0f00000| Complete 
|  16|0x00000000c1000000, 0x00000000c1100000, 0x00000000c1100000|100%|HC|  |TAMS 0x00000000c1100000, 0x00000000c1000000| Complete 
|  17|0x00000000c1100000, 0x00000000c1200000, 0x00000000c1200000|100%|HC|  |TAMS 0x00000000c1200000, 0x00000000c1100000| Complete 
|  18|0x00000000c1200000, 0x00000000c1300000, 0x00000000c1300000|100%|HS|  |TAMS 0x00000000c1300000, 0x00000000c1200000| Complete 
|  19|0x00000000c1300000, 0x00000000c1400000, 0x00000000c1400000|100%|HC|  |TAMS 0x00000000c1400000, 0x00000000c1300000| Complete 
|  20|0x00000000c1400000, 0x00000000c1500000, 0x00000000c1500000|100%|HC|  |TAMS 0x00000000c1500000, 0x00000000c1400000| Complete 
|  21|0x00000000c1500000, 0x00000000c1600000, 0x00000000c1600000|100%|HS|  |TAMS 0x00000000c1600000, 0x00000000c1500000| Complete 
|  22|0x00000000c1600000, 0x00000000c1700000, 0x00000000c1700000|100%|HC|  |TAMS 0x00000000c1700000, 0x00000000c1600000| Complete 
|  23|0x00000000c1700000, 0x00000000c1800000, 0x00000000c1800000|100%|HC|  |TAMS 0x00000000c1800000, 0x00000000c1700000| Complete 
|  24|0x00000000c1800000, 0x00000000c1900000, 0x00000000c1900000|100%|HC|  |TAMS 0x00000000c1900000, 0x00000000c1800000| Complete 
|  25|0x00000000c1900000, 0x00000000c1a00000, 0x00000000c1a00000|100%|HS|  |TAMS 0x00000000c1a00000, 0x00000000c1900000| Complete 
|  26|0x00000000c1a00000, 0x00000000c1b00000, 0x00000000c1b00000|100%|HC|  |TAMS 0x00000000c1b00000, 0x00000000c1a00000| Complete 
|  27|0x00000000c1b00000, 0x00000000c1c00000, 0x00000000c1c00000|100%|HC|  |TAMS 0x00000000c1c00000, 0x00000000c1b00000| Complete 
|  28|0x00000000c1c00000, 0x00000000c1d00000, 0x00000000c1d00000|100%|HC|  |TAMS 0x00000000c1d00000, 0x00000000c1c00000| Complete 
|  29|0x00000000c1d00000, 0x00000000c1e00000, 0x00000000c1e00000|100%|HC|  |TAMS 0x00000000c1e00000, 0x00000000c1d00000| Complete 
|  30|0x00000000c1e00000, 0x00000000c1f00000, 0x00000000c1f00000|100%| O|  |TAMS 0x00000000c1f00000, 0x00000000c1e00000| Untracked 
|  31|0x00000000c1f00000, 0x00000000c2000000, 0x00000000c2000000|100%| O|  |TAMS 0x00000000c2000000, 0x00000000c1f00000| Untracked 
|  32|0x00000000c2000000, 0x00000000c2100000, 0x00000000c2100000|100%| O|  |TAMS 0x00000000c2100000, 0x00000000c2000000| Untracked 
|  33|0x00000000c2100000, 0x00000000c2200000, 0x00000000c2200000|100%| O|  |TAMS 0x00000000c2200000, 0x00000000c2100000| Untracked 
|  34|0x00000000c2200000, 0x00000000c2300000, 0x00000000c2300000|100%| O|  |TAMS 0x00000000c2300000, 0x00000000c2200000| Untracked 
|  35|0x00000000c2300000, 0x00000000c2400000, 0x00000000c2400000|100%|HS|  |TAMS 0x00000000c2400000, 0x00000000c2300000| Complete 
|  36|0x00000000c2400000, 0x00000000c2500000, 0x00000000c2500000|100%| O|  |TAMS 0x00000000c2500000, 0x00000000c2400000| Untracked 
|  37|0x00000000c2500000, 0x00000000c2600000, 0x00000000c2600000|100%| O|  |TAMS 0x00000000c2600000, 0x00000000c2500000| Untracked 
|  38|0x00000000c2600000, 0x00000000c2700000, 0x00000000c2700000|100%| O|  |TAMS 0x00000000c2700000, 0x00000000c2600000| Untracked 
|  39|0x00000000c2700000, 0x00000000c2800000, 0x00000000c2800000|100%| O|  |TAMS 0x00000000c2800000, 0x00000000c2700000| Untracked 
|  40|0x00000000c2800000, 0x00000000c2900000, 0x00000000c2900000|100%| O|  |TAMS 0x00000000c2900000, 0x00000000c2800000| Untracked 
|  41|0x00000000c2900000, 0x00000000c2a00000, 0x00000000c2a00000|100%| O|  |TAMS 0x00000000c2a00000, 0x00000000c2900000| Untracked 
|  42|0x00000000c2a00000, 0x00000000c2b00000, 0x00000000c2b00000|100%| O|  |TAMS 0x00000000c2b00000, 0x00000000c2a00000| Untracked 
|  43|0x00000000c2b00000, 0x00000000c2c00000, 0x00000000c2c00000|100%| O|  |TAMS 0x00000000c2c00000, 0x00000000c2b00000| Untracked 
|  44|0x00000000c2c00000, 0x00000000c2d00000, 0x00000000c2d00000|100%| O|  |TAMS 0x00000000c2d00000, 0x00000000c2c00000| Untracked 
|  45|0x00000000c2d00000, 0x00000000c2e00000, 0x00000000c2e00000|100%| O|  |TAMS 0x00000000c2e00000, 0x00000000c2d00000| Untracked 
|  46|0x00000000c2e00000, 0x00000000c2f00000, 0x00000000c2f00000|100%| O|  |TAMS 0x00000000c2f00000, 0x00000000c2e00000| Untracked 
|  47|0x00000000c2f00000, 0x00000000c3000000, 0x00000000c3000000|100%| O|  |TAMS 0x00000000c3000000, 0x00000000c2f00000| Untracked 
|  48|0x00000000c3000000, 0x00000000c3100000, 0x00000000c3100000|100%| O|  |TAMS 0x00000000c3100000, 0x00000000c3000000| Untracked 
|  49|0x00000000c3100000, 0x00000000c3200000, 0x00000000c3200000|100%| O|  |TAMS 0x00000000c3200000, 0x00000000c3100000| Untracked 
|  50|0x00000000c3200000, 0x00000000c3300000, 0x00000000c3300000|100%| O|  |TAMS 0x00000000c3300000, 0x00000000c3200000| Untracked 
|  51|0x00000000c3300000, 0x00000000c3400000, 0x00000000c3400000|100%| O|  |TAMS 0x00000000c3400000, 0x00000000c3300000| Untracked 
|  52|0x00000000c3400000, 0x00000000c3500000, 0x00000000c3500000|100%|HS|  |TAMS 0x00000000c3500000, 0x00000000c3400000| Complete 
|  53|0x00000000c3500000, 0x00000000c3600000, 0x00000000c3600000|100%|HC|  |TAMS 0x00000000c3600000, 0x00000000c3500000| Complete 
|  54|0x00000000c3600000, 0x00000000c3700000, 0x00000000c3700000|100%|HC|  |TAMS 0x00000000c3700000, 0x00000000c3600000| Complete 
|  55|0x00000000c3700000, 0x00000000c3800000, 0x00000000c3800000|100%|HS|  |TAMS 0x00000000c3800000, 0x00000000c3700000| Complete 
|  56|0x00000000c3800000, 0x00000000c3900000, 0x00000000c3900000|100%|HC|  |TAMS 0x00000000c3900000, 0x00000000c3800000| Complete 
|  57|0x00000000c3900000, 0x00000000c3a00000, 0x00000000c3a00000|100%| O|  |TAMS 0x00000000c3a00000, 0x00000000c3900000| Untracked 
|  58|0x00000000c3a00000, 0x00000000c3b00000, 0x00000000c3b00000|100%| O|  |TAMS 0x00000000c3b00000, 0x00000000c3a00000| Untracked 
|  59|0x00000000c3b00000, 0x00000000c3c00000, 0x00000000c3c00000|100%| O|  |TAMS 0x00000000c3c00000, 0x00000000c3b00000| Untracked 
|  60|0x00000000c3c00000, 0x00000000c3d00000, 0x00000000c3d00000|100%| O|  |TAMS 0x00000000c3d00000, 0x00000000c3c00000| Untracked 
|  61|0x00000000c3d00000, 0x00000000c3e00000, 0x00000000c3e00000|100%| O|  |TAMS 0x00000000c3e00000, 0x00000000c3d00000| Untracked 
|  62|0x00000000c3e00000, 0x00000000c3f00000, 0x00000000c3f00000|100%| O|  |TAMS 0x00000000c3f00000, 0x00000000c3e00000| Untracked 
|  63|0x00000000c3f00000, 0x00000000c4000000, 0x00000000c4000000|100%| O|  |TAMS 0x00000000c4000000, 0x00000000c3f00000| Untracked 
|  64|0x00000000c4000000, 0x00000000c4100000, 0x00000000c4100000|100%| O|  |TAMS 0x00000000c4100000, 0x00000000c4000000| Untracked 
|  65|0x00000000c4100000, 0x00000000c4200000, 0x00000000c4200000|100%| O|  |TAMS 0x00000000c4200000, 0x00000000c4100000| Untracked 
|  66|0x00000000c4200000, 0x00000000c4300000, 0x00000000c4300000|100%| O|  |TAMS 0x00000000c4300000, 0x00000000c4200000| Untracked 
|  67|0x00000000c4300000, 0x00000000c4400000, 0x00000000c4400000|100%| O|  |TAMS 0x00000000c4400000, 0x00000000c4300000| Untracked 
|  68|0x00000000c4400000, 0x00000000c4500000, 0x00000000c4500000|100%| O|  |TAMS 0x00000000c4500000, 0x00000000c4400000| Untracked 
|  69|0x00000000c4500000, 0x00000000c4600000, 0x00000000c4600000|100%|HS|  |TAMS 0x00000000c4600000, 0x00000000c4500000| Complete 
|  70|0x00000000c4600000, 0x00000000c4700000, 0x00000000c4700000|100%|HC|  |TAMS 0x00000000c4700000, 0x00000000c4600000| Complete 
|  71|0x00000000c4700000, 0x00000000c4800000, 0x00000000c4800000|100%|HS|  |TAMS 0x00000000c4800000, 0x00000000c4700000| Complete 
|  72|0x00000000c4800000, 0x00000000c4900000, 0x00000000c4900000|100%|HC|  |TAMS 0x00000000c4900000, 0x00000000c4800000| Complete 
|  73|0x00000000c4900000, 0x00000000c4a00000, 0x00000000c4a00000|100%|HC|  |TAMS 0x00000000c4a00000, 0x00000000c4900000| Complete 
|  74|0x00000000c4a00000, 0x00000000c4b00000, 0x00000000c4b00000|100%|HS|  |TAMS 0x00000000c4b00000, 0x00000000c4a00000| Complete 
|  75|0x00000000c4b00000, 0x00000000c4c00000, 0x00000000c4c00000|100%|HC|  |TAMS 0x00000000c4c00000, 0x00000000c4b00000| Complete 
|  76|0x00000000c4c00000, 0x00000000c4d00000, 0x00000000c4d00000|100%|HC|  |TAMS 0x00000000c4d00000, 0x00000000c4c00000| Complete 
|  77|0x00000000c4d00000, 0x00000000c4e00000, 0x00000000c4e00000|100%|HS|  |TAMS 0x00000000c4e00000, 0x00000000c4d00000| Complete 
|  78|0x00000000c4e00000, 0x00000000c4f00000, 0x00000000c4f00000|100%|HC|  |TAMS 0x00000000c4f00000, 0x00000000c4e00000| Complete 
|  79|0x00000000c4f00000, 0x00000000c5000000, 0x00000000c5000000|100%|HC|  |TAMS 0x00000000c5000000, 0x00000000c4f00000| Complete 
|  80|0x00000000c5000000, 0x00000000c5100000, 0x00000000c5100000|100%|HC|  |TAMS 0x00000000c5100000, 0x00000000c5000000| Complete 
|  81|0x00000000c5100000, 0x00000000c5200000, 0x00000000c5200000|100%| O|  |TAMS 0x00000000c5200000, 0x00000000c5100000| Untracked 
|  82|0x00000000c5200000, 0x00000000c5300000, 0x00000000c5300000|100%| O|  |TAMS 0x00000000c5300000, 0x00000000c5200000| Untracked 
|  83|0x00000000c5300000, 0x00000000c5400000, 0x00000000c5400000|100%| O|  |TAMS 0x00000000c5400000, 0x00000000c5300000| Untracked 
|  84|0x00000000c5400000, 0x00000000c5500000, 0x00000000c5500000|100%|HS|  |TAMS 0x00000000c5500000, 0x00000000c5400000| Complete 
|  85|0x00000000c5500000, 0x00000000c5600000, 0x00000000c5600000|100%|HC|  |TAMS 0x00000000c5600000, 0x00000000c5500000| Complete 
|  86|0x00000000c5600000, 0x00000000c5700000, 0x00000000c5700000|100%|HC|  |TAMS 0x00000000c5700000, 0x00000000c5600000| Complete 
|  87|0x00000000c5700000, 0x00000000c5800000, 0x00000000c5800000|100%|HC|  |TAMS 0x00000000c5800000, 0x00000000c5700000| Complete 
|  88|0x00000000c5800000, 0x00000000c5900000, 0x00000000c5900000|100%|HC|  |TAMS 0x00000000c5900000, 0x00000000c5800000| Complete 
|  89|0x00000000c5900000, 0x00000000c5a00000, 0x00000000c5a00000|100%|HS|  |TAMS 0x00000000c5a00000, 0x00000000c5900000| Complete 
|  90|0x00000000c5a00000, 0x00000000c5b00000, 0x00000000c5b00000|100%| O|  |TAMS 0x00000000c5b00000, 0x00000000c5a00000| Untracked 
|  91|0x00000000c5b00000, 0x00000000c5c00000, 0x00000000c5c00000|100%| O|  |TAMS 0x00000000c5c00000, 0x00000000c5b00000| Untracked 
|  92|0x00000000c5c00000, 0x00000000c5d00000, 0x00000000c5d00000|100%| O|  |TAMS 0x00000000c5d00000, 0x00000000c5c00000| Untracked 
|  93|0x00000000c5d00000, 0x00000000c5e00000, 0x00000000c5e00000|100%| O|  |TAMS 0x00000000c5e00000, 0x00000000c5d00000| Untracked 
|  94|0x00000000c5e00000, 0x00000000c5f00000, 0x00000000c5f00000|100%| O|  |TAMS 0x00000000c5f00000, 0x00000000c5e00000| Untracked 
|  95|0x00000000c5f00000, 0x00000000c6000000, 0x00000000c6000000|100%| O|  |TAMS 0x00000000c6000000, 0x00000000c5f00000| Untracked 
|  96|0x00000000c6000000, 0x00000000c6100000, 0x00000000c6100000|100%| O|  |TAMS 0x00000000c6100000, 0x00000000c6000000| Untracked 
|  97|0x00000000c6100000, 0x00000000c6200000, 0x00000000c6200000|100%| O|  |TAMS 0x00000000c6200000, 0x00000000c6100000| Untracked 
|  98|0x00000000c6200000, 0x00000000c626f000, 0x00000000c6300000| 43%| O|  |TAMS 0x00000000c626f000, 0x00000000c6200000| Untracked 
|  99|0x00000000c6300000, 0x00000000c6400000, 0x00000000c6400000|100%|HS|  |TAMS 0x00000000c6300000, 0x00000000c6300000| Complete 
| 100|0x00000000c6400000, 0x00000000c6400000, 0x00000000c6500000|  0%| F|  |TAMS 0x00000000c6400000, 0x00000000c6400000| Untracked 
| 101|0x00000000c6500000, 0x00000000c6500000, 0x00000000c6600000|  0%| F|  |TAMS 0x00000000c6500000, 0x00000000c6500000| Untracked 
| 102|0x00000000c6600000, 0x00000000c6600000, 0x00000000c6700000|  0%| F|  |TAMS 0x00000000c6600000, 0x00000000c6600000| Untracked 
| 103|0x00000000c6700000, 0x00000000c6700000, 0x00000000c6800000|  0%| F|  |TAMS 0x00000000c6700000, 0x00000000c6700000| Untracked 
| 104|0x00000000c6800000, 0x00000000c6800000, 0x00000000c6900000|  0%| F|  |TAMS 0x00000000c6800000, 0x00000000c6800000| Untracked 
| 105|0x00000000c6900000, 0x00000000c6900000, 0x00000000c6a00000|  0%| F|  |TAMS 0x00000000c6900000, 0x00000000c6900000| Untracked 
| 106|0x00000000c6a00000, 0x00000000c6a00000, 0x00000000c6b00000|  0%| F|  |TAMS 0x00000000c6a00000, 0x00000000c6a00000| Untracked 
| 107|0x00000000c6b00000, 0x00000000c6b00000, 0x00000000c6c00000|  0%| F|  |TAMS 0x00000000c6b00000, 0x00000000c6b00000| Untracked 
| 108|0x00000000c6c00000, 0x00000000c6c00000, 0x00000000c6d00000|  0%| F|  |TAMS 0x00000000c6c00000, 0x00000000c6c00000| Untracked 
| 109|0x00000000c6d00000, 0x00000000c6d00000, 0x00000000c6e00000|  0%| F|  |TAMS 0x00000000c6d00000, 0x00000000c6d00000| Untracked 
| 110|0x00000000c6e00000, 0x00000000c6e00000, 0x00000000c6f00000|  0%| F|  |TAMS 0x00000000c6e00000, 0x00000000c6e00000| Untracked 
| 111|0x00000000c6f00000, 0x00000000c6f00000, 0x00000000c7000000|  0%| F|  |TAMS 0x00000000c6f00000, 0x00000000c6f00000| Untracked 
| 112|0x00000000c7000000, 0x00000000c7000000, 0x00000000c7100000|  0%| F|  |TAMS 0x00000000c7000000, 0x00000000c7000000| Untracked 
| 113|0x00000000c7100000, 0x00000000c7100000, 0x00000000c7200000|  0%| F|  |TAMS 0x00000000c7100000, 0x00000000c7100000| Untracked 
| 114|0x00000000c7200000, 0x00000000c7200000, 0x00000000c7300000|  0%| F|  |TAMS 0x00000000c7200000, 0x00000000c7200000| Untracked 
| 115|0x00000000c7300000, 0x00000000c7300000, 0x00000000c7400000|  0%| F|  |TAMS 0x00000000c7300000, 0x00000000c7300000| Untracked 
| 116|0x00000000c7400000, 0x00000000c7400000, 0x00000000c7500000|  0%| F|  |TAMS 0x00000000c7400000, 0x00000000c7400000| Untracked 
| 117|0x00000000c7500000, 0x00000000c7500000, 0x00000000c7600000|  0%| F|  |TAMS 0x00000000c7500000, 0x00000000c7500000| Untracked 
| 118|0x00000000c7600000, 0x00000000c76ec4e0, 0x00000000c7700000| 92%| S|CS|TAMS 0x00000000c7600000, 0x00000000c7600000| Complete 
| 119|0x00000000c7700000, 0x00000000c77d7578, 0x00000000c7800000| 84%| E|  |TAMS 0x00000000c7700000, 0x00000000c7700000| Complete 
| 120|0x00000000c7800000, 0x00000000c7900000, 0x00000000c7900000|100%| E|CS|TAMS 0x00000000c7800000, 0x00000000c7800000| Complete 
| 121|0x00000000c7900000, 0x00000000c7a00000, 0x00000000c7a00000|100%| E|CS|TAMS 0x00000000c7900000, 0x00000000c7900000| Complete 
| 122|0x00000000c7a00000, 0x00000000c7b00000, 0x00000000c7b00000|100%| E|CS|TAMS 0x00000000c7a00000, 0x00000000c7a00000| Complete 
| 123|0x00000000c7b00000, 0x00000000c7c00000, 0x00000000c7c00000|100%| E|CS|TAMS 0x00000000c7b00000, 0x00000000c7b00000| Complete 
| 124|0x00000000c7c00000, 0x00000000c7d00000, 0x00000000c7d00000|100%| E|CS|TAMS 0x00000000c7c00000, 0x00000000c7c00000| Complete 
| 125|0x00000000c7d00000, 0x00000000c7e00000, 0x00000000c7e00000|100%| E|CS|TAMS 0x00000000c7d00000, 0x00000000c7d00000| Complete 
| 126|0x00000000c7e00000, 0x00000000c7f00000, 0x00000000c7f00000|100%| E|CS|TAMS 0x00000000c7e00000, 0x00000000c7e00000| Complete 
| 127|0x00000000c7f00000, 0x00000000c8000000, 0x00000000c8000000|100%| E|CS|TAMS 0x00000000c7f00000, 0x00000000c7f00000| Complete 

Card table byte_map: [0x0000021d7d110000,0x0000021d7d310000] _byte_map_base: 0x0000021d7cb10000

Marking Bits (Prev, Next): (CMBitMap*) 0x0000021d69df8e38, (CMBitMap*) 0x0000021d69df8e70
 Prev Bits: [0x0000021d7d510000, 0x0000021d7e510000)
 Next Bits: [0x0000021d7e510000, 0x0000021d7f510000)

Polling page: 0x0000021d684a0000

Metaspace:

Usage:
  Non-class:     69.48 MB capacity,    68.28 MB ( 98%) used,     1.06 MB (  2%) free+waste,   145.00 KB ( <1%) overhead. 
      Class:     10.10 MB capacity,     9.58 MB ( 95%) used,   468.19 KB (  5%) free+waste,    65.19 KB ( <1%) overhead. 
       Both:     79.58 MB capacity,    77.86 MB ( 98%) used,     1.51 MB (  2%) free+waste,   210.19 KB ( <1%) overhead. 

Virtual space:
  Non-class space:       70.00 MB reserved,      69.50 MB (>99%) committed 
      Class space:        1.00 GB reserved,      10.13 MB ( <1%) committed 
             Both:        1.07 GB reserved,      79.63 MB (  7%) committed 

Chunk freelists:
   Non-Class:  19.00 KB
       Class:  25.00 KB
        Both:  44.00 KB

MaxMetaspaceSize: 17179869184.00 GB
CompressedClassSpaceSize: 1.00 GB
Initial GC threshold: 20.80 MB
Current GC threshold: 132.29 MB
CDS: off

CodeHeap 'non-profiled nmethods': size=120064Kb used=5018Kb max_used=5018Kb free=115045Kb
 bounds [0x0000021d753b0000, 0x0000021d758a0000, 0x0000021d7c8f0000]
CodeHeap 'profiled nmethods': size=120000Kb used=19417Kb max_used=19417Kb free=100582Kb
 bounds [0x0000021d6de80000, 0x0000021d6f180000, 0x0000021d753b0000]
CodeHeap 'non-nmethods': size=5696Kb used=2366Kb max_used=2415Kb free=3329Kb
 bounds [0x0000021d6d8f0000, 0x0000021d6db60000, 0x0000021d6de80000]
 total_blobs=9371 nmethods=8482 adapters=801
 compilation: enabled
              stopped_count=0, restarted_count=0
 full_count=0

Compilation events (20 events):
Event: 59.075 Thread 0x0000021d7fb1d800 nmethod 8505 0x0000021d6f160710 code [0x0000021d6f160920, 0x0000021d6f161038]
Event: 59.076 Thread 0x0000021d7fb1d800 8506       3       org.gradle.initialization.MixInLegacyTypesClassLoader$TransformingAdapter::visitMethod (129 bytes)
Event: 59.080 Thread 0x0000021d7fb1d800 nmethod 8506 0x0000021d6f161290 code [0x0000021d6f1615e0, 0x0000021d6f162a18]
Event: 59.085 Thread 0x0000021d7fb17800 8507       4       org.gradle.internal.reflect.MethodSet::add (44 bytes)
Event: 59.085 Thread 0x0000021d7fb1d800 8508       1       com.google.common.collect.LinkedHashMultimap$ValueEntry::getSuccessorInValueSet (5 bytes)
Event: 59.085 Thread 0x0000021d7fb1d800 nmethod 8508 0x0000021d75896690 code [0x0000021d75896840, 0x0000021d758968f8]
Event: 59.086 Thread 0x0000021d7fb1d800 8509       3       org.objectweb.asm.Frame::getInitializedType (153 bytes)
Event: 59.086 Thread 0x0000021d7fb1d800 nmethod 8509 0x0000021d6f163090 code [0x0000021d6f1632a0, 0x0000021d6f1637d8]
Event: 59.086 Thread 0x0000021d7fb1d800 8510       3       org.apache.commons.collections.map.AbstractHashedMap$HashEntry::<init> (26 bytes)
Event: 59.087 Thread 0x0000021d7fb1d800 nmethod 8510 0x0000021d6f163a90 code [0x0000021d6f163c40, 0x0000021d6f163eb8]
Event: 59.231 Thread 0x0000021d7fb1d800 8511   !   3       sun.net.www.protocol.jar.JarFileFactory::get (217 bytes)
Event: 59.235 Thread 0x0000021d7fb1d800 nmethod 8511 0x0000021d6f163f90 code [0x0000021d6f164380, 0x0000021d6f165dd8]
Event: 59.291 Thread 0x0000021d7fb1d800 8513       3       org.gradle.internal.reflect.DirectInstantiator$ConstructorCache::isMatch (69 bytes)
Event: 59.292 Thread 0x0000021d7fb1d800 nmethod 8513 0x0000021d6f166890 code [0x0000021d6f166a80, 0x0000021d6f166e58]
Event: 59.300 Thread 0x0000021d7fb1d800 8514       3       org.objectweb.asm.ClassReader::readVerificationTypeInfo (184 bytes)
Event: 59.301 Thread 0x0000021d7fb1d800 nmethod 8514 0x0000021d6f167010 code [0x0000021d6f167360, 0x0000021d6f168e48]
Event: 59.301 Thread 0x0000021d7fb1d800 8516       3       org.objectweb.asm.MethodWriter::visitFrame (737 bytes)
Event: 59.305 Thread 0x0000021d7fb1d800 nmethod 8516 0x0000021d6f169710 code [0x0000021d6f169be0, 0x0000021d6f16ba38]
Event: 59.305 Thread 0x0000021d7fb1d800 8515       3       org.objectweb.asm.MethodWriter::putFrameType (83 bytes)
Event: 59.305 Thread 0x0000021d7fb1d800 nmethod 8515 0x0000021d6f16c890 code [0x0000021d6f16cae0, 0x0000021d6f16d398]

GC Heap History (20 events):
Event: 33.085 GC heap before
{Heap before GC invocations=20 (full 0):
 garbage-first heap   total 131072K, used 104414K [0x00000000c0000000, 0x0000000100000000)
  region size 1024K, 37 young (37888K), 4 survivors (4096K)
 Metaspace       used 67978K, capacity 69463K, committed 69632K, reserved 1110016K
  class space    used 8394K, capacity 8852K, committed 8960K, reserved 1048576K
}
Event: 33.105 GC heap after
{Heap after GC invocations=21 (full 0):
 garbage-first heap   total 131072K, used 71934K [0x00000000c0000000, 0x0000000100000000)
  region size 1024K, 2 young (2048K), 2 survivors (2048K)
 Metaspace       used 67978K, capacity 69463K, committed 69632K, reserved 1110016K
  class space    used 8394K, capacity 8852K, committed 8960K, reserved 1048576K
}
Event: 34.924 GC heap before
{Heap before GC invocations=22 (full 0):
 garbage-first heap   total 131072K, used 105726K [0x00000000c0000000, 0x0000000100000000)
  region size 1024K, 35 young (35840K), 2 survivors (2048K)
 Metaspace       used 70558K, capacity 72201K, committed 72448K, reserved 1112064K
  class space    used 8700K, capacity 9214K, committed 9216K, reserved 1048576K
}
Event: 34.931 GC heap after
{Heap after GC invocations=23 (full 0):
 garbage-first heap   total 131072K, used 72622K [0x00000000c0000000, 0x0000000100000000)
  region size 1024K, 2 young (2048K), 2 survivors (2048K)
 Metaspace       used 70558K, capacity 72201K, committed 72448K, reserved 1112064K
  class space    used 8700K, capacity 9214K, committed 9216K, reserved 1048576K
}
Event: 36.002 GC heap before
{Heap before GC invocations=23 (full 0):
 garbage-first heap   total 131072K, used 107438K [0x00000000c0000000, 0x0000000100000000)
  region size 1024K, 36 young (36864K), 2 survivors (2048K)
 Metaspace       used 74485K, capacity 76052K, committed 76160K, reserved 1116160K
  class space    used 9260K, capacity 9791K, committed 9856K, reserved 1048576K
}
Event: 36.014 GC heap after
{Heap after GC invocations=24 (full 0):
 garbage-first heap   total 131072K, used 74669K [0x00000000c0000000, 0x0000000100000000)
  region size 1024K, 4 young (4096K), 4 survivors (4096K)
 Metaspace       used 74485K, capacity 76052K, committed 76160K, reserved 1116160K
  class space    used 9260K, capacity 9791K, committed 9856K, reserved 1048576K
}
Event: 36.267 GC heap before
{Heap before GC invocations=25 (full 0):
 garbage-first heap   total 131072K, used 98221K [0x00000000c0000000, 0x0000000100000000)
  region size 1024K, 16 young (16384K), 4 survivors (4096K)
 Metaspace       used 75488K, capacity 77150K, committed 77312K, reserved 1116160K
  class space    used 9406K, capacity 9924K, committed 9984K, reserved 1048576K
}
Event: 36.277 GC heap after
{Heap after GC invocations=26 (full 0):
 garbage-first heap   total 131072K, used 90392K [0x00000000c0000000, 0x0000000100000000)
  region size 1024K, 5 young (5120K), 5 survivors (5120K)
 Metaspace       used 75488K, capacity 77150K, committed 77312K, reserved 1116160K
  class space    used 9406K, capacity 9924K, committed 9984K, reserved 1048576K
}
Event: 52.137 GC heap before
{Heap before GC invocations=27 (full 0):
 garbage-first heap   total 131072K, used 112920K [0x00000000c0000000, 0x0000000100000000)
  region size 1024K, 21 young (21504K), 5 survivors (5120K)
 Metaspace       used 76396K, capacity 78151K, committed 78464K, reserved 1118208K
  class space    used 9503K, capacity 10046K, committed 10112K, reserved 1048576K
}
Event: 52.146 GC heap after
{Heap after GC invocations=28 (full 0):
 garbage-first heap   total 131072K, used 99620K [0x00000000c0000000, 0x0000000100000000)
  region size 1024K, 3 young (3072K), 3 survivors (3072K)
 Metaspace       used 76396K, capacity 78151K, committed 78464K, reserved 1118208K
  class space    used 9503K, capacity 10046K, committed 10112K, reserved 1048576K
}
Event: 57.471 GC heap before
{Heap before GC invocations=28 (full 0):
 garbage-first heap   total 131072K, used 111908K [0x00000000c0000000, 0x0000000100000000)
  region size 1024K, 15 young (15360K), 3 survivors (3072K)
 Metaspace       used 76914K, capacity 78637K, committed 78720K, reserved 1118208K
  class space    used 9550K, capacity 10080K, committed 10112K, reserved 1048576K
}
Event: 57.477 GC heap after
{Heap after GC invocations=29 (full 0):
 garbage-first heap   total 131072K, used 100915K [0x00000000c0000000, 0x0000000100000000)
  region size 1024K, 1 young (1024K), 1 survivors (1024K)
 Metaspace       used 76914K, capacity 78637K, committed 78720K, reserved 1118208K
  class space    used 9550K, capacity 10080K, committed 10112K, reserved 1048576K
}
Event: 57.840 GC heap before
{Heap before GC invocations=30 (full 0):
 garbage-first heap   total 131072K, used 112179K [0x00000000c0000000, 0x0000000100000000)
  region size 1024K, 12 young (12288K), 1 survivors (1024K)
 Metaspace       used 77172K, capacity 78992K, committed 79360K, reserved 1118208K
  class space    used 9582K, capacity 10113K, committed 10240K, reserved 1048576K
}
Event: 57.846 GC heap after
{Heap after GC invocations=31 (full 0):
 garbage-first heap   total 131072K, used 101115K [0x00000000c0000000, 0x0000000100000000)
  region size 1024K, 2 young (2048K), 2 survivors (2048K)
 Metaspace       used 77172K, capacity 78992K, committed 79360K, reserved 1118208K
  class space    used 9582K, capacity 10113K, committed 10240K, reserved 1048576K
}
Event: 58.012 GC heap before
{Heap before GC invocations=31 (full 0):
 garbage-first heap   total 131072K, used 112379K [0x00000000c0000000, 0x0000000100000000)
  region size 1024K, 13 young (13312K), 2 survivors (2048K)
 Metaspace       used 77529K, capacity 79344K, committed 79616K, reserved 1118208K
  class space    used 9618K, capacity 10145K, committed 10240K, reserved 1048576K
}
Event: 58.015 GC heap after
{Heap after GC invocations=32 (full 0):
 garbage-first heap   total 131072K, used 101115K [0x00000000c0000000, 0x0000000100000000)
  region size 1024K, 1 young (1024K), 1 survivors (1024K)
 Metaspace       used 77529K, capacity 79344K, committed 79616K, reserved 1118208K
  class space    used 9618K, capacity 10145K, committed 10240K, reserved 1048576K
}
Event: 58.211 GC heap before
{Heap before GC invocations=32 (full 0):
 garbage-first heap   total 131072K, used 112379K [0x00000000c0000000, 0x0000000100000000)
  region size 1024K, 12 young (12288K), 1 survivors (1024K)
 Metaspace       used 77870K, capacity 79664K, committed 79872K, reserved 1118208K
  class space    used 9666K, capacity 10209K, committed 10240K, reserved 1048576K
}
Event: 58.214 GC heap after
{Heap after GC invocations=33 (full 0):
 garbage-first heap   total 131072K, used 101372K [0x00000000c0000000, 0x0000000100000000)
  region size 1024K, 1 young (1024K), 1 survivors (1024K)
 Metaspace       used 77870K, capacity 79664K, committed 79872K, reserved 1118208K
  class space    used 9666K, capacity 10209K, committed 10240K, reserved 1048576K
}
Event: 58.576 GC heap before
{Heap before GC invocations=34 (full 0):
 garbage-first heap   total 131072K, used 108540K [0x00000000c0000000, 0x0000000100000000)
  region size 1024K, 10 young (10240K), 1 survivors (1024K)
 Metaspace       used 78420K, capacity 80244K, committed 80512K, reserved 1120256K
  class space    used 9718K, capacity 10247K, committed 10368K, reserved 1048576K
}
Event: 58.582 GC heap after
{Heap after GC invocations=35 (full 0):
 garbage-first heap   total 131072K, used 101741K [0x00000000c0000000, 0x0000000100000000)
  region size 1024K, 1 young (1024K), 1 survivors (1024K)
 Metaspace       used 78420K, capacity 80244K, committed 80512K, reserved 1120256K
  class space    used 9718K, capacity 10247K, committed 10368K, reserved 1048576K
}

Deoptimization events (20 events):
Event: 37.061 Thread 0x0000021d0349f800 DEOPT PACKING pc=0x0000021d7569e168 sp=0x000000d23b3f93c0
Event: 37.061 Thread 0x0000021d0349f800 DEOPT UNPACKING pc=0x0000021d6d93a1af sp=0x000000d23b3f93a0 mode 2
Event: 43.046 Thread 0x0000021d03f5a000 DEOPT PACKING pc=0x0000021d6ed3543e sp=0x000000d23affe1e0
Event: 43.046 Thread 0x0000021d03f5a000 DEOPT UNPACKING pc=0x0000021d6d93a95e sp=0x000000d23affd750 mode 0
Event: 57.121 Thread 0x0000021d0349f800 Uncommon trap: trap_request=0xffffff4d fr.pc=0x0000021d757763c4 relative=0x0000000000003884
Event: 57.121 Thread 0x0000021d0349f800 Uncommon trap: reason=unstable_if action=reinterpret pc=0x0000021d757763c4 method=groovy.lang.MetaClassImpl.checkIfStdMethod(Lgroovy/lang/MetaMethod;)V @ 167 c2
Event: 57.121 Thread 0x0000021d0349f800 DEOPT PACKING pc=0x0000021d757763c4 sp=0x000000d23b3f9e90
Event: 57.121 Thread 0x0000021d0349f800 DEOPT UNPACKING pc=0x0000021d6d93a1af sp=0x000000d23b3f9e50 mode 2
Event: 57.143 Thread 0x0000021d0349f800 Uncommon trap: trap_request=0xffffff4d fr.pc=0x0000021d7576dad0 relative=0x0000000000000b70
Event: 57.143 Thread 0x0000021d0349f800 Uncommon trap: reason=unstable_if action=reinterpret pc=0x0000021d7576dad0 method=groovy.lang.MetaClassImpl.checkIfStdMethod(Lgroovy/lang/MetaMethod;)V @ 167 c2
Event: 57.143 Thread 0x0000021d0349f800 DEOPT PACKING pc=0x0000021d7576dad0 sp=0x000000d23b3f9e70
Event: 57.143 Thread 0x0000021d0349f800 DEOPT UNPACKING pc=0x0000021d6d93a1af sp=0x000000d23b3f9e38 mode 2
Event: 57.397 Thread 0x0000021d0349f800 Uncommon trap: trap_request=0xffffffdc fr.pc=0x0000021d758799dc relative=0x000000000000029c
Event: 57.397 Thread 0x0000021d0349f800 Uncommon trap: reason=class_check action=make_not_entrant pc=0x0000021d758799dc method=java.util.ArrayList.toArray([Ljava/lang/Object;)[Ljava/lang/Object; @ 21 c2
Event: 57.397 Thread 0x0000021d0349f800 DEOPT PACKING pc=0x0000021d758799dc sp=0x000000d23b3fb270
Event: 57.397 Thread 0x0000021d0349f800 DEOPT UNPACKING pc=0x0000021d6d93a1af sp=0x000000d23b3fb240 mode 2
Event: 57.749 Thread 0x0000021d0349f800 DEOPT PACKING pc=0x0000021d6e2ce4ae sp=0x000000d23b3f6990
Event: 57.749 Thread 0x0000021d0349f800 DEOPT UNPACKING pc=0x0000021d6d93a95e sp=0x000000d23b3f5e98 mode 0
Event: 57.912 Thread 0x0000021d0349f800 DEOPT PACKING pc=0x0000021d6f13e6d6 sp=0x000000d23b3f3bd0
Event: 57.912 Thread 0x0000021d0349f800 DEOPT UNPACKING pc=0x0000021d6d93a95e sp=0x000000d23b3f30d8 mode 0

Classes redefined (0 events):
No events

Internal exceptions (20 events):
Event: 57.162 Thread 0x0000021d0349f800 Exception <a 'java/lang/ClassNotFoundException'{0x00000000c795d7f8}: java/lang/NumberBeanInfo> (0x00000000c795d7f8) thrown at [./src/hotspot/share/classfile/systemDictionary.cpp, line 231]
Event: 57.164 Thread 0x0000021d0349f800 Exception <a 'java/lang/ClassNotFoundException'{0x00000000c79635e0}: java/lang/NumberCustomizer> (0x00000000c79635e0) thrown at [./src/hotspot/share/classfile/systemDictionary.cpp, line 231]
Event: 57.165 Thread 0x0000021d0349f800 Exception <a 'java/lang/ClassNotFoundException'{0x00000000c796cb30}: java/lang/IntegerCustomizer> (0x00000000c796cb30) thrown at [./src/hotspot/share/classfile/systemDictionary.cpp, line 231]
Event: 57.182 Thread 0x0000021d0349f800 Exception <a 'java/lang/ClassNotFoundException'{0x00000000c79c4008}: org/gradle/api/internal/plugins/DefaultConventionBeanInfo> (0x00000000c79c4008) thrown at [./src/hotspot/share/classfile/systemDictionary.cpp, line 231]
Event: 57.182 Thread 0x0000021d0349f800 Exception <a 'java/lang/ClassNotFoundException'{0x00000000c79d1cd8}: org/gradle/api/internal/plugins/DefaultConventionCustomizer> (0x00000000c79d1cd8) thrown at [./src/hotspot/share/classfile/systemDictionary.cpp, line 231]
Event: 57.198 Thread 0x0000021d0349f800 Exception <a 'java/lang/ClassNotFoundException'{0x00000000c783be90}: org/gradle/api/internal/plugins/DefaultExtensionsSchemaBeanInfo> (0x00000000c783be90) thrown at [./src/hotspot/share/classfile/systemDictionary.cpp, line 231]
Event: 57.199 Thread 0x0000021d0349f800 Exception <a 'java/lang/ClassNotFoundException'{0x00000000c7849b00}: org/gradle/api/internal/plugins/DefaultExtensionsSchemaCustomizer> (0x00000000c7849b00) thrown at [./src/hotspot/share/classfile/systemDictionary.cpp, line 231]
Event: 57.203 Thread 0x0000021d0349f800 Exception <a 'java/lang/ClassNotFoundException'{0x00000000c7873a70}: org/gradle/api/internal/plugins/ExtensionsStorage$ExtensionHolderBeanInfo> (0x00000000c7873a70) thrown at [./src/hotspot/share/classfile/systemDictionary.cpp, line 231]
Event: 57.204 Thread 0x0000021d0349f800 Exception <a 'java/lang/ClassNotFoundException'{0x00000000c7882a88}: org/gradle/api/internal/plugins/ExtensionsStorage$ExtensionHolderCustomizer> (0x00000000c7882a88) thrown at [./src/hotspot/share/classfile/systemDictionary.cpp, line 231]
Event: 57.345 Thread 0x0000021d0349f800 Exception <a 'java/lang/ClassNotFoundException'{0x00000000c771c1c0}: org/codehaus/groovy/runtime/NullObjectBeanInfo> (0x00000000c771c1c0) thrown at [./src/hotspot/share/classfile/systemDictionary.cpp, line 231]
Event: 57.346 Thread 0x0000021d0349f800 Exception <a 'java/lang/ClassNotFoundException'{0x00000000c7734e40}: org/codehaus/groovy/runtime/NullObjectCustomizer> (0x00000000c7734e40) thrown at [./src/hotspot/share/classfile/systemDictionary.cpp, line 231]
Event: 57.555 Thread 0x0000021d0349f800 Exception <a 'java/lang/ClassNotFoundException'{0x00000000c7fcf3a0}: org/gradle/api/internal/tasks/DefaultSourceSetContainer_DecoratedBeanInfo> (0x00000000c7fcf3a0) thrown at [./src/hotspot/share/classfile/systemDictionary.cpp, line 231]
Event: 57.555 Thread 0x0000021d0349f800 Exception <a 'java/lang/ClassNotFoundException'{0x00000000c7fe59a0}: org/gradle/api/internal/tasks/DefaultSourceSetContainerBeanInfo> (0x00000000c7fe59a0) thrown at [./src/hotspot/share/classfile/systemDictionary.cpp, line 231]
Event: 57.556 Thread 0x0000021d0349f800 Exception <a 'java/lang/ClassNotFoundException'{0x00000000c7ffbd68}: org/gradle/api/internal/tasks/DefaultSourceSetContainerCustomizer> (0x00000000c7ffbd68) thrown at [./src/hotspot/share/classfile/systemDictionary.cpp, line 231]
Event: 57.558 Thread 0x0000021d0349f800 Exception <a 'java/lang/ClassNotFoundException'{0x00000000c7e231a0}: org/gradle/api/internal/tasks/DefaultSourceSetContainer_DecoratedCustomizer> (0x00000000c7e231a0) thrown at [./src/hotspot/share/classfile/systemDictionary.cpp, line 231]
Event: 58.330 Thread 0x0000021d0349f800 Exception <a 'java/lang/NoSuchMethodError'{0x00000000c7b7c648}: <clinit>> (0x00000000c7b7c648) thrown at [./src/hotspot/share/prims/jni.cpp, line 1366]
Event: 58.335 Thread 0x0000021d0349f800 Exception <a 'java/lang/NoSuchMethodError'{0x00000000c7b934b0}: <clinit>> (0x00000000c7b934b0) thrown at [./src/hotspot/share/prims/jni.cpp, line 1366]
Event: 58.346 Thread 0x0000021d0349f800 Exception <a 'java/lang/NoSuchMethodError'{0x00000000c7bdde30}: <clinit>> (0x00000000c7bdde30) thrown at [./src/hotspot/share/prims/jni.cpp, line 1366]
Event: 58.347 Thread 0x0000021d0349f800 Exception <a 'java/lang/NoSuchMethodError'{0x00000000c7beb408}: <clinit>> (0x00000000c7beb408) thrown at [./src/hotspot/share/prims/jni.cpp, line 1366]
Event: 58.350 Thread 0x0000021d0349f800 Exception <a 'java/lang/NoSuchMethodError'{0x00000000c7bf9328}: <clinit>> (0x00000000c7bf9328) thrown at [./src/hotspot/share/prims/jni.cpp, line 1366]

Events (20 events):
Event: 59.286 loading class org/gradle/plugins/ide/idea/IdeaPlugin$8
Event: 59.286 loading class org/gradle/plugins/ide/idea/IdeaPlugin$8 done
Event: 59.286 loading class org/gradle/plugins/ide/idea/IdeaPlugin$9
Event: 59.286 loading class org/gradle/plugins/ide/idea/IdeaPlugin$9 done
Event: 59.287 loading class org/gradle/plugins/ide/idea/IdeaPlugin$10
Event: 59.287 loading class org/gradle/plugins/ide/idea/IdeaPlugin$10 done
Event: 59.289 loading class org/gradle/plugins/ide/internal/IdePlugin$8
Event: 59.289 loading class org/gradle/plugins/ide/internal/IdePlugin$8 done
Event: 59.290 loading class org/gradle/plugins/ide/internal/IdePlugin$9
Event: 59.290 loading class org/gradle/plugins/ide/internal/IdePlugin$9 done
Event: 59.291 loading class org/gradle/plugins/ide/idea/model/IdeaModuleIml
Event: 59.291 loading class org/gradle/plugins/ide/idea/model/IdeaModuleIml done
Event: 59.293 loading class org/gradle/plugins/ide/idea/model/Path
Event: 59.293 loading class org/gradle/plugins/ide/idea/model/Path done
Event: 59.295 loading class org/gradle/plugins/ide/idea/model/FilePath
Event: 59.295 loading class org/gradle/plugins/ide/idea/model/FilePath done
Event: 59.297 loading class org/gradle/language/scala/ScalaPlatform
Event: 59.297 loading class org/gradle/language/scala/ScalaPlatform done
Event: 59.297 loading class org/gradle/plugins/ide/idea/model/Module
Event: 59.297 loading class org/gradle/plugins/ide/idea/model/Module done


Dynamic libraries:
0x00007ff6f9060000 - 0x00007ff6f906a000 	E:\Android Setup\jre\bin\java.exe
0x00007fff60530000 - 0x00007fff60728000 	C:\Windows\SYSTEM32\ntdll.dll
0x00007fff5fdf0000 - 0x00007fff5feaf000 	C:\Windows\System32\KERNEL32.DLL
0x00007fff5df70000 - 0x00007fff5e266000 	C:\Windows\System32\KERNELBASE.dll
0x00007fff5de20000 - 0x00007fff5df20000 	C:\Windows\System32\ucrtbase.dll
0x00007fff594d0000 - 0x00007fff594e9000 	E:\Android Setup\jre\bin\jli.dll
0x00007fff594b0000 - 0x00007fff594c7000 	E:\Android Setup\jre\bin\VCRUNTIME140.dll
0x00007fff60350000 - 0x00007fff604ed000 	C:\Windows\System32\USER32.dll
0x00007fff5dd50000 - 0x00007fff5dd72000 	C:\Windows\System32\win32u.dll
0x00007fff3c1c0000 - 0x00007fff3c45a000 	C:\Windows\WinSxS\amd64_microsoft.windows.common-controls_6595b64144ccf1df_6.0.19041.1110_none_60b5254171f9507e\COMCTL32.dll
0x00007fff5ead0000 - 0x00007fff5eafc000 	C:\Windows\System32\GDI32.dll
0x00007fff5e470000 - 0x00007fff5e585000 	C:\Windows\System32\gdi32full.dll
0x00007fff602b0000 - 0x00007fff6034e000 	C:\Windows\System32\msvcrt.dll
0x00007fff5dd80000 - 0x00007fff5de1d000 	C:\Windows\System32\msvcp_win.dll
0x00007fff5f2f0000 - 0x00007fff5f320000 	C:\Windows\System32\IMM32.DLL
0x00007fff556b0000 - 0x00007fff5574d000 	E:\Android Setup\jre\bin\msvcp140.dll
0x00007ffedb920000 - 0x00007ffedc422000 	E:\Android Setup\jre\bin\server\jvm.dll
0x00007fff5f220000 - 0x00007fff5f2cf000 	C:\Windows\System32\ADVAPI32.dll
0x00007fff5fd50000 - 0x00007fff5fdec000 	C:\Windows\System32\sechost.dll
0x00007fff5f060000 - 0x00007fff5f186000 	C:\Windows\System32\RPCRT4.dll
0x00007fff5fd40000 - 0x00007fff5fd48000 	C:\Windows\System32\PSAPI.DLL
0x00007fff44c20000 - 0x00007fff44c29000 	C:\Windows\SYSTEM32\WSOCK32.dll
0x00007fff36980000 - 0x00007fff369a7000 	C:\Windows\SYSTEM32\WINMM.dll
0x00007fff5eb00000 - 0x00007fff5eb6b000 	C:\Windows\System32\WS2_32.dll
0x00007fff5c350000 - 0x00007fff5c35a000 	C:\Windows\SYSTEM32\VERSION.dll
0x00007fff5c450000 - 0x00007fff5c462000 	C:\Windows\SYSTEM32\kernel.appcore.dll
0x00007fff2bfd0000 - 0x00007fff2bfe1000 	E:\Android Setup\jre\bin\verify.dll
0x00007fff4eae0000 - 0x00007fff4ecc4000 	C:\Windows\SYSTEM32\DBGHELP.DLL
0x00007fff44c60000 - 0x00007fff44c94000 	C:\Windows\SYSTEM32\dbgcore.DLL
0x00007fff5dc10000 - 0x00007fff5dc92000 	C:\Windows\System32\bcryptPrimitives.dll
0x00007fff2bfa0000 - 0x00007fff2bfc9000 	E:\Android Setup\jre\bin\java.dll
0x00007fff37d60000 - 0x00007fff37d6b000 	E:\Android Setup\jre\bin\jimage.dll
0x00007fff29e70000 - 0x00007fff29e88000 	E:\Android Setup\jre\bin\zip.dll
0x00007fff5f4d0000 - 0x00007fff5fc14000 	C:\Windows\System32\SHELL32.dll
0x00007fff5bba0000 - 0x00007fff5c333000 	C:\Windows\SYSTEM32\windows.storage.dll
0x00007fff5eca0000 - 0x00007fff5eff4000 	C:\Windows\System32\combase.dll
0x00007fff5d580000 - 0x00007fff5d5ae000 	C:\Windows\SYSTEM32\Wldp.dll
0x00007fff60130000 - 0x00007fff601dd000 	C:\Windows\System32\SHCORE.dll
0x00007fff5ff90000 - 0x00007fff5ffe5000 	C:\Windows\System32\shlwapi.dll
0x00007fff5db50000 - 0x00007fff5db6f000 	C:\Windows\SYSTEM32\profapi.dll
0x00007fff2bff0000 - 0x00007fff2c00a000 	E:\Android Setup\jre\bin\net.dll
0x00007fff550e0000 - 0x00007fff551ea000 	C:\Windows\SYSTEM32\WINHTTP.dll
0x00007fff5d2e0000 - 0x00007fff5d34a000 	C:\Windows\system32\mswsock.dll
0x00007fff29e50000 - 0x00007fff29e64000 	E:\Android Setup\jre\bin\nio.dll
0x00007fff560e0000 - 0x00007fff560fe000 	E:\Android Projects\gradle\native\25\windows-amd64\native-platform.dll
0x00007fff2bf90000 - 0x00007fff2bf9a000 	E:\Android Setup\jre\bin\management.dll
0x00007fff29e40000 - 0x00007fff29e4d000 	E:\Android Setup\jre\bin\management_ext.dll
0x00007fff5d4d0000 - 0x00007fff5d4e8000 	C:\Windows\SYSTEM32\CRYPTSP.dll
0x00007fff5cc00000 - 0x00007fff5cc34000 	C:\Windows\system32\rsaenh.dll
0x00007fff5e270000 - 0x00007fff5e297000 	C:\Windows\System32\bcrypt.dll
0x00007fff5dad0000 - 0x00007fff5dafe000 	C:\Windows\SYSTEM32\USERENV.dll
0x00007fff5d4f0000 - 0x00007fff5d4fc000 	C:\Windows\SYSTEM32\CRYPTBASE.dll
0x00007fff5cfd0000 - 0x00007fff5d00c000 	C:\Windows\SYSTEM32\IPHLPAPI.DLL
0x00007fff5f2e0000 - 0x00007fff5f2e8000 	C:\Windows\System32\NSI.dll
0x00007fff55d10000 - 0x00007fff55d27000 	C:\Windows\SYSTEM32\dhcpcsvc6.DLL
0x00007fff56310000 - 0x00007fff5632d000 	C:\Windows\SYSTEM32\dhcpcsvc.DLL
0x00007fff5d060000 - 0x00007fff5d12a000 	C:\Windows\SYSTEM32\DNSAPI.dll
0x00007ffee0f00000 - 0x00007ffee0f27000 	E:\Android Setup\jre\bin\sunec.dll
0x00007fff5c360000 - 0x00007fff5c36a000 	C:\Windows\System32\rasadhlp.dll
0x00007fff53c10000 - 0x00007fff53c92000 	C:\Windows\System32\fwpuclnt.dll

dbghelp: loaded successfully - version: 4.0.5 - missing functions: none
symbol engine: initialized successfully - sym options: 0x614 - pdb path: .;E:\Android Setup\jre\bin;C:\Windows\SYSTEM32;C:\Windows\WinSxS\amd64_microsoft.windows.common-controls_6595b64144ccf1df_6.0.19041.1110_none_60b5254171f9507e;E:\Android Setup\jre\bin\server;E:\Android Projects\gradle\native\25\windows-amd64

VM Arguments:
jvm_args: --add-opens=java.base/java.util=ALL-UNNAMED -XX:+HeapDumpOnOutOfMemoryError -Xmx1024m -Dfile.encoding=windows-1252 -Duser.country=US -Duser.language=en -Duser.variant 
java_command: org.gradle.launcher.daemon.bootstrap.GradleDaemon 4.10.1
java_class_path (initial): E:\Android Projects\gradle\wrapper\dists\gradle-4.10.1-all\455itskqi2qtf0v2sja68alqd\gradle-4.10.1\lib\gradle-launcher-4.10.1.jar
Launcher Type: SUN_STANDARD

[Global flags]
     intx CICompilerCount                          = 3                                         {product} {ergonomic}
     uint ConcGCThreads                            = 1                                         {product} {ergonomic}
     uint G1ConcRefinementThreads                  = 4                                         {product} {ergonomic}
   size_t G1HeapRegionSize                         = 1048576                                   {product} {ergonomic}
    uintx GCDrainStackTargetSize                   = 64                                        {product} {ergonomic}
     bool HeapDumpOnOutOfMemoryError               = true                                   {manageable} {command line}
   size_t InitialHeapSize                          = 134217728                                 {product} {ergonomic}
   size_t MarkStackSize                            = 4194304                                   {product} {ergonomic}
   size_t MaxHeapSize                              = 1073741824                                {product} {command line}
   size_t MaxNewSize                               = 643825664                                 {product} {ergonomic}
   size_t MinHeapDeltaBytes                        = 1048576                                   {product} {ergonomic}
    uintx NonNMethodCodeHeapSize                   = 5830732                                {pd product} {ergonomic}
    uintx NonProfiledCodeHeapSize                  = 122913754                              {pd product} {ergonomic}
    uintx ProfiledCodeHeapSize                     = 122913754                              {pd product} {ergonomic}
    uintx ReservedCodeCacheSize                    = 251658240                              {pd product} {ergonomic}
     bool SegmentedCodeCache                       = true                                      {product} {ergonomic}
     bool UseCompressedClassPointers               = true                                 {lp64_product} {ergonomic}
     bool UseCompressedOops                        = true                                 {lp64_product} {ergonomic}
     bool UseG1GC                                  = true                                      {product} {ergonomic}
     bool UseLargePagesIndividualAllocation        = false                                  {pd product} {ergonomic}

Logging:
Log output configuration:
 #0: stdout all=warning uptime,level,tags
 #1: stderr all=off uptime,level,tags

Environment Variables:
JAVA_HOME=C:\Program Files\Java\jdk1.8.0_351
PATH=C:\Windows\system32;C:\Windows;C:\Windows\System32\Wbem;C:\Windows\System32\WindowsPowerShell\v1.0\;C:\Windows\System32\OpenSSH\;E:\nodejs;C:\Program Files\Java\jdk1.8.0_351\bin;C:\Program Files (x86)\Common Files\Oracle\Java\javapath;C:\Program Files\Common Files\Oracle\Java\javapath;C:\Gradle\gradle-7.6\bin;E:\Android sdk\tools;E:\Android sdk\platform-tools;C:\Program Files\Git\cmd;C:\Users\WIN 10\AppData\Local\Microsoft\WindowsApps;"C:\Users\WIN 10\AppData\Roaming\npm;E:\phonegap setup\apache-ant-1.10.3\bin";
USERNAME=WIN 10
OS=Windows_NT
PROCESSOR_IDENTIFIER=Intel64 Family 6 Model 78 Stepping 3, GenuineIntel



---------------  S Y S T E M  ---------------

OS: Windows 10 , 64 bit Build 19041 (10.0.19041.3031)
OS uptime: 0 days 0:57 hours

CPU:total 4 (initial active 4) (2 cores per cpu, 2 threads per core) family 6 model 78 stepping 3 microcode 0xf0, cmov, cx8, fxsr, mmx, sse, sse2, sse3, ssse3, sse4.1, sse4.2, popcnt, avx, avx2, aes, clmul, erms, rtm, 3dnowpref, lzcnt, ht, tsc, tscinvbit, bmi1, bmi2, adx, fma

Memory: 4k page, system-wide physical 8071M (663M free)
TotalPageFile size 10119M (AvailPageFile size 2M)
current process WorkingSet (physical memory assigned to process): 336M, peak: 340M
current process commit charge ("private bytes"): 366M, peak: 371M

vm_info: OpenJDK 64-Bit Server VM (11.0.13+0-b1751.21-8125866) for windows-amd64 JRE (11.0.13+0-b1751.21-8125866), built on Feb  2 2022 03:00:22 by "builder" with MS VC++ 14.0 (VS2015)

END.
