#
# There is insufficient memory for the Java Runtime Environment to continue.
# Native memory allocation (malloc) failed to allocate 1018976 bytes for Chunk::new
# Possible reasons:
#   The system is out of physical RAM or swap space
#   The process is running with CompressedOops enabled, and the Java Heap may be blocking the growth of the native heap
# Possible solutions:
#   Reduce memory load on the system
#   Increase physical memory or swap space
#   Check if swap backing store is full
#   Decrease Java heap size (-Xmx/-Xms)
#   Decrease number of Java threads
#   Decrease Java thread stack sizes (-Xss)
#   Set larger code cache with -XX:ReservedCodeCacheSize=
#   JVM is running with Unscaled Compressed Oops mode in which the Java heap is
#     placed in the first 4GB address space. The Java Heap base address is the
#     maximum limit for the native heap growth. Please use -XX:HeapBaseMinAddress
#     to set the Java Heap base and to place the Java Heap above 4GB virtual address.
# This output file may be truncated or incomplete.
#
#  Out of Memory Error (./src/hotspot/share/memory/arena.cpp:197), pid=11232, tid=13768
#
# JRE version: OpenJDK Runtime Environment (11.0.13) (build 11.0.13+0-b1751.21-8125866)
# Java VM: OpenJDK 64-Bit Server VM (11.0.13+0-b1751.21-8125866, mixed mode, tiered, compressed oops, g1 gc, windows-amd64)
# No core dump will be written. Minidumps are not enabled by default on client versions of Windows
#

---------------  S U M M A R Y ------------

Command Line: --add-opens=java.base/java.util=ALL-UNNAMED -XX:+HeapDumpOnOutOfMemoryError -Xmx1024m -Dfile.encoding=windows-1252 -Duser.country=US -Duser.language=en -Duser.variant org.gradle.launcher.daemon.bootstrap.GradleDaemon 4.10.1

Host: Intel(R) Core(TM) i5-6300U CPU @ 2.40GHz, 4 cores, 7G,  Windows 10 , 64 bit Build 19041 (10.0.19041.3031)
Time: Mon Mar 18 18:44:25 2024 India Standard Time elapsed time: 41.542012 seconds (0d 0h 0m 41s)

---------------  T H R E A D  ---------------

Current thread (0x00000181637de800):  JavaThread "C2 CompilerThread0" daemon [_thread_in_native, id=13768, stack(0x0000003cd8200000,0x0000003cd8300000)]


Current CompileTask:
C2:  41542 11643   !   4       com.sun.tools.javac.jvm.ClassReader::classSigToType (498 bytes)

Stack: [0x0000003cd8200000,0x0000003cd8300000]
Native frames: (J=compiled Java code, j=interpreted, Vv=VM code, C=native code)
V  [jvm.dll+0x6100fa]
V  [jvm.dll+0x747090]
V  [jvm.dll+0x7486ad]
V  [jvm.dll+0x748d83]
V  [jvm.dll+0x24ab48]
V  [jvm.dll+0xc04dc]
V  [jvm.dll+0xc0a0c]
V  [jvm.dll+0x2bfab4]
V  [jvm.dll+0x524238]
V  [jvm.dll+0x20b193]
V  [jvm.dll+0x204ca0]
V  [jvm.dll+0x2023c2]
V  [jvm.dll+0x188e01]
V  [jvm.dll+0x21106b]
V  [jvm.dll+0x20f8c1]
V  [jvm.dll+0x70de0f]
V  [jvm.dll+0x706a75]
V  [jvm.dll+0x60ed66]
C  [ucrtbase.dll+0x21bb2]
C  [KERNEL32.DLL+0x17614]
C  [ntdll.dll+0x526f1]


---------------  P R O C E S S  ---------------

Threads class SMR info:
_java_thread_list=0x00000181677fa920, length=43, elements={
0x000001814a238800, 0x0000018163770800, 0x0000018163772000, 0x00000181637cf800,
0x00000181637d1000, 0x00000181637d2000, 0x00000181637de800, 0x00000181640e7000,
0x00000181640e8800, 0x000001816424d800, 0x00000181643ec800, 0x0000018165741800,
0x0000018165959000, 0x00000181655ca000, 0x0000018165ae8000, 0x0000018165ab1000,
0x0000018166b5a800, 0x0000018166b56800, 0x000001816ae8c000, 0x000001816ae8d000,
0x000001816ae8d800, 0x000001816ae90000, 0x000001816ae91000, 0x000001816ae92000,
0x000001816ae92800, 0x0000018166b5b800, 0x0000018166b5c800, 0x0000018166b59000,
0x0000018166b5a000, 0x00000181647b1800, 0x00000181647ac800, 0x00000181647ab800,
0x00000181647af000, 0x00000181647ad800, 0x00000181647b2000, 0x00000181647ae000,
0x00000181647b3000, 0x00000181647b4000, 0x00000181647b4800, 0x00000181647b5800,
0x00000181677c7000, 0x00000181647b0000, 0x00000181647b6800
}

Java Threads: ( => current thread )
  0x000001814a238800 JavaThread "main" [_thread_blocked, id=1292, stack(0x0000003cd7600000,0x0000003cd7700000)]
  0x0000018163770800 JavaThread "Reference Handler" daemon [_thread_blocked, id=12796, stack(0x0000003cd7d00000,0x0000003cd7e00000)]
  0x0000018163772000 JavaThread "Finalizer" daemon [_thread_blocked, id=1448, stack(0x0000003cd7e00000,0x0000003cd7f00000)]
  0x00000181637cf800 JavaThread "Signal Dispatcher" daemon [_thread_blocked, id=700, stack(0x0000003cd7f00000,0x0000003cd8000000)]
  0x00000181637d1000 JavaThread "Attach Listener" daemon [_thread_blocked, id=14332, stack(0x0000003cd8000000,0x0000003cd8100000)]
  0x00000181637d2000 JavaThread "Service Thread" daemon [_thread_blocked, id=9700, stack(0x0000003cd8100000,0x0000003cd8200000)]
=>0x00000181637de800 JavaThread "C2 CompilerThread0" daemon [_thread_in_native, id=13768, stack(0x0000003cd8200000,0x0000003cd8300000)]
  0x00000181640e7000 JavaThread "C1 CompilerThread0" daemon [_thread_in_native, id=11120, stack(0x0000003cd8300000,0x0000003cd8400000)]
  0x00000181640e8800 JavaThread "Sweeper thread" daemon [_thread_blocked, id=6788, stack(0x0000003cd8400000,0x0000003cd8500000)]
  0x000001816424d800 JavaThread "Common-Cleaner" daemon [_thread_blocked, id=6964, stack(0x0000003cd8500000,0x0000003cd8600000)]
  0x00000181643ec800 JavaThread "Incoming local TCP Connector on port 51208" [_thread_in_native, id=3468, stack(0x0000003cd8700000,0x0000003cd8800000)]
  0x0000018165741800 JavaThread "Daemon periodic checks" [_thread_blocked, id=10944, stack(0x0000003cd8a00000,0x0000003cd8b00000)]
  0x0000018165959000 JavaThread "Daemon" [_thread_blocked, id=1656, stack(0x0000003cd8b00000,0x0000003cd8c00000)]
  0x00000181655ca000 JavaThread "Daemon worker" [_thread_in_vm, id=9136, stack(0x0000003cd8f00000,0x0000003cd9000000)]
  0x0000018165ae8000 JavaThread "Cache worker for file hash cache (E:\Android Projects\gradle\caches\4.10.1\fileHashes)" [_thread_blocked, id=4716, stack(0x0000003cd9200000,0x0000003cd9300000)]
  0x0000018165ab1000 JavaThread "File lock request listener" [_thread_in_native, id=8244, stack(0x0000003cd9300000,0x0000003cd9400000)]
  0x0000018166b5a800 JavaThread "Cache worker for journal cache (E:\Android Projects\gradle\caches\journal-1)" [_thread_blocked, id=1416, stack(0x0000003cd9600000,0x0000003cd9700000)]
  0x0000018166b56800 JavaThread "Cache worker for Artifact transforms cache (E:\Android Projects\gradle\caches\transforms-1)" [_thread_blocked, id=11744, stack(0x0000003cd9a00000,0x0000003cd9b00000)]
  0x000001816ae8c000 JavaThread "Memory manager" [_thread_blocked, id=3144, stack(0x0000003cd9400000,0x0000003cd9500000)]
  0x000001816ae8d000 JavaThread "Handler for socket connection from /127.0.0.1:51208 to /127.0.0.1:51215" [_thread_in_native, id=4892, stack(0x0000003cd7400000,0x0000003cd7500000)]
  0x000001816ae8d800 JavaThread "Cancel handler" [_thread_blocked, id=5600, stack(0x0000003cd8d00000,0x0000003cd8e00000)]
  0x000001816ae90000 JavaThread "Asynchronous log dispatcher for DefaultDaemonConnection: socket connection from /127.0.0.1:51208 to /127.0.0.1:51215" [_thread_blocked, id=12300, stack(0x0000003cd8e00000,0x0000003cd8f00000)]
  0x000001816ae91000 JavaThread "Stdin handler" [_thread_blocked, id=2204, stack(0x0000003cd9000000,0x0000003cd9100000)]
  0x000001816ae92000 JavaThread "Cache worker for file hash cache (E:\Android Projects\QueueWindowDisplay Project\WindowDisplayWebservice\.gradle\4.10.1\fileHashes)" [_thread_blocked, id=14168, stack(0x0000003cd9100000,0x0000003cd9200000)]
  0x000001816ae92800 JavaThread "Cache worker for cache directory md-supplier (E:\Android Projects\gradle\caches\4.10.1\md-supplier)" [_thread_blocked, id=13760, stack(0x0000003cd9500000,0x0000003cd9600000)]
  0x0000018166b5b800 JavaThread "Cache worker for cache directory md-rule (E:\Android Projects\gradle\caches\4.10.1\md-rule)" [_thread_blocked, id=9876, stack(0x0000003cd9800000,0x0000003cd9900000)]
  0x0000018166b5c800 JavaThread "Build operations" [_thread_blocked, id=7120, stack(0x0000003cd9b00000,0x0000003cd9c00000)]
  0x0000018166b59000 JavaThread "Build operations Thread 2" [_thread_blocked, id=2420, stack(0x0000003cd9c00000,0x0000003cd9d00000)]
  0x0000018166b5a000 JavaThread "Build operations Thread 3" [_thread_blocked, id=12412, stack(0x0000003cd9d00000,0x0000003cd9e00000)]
  0x00000181647b1800 JavaThread "Build operations Thread 4" [_thread_blocked, id=8220, stack(0x0000003cd9e00000,0x0000003cd9f00000)]
  0x00000181647ac800 JavaThread "Cache worker for file content cache (E:\Android Projects\gradle\caches\4.10.1\fileContent)" [_thread_blocked, id=7160, stack(0x0000003cd9f00000,0x0000003cda000000)]
  0x00000181647ab800 JavaThread "Cache worker for file content cache (E:\Android Projects\QueueWindowDisplay Project\WindowDisplayWebservice\.gradle\4.10.1\fileContent)" [_thread_blocked, id=14244, stack(0x0000003cda000000,0x0000003cda100000)]
  0x00000181647af000 JavaThread "Task worker for ':'" [_thread_blocked, id=11820, stack(0x0000003cda100000,0x0000003cda200000)]
  0x00000181647ad800 JavaThread "Task worker for ':' Thread 2" [_thread_blocked, id=11972, stack(0x0000003cda200000,0x0000003cda300000)]
  0x00000181647b2000 JavaThread "Task worker for ':' Thread 3" [_thread_blocked, id=5004, stack(0x0000003cda300000,0x0000003cda400000)]
  0x00000181647ae000 JavaThread "Cache worker for task history cache (E:\Android Projects\QueueWindowDisplay Project\WindowDisplayWebservice\.gradle\4.10.1\taskHistory)" [_thread_blocked, id=9084, stack(0x0000003cda400000,0x0000003cda500000)]
  0x00000181647b3000 JavaThread "Cache worker for Build Output Cleanup Cache (E:\Android Projects\QueueWindowDisplay Project\WindowDisplayWebservice\.gradle\buildOutputCleanup)" [_thread_blocked, id=7108, stack(0x0000003cda500000,0x0000003cda600000)]
  0x00000181647b4000 JavaThread "pool-4-thread-1" [_thread_blocked, id=7044, stack(0x0000003cd9900000,0x0000003cd9a00000)]
  0x00000181647b4800 JavaThread "stderr" [_thread_in_native, id=12828, stack(0x0000003cda800000,0x0000003cda900000)]
  0x00000181647b5800 JavaThread "stdout" [_thread_in_native, id=3884, stack(0x0000003cda900000,0x0000003cdaa00000)]
  0x00000181677c7000 JavaThread "C2 CompilerThread1" daemon [_thread_in_native, id=8636, stack(0x0000003cdaa00000,0x0000003cdab00000)]
  0x00000181647b0000 JavaThread "Cache worker for Java compile cache (E:\Android Projects\gradle\caches\4.10.1\javaCompile)" [_thread_blocked, id=9128, stack(0x0000003cdab00000,0x0000003cdac00000)]
  0x00000181647b6800 JavaThread "Cache worker for Java compile cache (E:\Android Projects\QueueWindowDisplay Project\WindowDisplayWebservice\.gradle\4.10.1\javaCompile)" [_thread_blocked, id=4728, stack(0x0000003cdac00000,0x0000003cdad00000)]

Other Threads:
  0x000001816376c800 VMThread "VM Thread" [stack: 0x0000003cd7c00000,0x0000003cd7d00000] [id=8956]
  0x0000018164264800 WatcherThread [stack: 0x0000003cd8600000,0x0000003cd8700000] [id=14148]
  0x000001814a251000 GCTaskThread "GC Thread#0" [stack: 0x0000003cd7700000,0x0000003cd7800000] [id=2836]
  0x0000018164a1e800 GCTaskThread "GC Thread#1" [stack: 0x0000003cd8800000,0x0000003cd8900000] [id=2756]
  0x00000181647a8800 GCTaskThread "GC Thread#2" [stack: 0x0000003cd8900000,0x0000003cd8a00000] [id=13880]
  0x000001816595a800 GCTaskThread "GC Thread#3" [stack: 0x0000003cd8c00000,0x0000003cd8d00000] [id=2236]
  0x000001814a26d800 ConcurrentGCThread "G1 Main Marker" [stack: 0x0000003cd7800000,0x0000003cd7900000] [id=5028]
  0x000001814a26f000 ConcurrentGCThread "G1 Conc#0" [stack: 0x0000003cd7900000,0x0000003cd7a00000] [id=3628]
  0x000001814a2fd000 ConcurrentGCThread "G1 Refine#0" [stack: 0x0000003cd7a00000,0x0000003cd7b00000] [id=1464]
  0x0000018168318800 ConcurrentGCThread "G1 Refine#1" [stack: 0x0000003cd9700000,0x0000003cd9800000] [id=7660]
  0x000001814a2fe000 ConcurrentGCThread "G1 Young RemSet Sampling" [stack: 0x0000003cd7b00000,0x0000003cd7c00000] [id=9732]

Threads with active compile tasks:
C2 CompilerThread0  41591 11643   !   4       com.sun.tools.javac.jvm.ClassReader::classSigToType (498 bytes)
C1 CompilerThread0  41591 11932   !   2       com.sun.tools.javac.comp.MemberEnter::visitMethodDef (414 bytes)
C2 CompilerThread1  41591 11405   !   4       java.nio.file.FileTreeWalker::next (144 bytes)

VM state:not at safepoint (normal execution)

VM Mutex/Monitor currently owned by a thread: None

Heap address: 0x00000000c0000000, size: 1024 MB, Compressed Oops mode: 32-bit
Narrow klass base: 0x0000000000000000, Narrow klass shift: 3
Compressed class space size: 1073741824 Address: 0x0000000100000000

Heap:
 garbage-first heap   total 165888K, used 139843K [0x00000000c0000000, 0x0000000100000000)
  region size 1024K, 9 young (9216K), 2 survivors (2048K)
 Metaspace       used 98386K, capacity 100552K, committed 100736K, reserved 1136640K
  class space    used 11843K, capacity 12552K, committed 12672K, reserved 1048576K
Heap Regions: E=young(eden), S=young(survivor), O=old, HS=humongous(starts), HC=humongous(continues), CS=collection set, F=free, A=archive, TAMS=top-at-mark-start (previous, next)
|   0|0x00000000c0000000, 0x00000000c0100000, 0x00000000c0100000|100%|HS|  |TAMS 0x00000000c0100000, 0x00000000c0100000| Complete 
|   1|0x00000000c0100000, 0x00000000c0200000, 0x00000000c0200000|100%|HC|  |TAMS 0x00000000c0200000, 0x00000000c0200000| Complete 
|   2|0x00000000c0200000, 0x00000000c0300000, 0x00000000c0300000|100%| O|  |TAMS 0x00000000c0300000, 0x00000000c0300000| Untracked 
|   3|0x00000000c0300000, 0x00000000c0400000, 0x00000000c0400000|100%| O|  |TAMS 0x00000000c0400000, 0x00000000c0400000| Untracked 
|   4|0x00000000c0400000, 0x00000000c0500000, 0x00000000c0500000|100%| O|  |TAMS 0x00000000c0500000, 0x00000000c0500000| Untracked 
|   5|0x00000000c0500000, 0x00000000c0600000, 0x00000000c0600000|100%| O|  |TAMS 0x00000000c0600000, 0x00000000c0600000| Untracked 
|   6|0x00000000c0600000, 0x00000000c0700000, 0x00000000c0700000|100%| O|  |TAMS 0x00000000c0700000, 0x00000000c0700000| Untracked 
|   7|0x00000000c0700000, 0x00000000c0800000, 0x00000000c0800000|100%| O|  |TAMS 0x00000000c0800000, 0x00000000c0800000| Untracked 
|   8|0x00000000c0800000, 0x00000000c0900000, 0x00000000c0900000|100%| O|  |TAMS 0x00000000c0900000, 0x00000000c0900000| Untracked 
|   9|0x00000000c0900000, 0x00000000c0a00000, 0x00000000c0a00000|100%| O|  |TAMS 0x00000000c0a00000, 0x00000000c0a00000| Untracked 
|  10|0x00000000c0a00000, 0x00000000c0b00000, 0x00000000c0b00000|100%| O|  |TAMS 0x00000000c0b00000, 0x00000000c0b00000| Untracked 
|  11|0x00000000c0b00000, 0x00000000c0c00000, 0x00000000c0c00000|100%| O|  |TAMS 0x00000000c0c00000, 0x00000000c0c00000| Untracked 
|  12|0x00000000c0c00000, 0x00000000c0d00000, 0x00000000c0d00000|100%| O|  |TAMS 0x00000000c0d00000, 0x00000000c0d00000| Untracked 
|  13|0x00000000c0d00000, 0x00000000c0e00000, 0x00000000c0e00000|100%|HS|  |TAMS 0x00000000c0e00000, 0x00000000c0e00000| Complete 
|  14|0x00000000c0e00000, 0x00000000c0f00000, 0x00000000c0f00000|100%|HC|  |TAMS 0x00000000c0f00000, 0x00000000c0f00000| Complete 
|  15|0x00000000c0f00000, 0x00000000c1000000, 0x00000000c1000000|100%|HS|  |TAMS 0x00000000c1000000, 0x00000000c1000000| Complete 
|  16|0x00000000c1000000, 0x00000000c1100000, 0x00000000c1100000|100%|HC|  |TAMS 0x00000000c1100000, 0x00000000c1100000| Complete 
|  17|0x00000000c1100000, 0x00000000c1200000, 0x00000000c1200000|100%|HC|  |TAMS 0x00000000c1200000, 0x00000000c1200000| Complete 
|  18|0x00000000c1200000, 0x00000000c1300000, 0x00000000c1300000|100%|HS|  |TAMS 0x00000000c1300000, 0x00000000c1300000| Complete 
|  19|0x00000000c1300000, 0x00000000c1400000, 0x00000000c1400000|100%|HC|  |TAMS 0x00000000c1400000, 0x00000000c1400000| Complete 
|  20|0x00000000c1400000, 0x00000000c1500000, 0x00000000c1500000|100%|HC|  |TAMS 0x00000000c1500000, 0x00000000c1500000| Complete 
|  21|0x00000000c1500000, 0x00000000c1600000, 0x00000000c1600000|100%|HS|  |TAMS 0x00000000c1600000, 0x00000000c1600000| Complete 
|  22|0x00000000c1600000, 0x00000000c1700000, 0x00000000c1700000|100%|HC|  |TAMS 0x00000000c1700000, 0x00000000c1700000| Complete 
|  23|0x00000000c1700000, 0x00000000c1800000, 0x00000000c1800000|100%|HC|  |TAMS 0x00000000c1800000, 0x00000000c1800000| Complete 
|  24|0x00000000c1800000, 0x00000000c1900000, 0x00000000c1900000|100%|HC|  |TAMS 0x00000000c1900000, 0x00000000c1900000| Complete 
|  25|0x00000000c1900000, 0x00000000c1a00000, 0x00000000c1a00000|100%|HC|  |TAMS 0x00000000c1a00000, 0x00000000c1a00000| Complete 
|  26|0x00000000c1a00000, 0x00000000c1b00000, 0x00000000c1b00000|100%|HS|  |TAMS 0x00000000c1b00000, 0x00000000c1b00000| Complete 
|  27|0x00000000c1b00000, 0x00000000c1c00000, 0x00000000c1c00000|100%| O|  |TAMS 0x00000000c1c00000, 0x00000000c1c00000| Untracked 
|  28|0x00000000c1c00000, 0x00000000c1d00000, 0x00000000c1d00000|100%| O|  |TAMS 0x00000000c1d00000, 0x00000000c1d00000| Untracked 
|  29|0x00000000c1d00000, 0x00000000c1e00000, 0x00000000c1e00000|100%|HS|  |TAMS 0x00000000c1e00000, 0x00000000c1e00000| Complete 
|  30|0x00000000c1e00000, 0x00000000c1f00000, 0x00000000c1f00000|100%|HC|  |TAMS 0x00000000c1f00000, 0x00000000c1f00000| Complete 
|  31|0x00000000c1f00000, 0x00000000c2000000, 0x00000000c2000000|100%|HC|  |TAMS 0x00000000c2000000, 0x00000000c2000000| Complete 
|  32|0x00000000c2000000, 0x00000000c2100000, 0x00000000c2100000|100%| O|  |TAMS 0x00000000c2100000, 0x00000000c2100000| Untracked 
|  33|0x00000000c2100000, 0x00000000c2200000, 0x00000000c2200000|100%| O|  |TAMS 0x00000000c2200000, 0x00000000c2200000| Untracked 
|  34|0x00000000c2200000, 0x00000000c2300000, 0x00000000c2300000|100%| O|  |TAMS 0x00000000c2300000, 0x00000000c2300000| Untracked 
|  35|0x00000000c2300000, 0x00000000c2400000, 0x00000000c2400000|100%| O|  |TAMS 0x00000000c2400000, 0x00000000c2400000| Untracked 
|  36|0x00000000c2400000, 0x00000000c2500000, 0x00000000c2500000|100%| O|  |TAMS 0x00000000c2500000, 0x00000000c2500000| Untracked 
|  37|0x00000000c2500000, 0x00000000c2600000, 0x00000000c2600000|100%| O|  |TAMS 0x00000000c2600000, 0x00000000c2600000| Untracked 
|  38|0x00000000c2600000, 0x00000000c2700000, 0x00000000c2700000|100%| O|  |TAMS 0x00000000c2700000, 0x00000000c2700000| Untracked 
|  39|0x00000000c2700000, 0x00000000c2800000, 0x00000000c2800000|100%|HS|  |TAMS 0x00000000c2800000, 0x00000000c2800000| Complete 
|  40|0x00000000c2800000, 0x00000000c2900000, 0x00000000c2900000|100%|HC|  |TAMS 0x00000000c2900000, 0x00000000c2900000| Complete 
|  41|0x00000000c2900000, 0x00000000c2a00000, 0x00000000c2a00000|100%|HC|  |TAMS 0x00000000c2a00000, 0x00000000c2a00000| Complete 
|  42|0x00000000c2a00000, 0x00000000c2b00000, 0x00000000c2b00000|100%|HC|  |TAMS 0x00000000c2b00000, 0x00000000c2b00000| Complete 
|  43|0x00000000c2b00000, 0x00000000c2c00000, 0x00000000c2c00000|100%|HS|  |TAMS 0x00000000c2c00000, 0x00000000c2c00000| Complete 
|  44|0x00000000c2c00000, 0x00000000c2d00000, 0x00000000c2d00000|100%|HC|  |TAMS 0x00000000c2d00000, 0x00000000c2d00000| Complete 
|  45|0x00000000c2d00000, 0x00000000c2e00000, 0x00000000c2e00000|100%| O|  |TAMS 0x00000000c2e00000, 0x00000000c2e00000| Untracked 
|  46|0x00000000c2e00000, 0x00000000c2f00000, 0x00000000c2f00000|100%| O|  |TAMS 0x00000000c2f00000, 0x00000000c2f00000| Untracked 
|  47|0x00000000c2f00000, 0x00000000c3000000, 0x00000000c3000000|100%| O|  |TAMS 0x00000000c3000000, 0x00000000c3000000| Untracked 
|  48|0x00000000c3000000, 0x00000000c3100000, 0x00000000c3100000|100%| O|  |TAMS 0x00000000c3100000, 0x00000000c3100000| Untracked 
|  49|0x00000000c3100000, 0x00000000c3200000, 0x00000000c3200000|100%| O|  |TAMS 0x00000000c3200000, 0x00000000c3200000| Untracked 
|  50|0x00000000c3200000, 0x00000000c3300000, 0x00000000c3300000|100%| O|  |TAMS 0x00000000c3300000, 0x00000000c3300000| Untracked 
|  51|0x00000000c3300000, 0x00000000c3400000, 0x00000000c3400000|100%| O|  |TAMS 0x00000000c3400000, 0x00000000c3400000| Untracked 
|  52|0x00000000c3400000, 0x00000000c3500000, 0x00000000c3500000|100%| O|  |TAMS 0x00000000c3500000, 0x00000000c3500000| Untracked 
|  53|0x00000000c3500000, 0x00000000c3600000, 0x00000000c3600000|100%| O|  |TAMS 0x00000000c3600000, 0x00000000c3600000| Untracked 
|  54|0x00000000c3600000, 0x00000000c3700000, 0x00000000c3700000|100%| O|  |TAMS 0x00000000c3700000, 0x00000000c3700000| Untracked 
|  55|0x00000000c3700000, 0x00000000c3800000, 0x00000000c3800000|100%| O|  |TAMS 0x00000000c3800000, 0x00000000c3800000| Untracked 
|  56|0x00000000c3800000, 0x00000000c3900000, 0x00000000c3900000|100%| O|  |TAMS 0x00000000c3900000, 0x00000000c3900000| Untracked 
|  57|0x00000000c3900000, 0x00000000c3a00000, 0x00000000c3a00000|100%| O|  |TAMS 0x00000000c3a00000, 0x00000000c3a00000| Untracked 
|  58|0x00000000c3a00000, 0x00000000c3b00000, 0x00000000c3b00000|100%| O|  |TAMS 0x00000000c3b00000, 0x00000000c3b00000| Untracked 
|  59|0x00000000c3b00000, 0x00000000c3c00000, 0x00000000c3c00000|100%| O|  |TAMS 0x00000000c3c00000, 0x00000000c3c00000| Untracked 
|  60|0x00000000c3c00000, 0x00000000c3d00000, 0x00000000c3d00000|100%| O|  |TAMS 0x00000000c3d00000, 0x00000000c3d00000| Untracked 
|  61|0x00000000c3d00000, 0x00000000c3e00000, 0x00000000c3e00000|100%| O|  |TAMS 0x00000000c3e00000, 0x00000000c3e00000| Untracked 
|  62|0x00000000c3e00000, 0x00000000c3f00000, 0x00000000c3f00000|100%| O|  |TAMS 0x00000000c3f00000, 0x00000000c3f00000| Untracked 
|  63|0x00000000c3f00000, 0x00000000c4000000, 0x00000000c4000000|100%| O|  |TAMS 0x00000000c4000000, 0x00000000c4000000| Untracked 
|  64|0x00000000c4000000, 0x00000000c4100000, 0x00000000c4100000|100%| O|  |TAMS 0x00000000c4100000, 0x00000000c4100000| Untracked 
|  65|0x00000000c4100000, 0x00000000c4200000, 0x00000000c4200000|100%| O|  |TAMS 0x00000000c4200000, 0x00000000c4200000| Untracked 
|  66|0x00000000c4200000, 0x00000000c4300000, 0x00000000c4300000|100%| O|  |TAMS 0x00000000c4300000, 0x00000000c4300000| Untracked 
|  67|0x00000000c4300000, 0x00000000c4400000, 0x00000000c4400000|100%|HS|  |TAMS 0x00000000c4400000, 0x00000000c4400000| Complete 
|  68|0x00000000c4400000, 0x00000000c4500000, 0x00000000c4500000|100%|HC|  |TAMS 0x00000000c4500000, 0x00000000c4500000| Complete 
|  69|0x00000000c4500000, 0x00000000c4600000, 0x00000000c4600000|100%|HS|  |TAMS 0x00000000c4600000, 0x00000000c4600000| Complete 
|  70|0x00000000c4600000, 0x00000000c4700000, 0x00000000c4700000|100%|HC|  |TAMS 0x00000000c4700000, 0x00000000c4700000| Complete 
|  71|0x00000000c4700000, 0x00000000c4800000, 0x00000000c4800000|100%|HC|  |TAMS 0x00000000c4800000, 0x00000000c4800000| Complete 
|  72|0x00000000c4800000, 0x00000000c4900000, 0x00000000c4900000|100%|HS|  |TAMS 0x00000000c4900000, 0x00000000c4900000| Complete 
|  73|0x00000000c4900000, 0x00000000c4a00000, 0x00000000c4a00000|100%|HC|  |TAMS 0x00000000c4a00000, 0x00000000c4a00000| Complete 
|  74|0x00000000c4a00000, 0x00000000c4b00000, 0x00000000c4b00000|100%|HC|  |TAMS 0x00000000c4b00000, 0x00000000c4b00000| Complete 
|  75|0x00000000c4b00000, 0x00000000c4c00000, 0x00000000c4c00000|100%|HS|  |TAMS 0x00000000c4c00000, 0x00000000c4c00000| Complete 
|  76|0x00000000c4c00000, 0x00000000c4d00000, 0x00000000c4d00000|100%|HC|  |TAMS 0x00000000c4d00000, 0x00000000c4d00000| Complete 
|  77|0x00000000c4d00000, 0x00000000c4e00000, 0x00000000c4e00000|100%|HC|  |TAMS 0x00000000c4e00000, 0x00000000c4e00000| Complete 
|  78|0x00000000c4e00000, 0x00000000c4f00000, 0x00000000c4f00000|100%|HC|  |TAMS 0x00000000c4f00000, 0x00000000c4f00000| Complete 
|  79|0x00000000c4f00000, 0x00000000c5000000, 0x00000000c5000000|100%|HC|  |TAMS 0x00000000c5000000, 0x00000000c5000000| Complete 
|  80|0x00000000c5000000, 0x00000000c5100000, 0x00000000c5100000|100%|HS|  |TAMS 0x00000000c5100000, 0x00000000c5100000| Complete 
|  81|0x00000000c5100000, 0x00000000c5200000, 0x00000000c5200000|100%|HS|  |TAMS 0x00000000c5200000, 0x00000000c5200000| Complete 
|  82|0x00000000c5200000, 0x00000000c5300000, 0x00000000c5300000|100%|HC|  |TAMS 0x00000000c5300000, 0x00000000c5300000| Complete 
|  83|0x00000000c5300000, 0x00000000c5400000, 0x00000000c5400000|100%|HC|  |TAMS 0x00000000c5400000, 0x00000000c5400000| Complete 
|  84|0x00000000c5400000, 0x00000000c5500000, 0x00000000c5500000|100%|HC|  |TAMS 0x00000000c5500000, 0x00000000c5500000| Complete 
|  85|0x00000000c5500000, 0x00000000c5600000, 0x00000000c5600000|100%| O|  |TAMS 0x00000000c5600000, 0x00000000c5600000| Untracked 
|  86|0x00000000c5600000, 0x00000000c5700000, 0x00000000c5700000|100%| O|  |TAMS 0x00000000c5700000, 0x00000000c5700000| Untracked 
|  87|0x00000000c5700000, 0x00000000c5800000, 0x00000000c5800000|100%| O|  |TAMS 0x00000000c5800000, 0x00000000c5800000| Untracked 
|  88|0x00000000c5800000, 0x00000000c5900000, 0x00000000c5900000|100%| O|  |TAMS 0x00000000c5900000, 0x00000000c5900000| Untracked 
|  89|0x00000000c5900000, 0x00000000c5a00000, 0x00000000c5a00000|100%| O|  |TAMS 0x00000000c5a00000, 0x00000000c5a00000| Untracked 
|  90|0x00000000c5a00000, 0x00000000c5b00000, 0x00000000c5b00000|100%| O|  |TAMS 0x00000000c5b00000, 0x00000000c5b00000| Untracked 
|  91|0x00000000c5b00000, 0x00000000c5c00000, 0x00000000c5c00000|100%| O|  |TAMS 0x00000000c5c00000, 0x00000000c5c00000| Untracked 
|  92|0x00000000c5c00000, 0x00000000c5d00000, 0x00000000c5d00000|100%| O|  |TAMS 0x00000000c5d00000, 0x00000000c5d00000| Untracked 
|  93|0x00000000c5d00000, 0x00000000c5e00000, 0x00000000c5e00000|100%| O|  |TAMS 0x00000000c5e00000, 0x00000000c5e00000| Untracked 
|  94|0x00000000c5e00000, 0x00000000c5f00000, 0x00000000c5f00000|100%| O|  |TAMS 0x00000000c5f00000, 0x00000000c5f00000| Untracked 
|  95|0x00000000c5f00000, 0x00000000c6000000, 0x00000000c6000000|100%| O|  |TAMS 0x00000000c6000000, 0x00000000c6000000| Untracked 
|  96|0x00000000c6000000, 0x00000000c6100000, 0x00000000c6100000|100%| O|  |TAMS 0x00000000c6100000, 0x00000000c6100000| Untracked 
|  97|0x00000000c6100000, 0x00000000c6200000, 0x00000000c6200000|100%| O|  |TAMS 0x00000000c6100000, 0x00000000c6200000| Untracked 
|  98|0x00000000c6200000, 0x00000000c6300000, 0x00000000c6300000|100%| O|  |TAMS 0x00000000c6226a08, 0x00000000c6300000| Untracked 
|  99|0x00000000c6300000, 0x00000000c6400000, 0x00000000c6400000|100%| O|  |TAMS 0x00000000c6400000, 0x00000000c6400000| Untracked 
| 100|0x00000000c6400000, 0x00000000c6500000, 0x00000000c6500000|100%| O|  |TAMS 0x00000000c6500000, 0x00000000c6500000| Untracked 
| 101|0x00000000c6500000, 0x00000000c6600000, 0x00000000c6600000|100%| O|  |TAMS 0x00000000c6600000, 0x00000000c6600000| Untracked 
| 102|0x00000000c6600000, 0x00000000c6700000, 0x00000000c6700000|100%| O|  |TAMS 0x00000000c6700000, 0x00000000c6700000| Untracked 
| 103|0x00000000c6700000, 0x00000000c6800000, 0x00000000c6800000|100%| O|  |TAMS 0x00000000c6800000, 0x00000000c6800000| Untracked 
| 104|0x00000000c6800000, 0x00000000c6900000, 0x00000000c6900000|100%| O|  |TAMS 0x00000000c6900000, 0x00000000c6900000| Untracked 
| 105|0x00000000c6900000, 0x00000000c6a00000, 0x00000000c6a00000|100%| O|  |TAMS 0x00000000c6a00000, 0x00000000c6a00000| Untracked 
| 106|0x00000000c6a00000, 0x00000000c6b00000, 0x00000000c6b00000|100%| O|  |TAMS 0x00000000c6b00000, 0x00000000c6b00000| Untracked 
| 107|0x00000000c6b00000, 0x00000000c6c00000, 0x00000000c6c00000|100%| O|  |TAMS 0x00000000c6c00000, 0x00000000c6c00000| Untracked 
| 108|0x00000000c6c00000, 0x00000000c6d00000, 0x00000000c6d00000|100%|HS|  |TAMS 0x00000000c6c00000, 0x00000000c6d00000| Complete 
| 109|0x00000000c6d00000, 0x00000000c6e00000, 0x00000000c6e00000|100%|HS|  |TAMS 0x00000000c6d00000, 0x00000000c6e00000| Complete 
| 110|0x00000000c6e00000, 0x00000000c6f00000, 0x00000000c6f00000|100%|HC|  |TAMS 0x00000000c6e00000, 0x00000000c6f00000| Complete 
| 111|0x00000000c6f00000, 0x00000000c7000000, 0x00000000c7000000|100%| O|  |TAMS 0x00000000c6f00000, 0x00000000c7000000| Untracked 
| 112|0x00000000c7000000, 0x00000000c7100000, 0x00000000c7100000|100%| O|  |TAMS 0x00000000c7000000, 0x00000000c7100000| Untracked 
| 113|0x00000000c7100000, 0x00000000c7200000, 0x00000000c7200000|100%| O|  |TAMS 0x00000000c7100000, 0x00000000c7200000| Untracked 
| 114|0x00000000c7200000, 0x00000000c7300000, 0x00000000c7300000|100%| O|  |TAMS 0x00000000c7200000, 0x00000000c7300000| Untracked 
| 115|0x00000000c7300000, 0x00000000c7400000, 0x00000000c7400000|100%| O|  |TAMS 0x00000000c7300000, 0x00000000c7400000| Untracked 
| 116|0x00000000c7400000, 0x00000000c7500000, 0x00000000c7500000|100%|HS|  |TAMS 0x00000000c7400000, 0x00000000c7500000| Complete 
| 117|0x00000000c7500000, 0x00000000c7600000, 0x00000000c7600000|100%|HC|  |TAMS 0x00000000c7500000, 0x00000000c7600000| Complete 
| 118|0x00000000c7600000, 0x00000000c7700000, 0x00000000c7700000|100%| O|  |TAMS 0x00000000c7600000, 0x00000000c7700000| Untracked 
| 119|0x00000000c7700000, 0x00000000c7800000, 0x00000000c7800000|100%| O|  |TAMS 0x00000000c7700000, 0x00000000c7800000| Untracked 
| 120|0x00000000c7800000, 0x00000000c7900000, 0x00000000c7900000|100%| O|  |TAMS 0x00000000c7800000, 0x00000000c7900000| Untracked 
| 121|0x00000000c7900000, 0x00000000c7a00000, 0x00000000c7a00000|100%| O|  |TAMS 0x00000000c7900000, 0x00000000c7a00000| Untracked 
| 122|0x00000000c7a00000, 0x00000000c7b00000, 0x00000000c7b00000|100%| O|  |TAMS 0x00000000c7a00000, 0x00000000c7b00000| Untracked 
| 123|0x00000000c7b00000, 0x00000000c7b90c00, 0x00000000c7c00000| 56%| O|  |TAMS 0x00000000c7b00000, 0x00000000c7b90c00| Untracked 
| 124|0x00000000c7c00000, 0x00000000c7c00000, 0x00000000c7d00000|  0%| F|  |TAMS 0x00000000c7c00000, 0x00000000c7c00000| Untracked 
| 125|0x00000000c7d00000, 0x00000000c7d00000, 0x00000000c7e00000|  0%| F|  |TAMS 0x00000000c7d00000, 0x00000000c7d00000| Untracked 
| 126|0x00000000c7e00000, 0x00000000c7e00000, 0x00000000c7f00000|  0%| F|  |TAMS 0x00000000c7e00000, 0x00000000c7e00000| Untracked 
| 127|0x00000000c7f00000, 0x00000000c7f00000, 0x00000000c8000000|  0%| F|  |TAMS 0x00000000c7f00000, 0x00000000c7f00000| Untracked 
| 128|0x00000000c8000000, 0x00000000c8000000, 0x00000000c8100000|  0%| F|  |TAMS 0x00000000c8000000, 0x00000000c8000000| Untracked 
| 129|0x00000000c8100000, 0x00000000c8100000, 0x00000000c8200000|  0%| F|  |TAMS 0x00000000c8100000, 0x00000000c8100000| Untracked 
| 130|0x00000000c8200000, 0x00000000c8300000, 0x00000000c8300000|100%| O|  |TAMS 0x00000000c8300000, 0x00000000c8300000| Untracked 
| 131|0x00000000c8300000, 0x00000000c8400000, 0x00000000c8400000|100%| O|  |TAMS 0x00000000c8400000, 0x00000000c8400000| Untracked 
| 132|0x00000000c8400000, 0x00000000c8500000, 0x00000000c8500000|100%| O|  |TAMS 0x00000000c8500000, 0x00000000c8500000| Untracked 
| 133|0x00000000c8500000, 0x00000000c8600000, 0x00000000c8600000|100%| O|  |TAMS 0x00000000c8600000, 0x00000000c8600000| Untracked 
| 134|0x00000000c8600000, 0x00000000c8700000, 0x00000000c8700000|100%| O|  |TAMS 0x00000000c8700000, 0x00000000c8700000| Untracked 
| 135|0x00000000c8700000, 0x00000000c8700000, 0x00000000c8800000|  0%| F|  |TAMS 0x00000000c8700000, 0x00000000c8700000| Untracked 
| 136|0x00000000c8800000, 0x00000000c8800000, 0x00000000c8900000|  0%| F|  |TAMS 0x00000000c8800000, 0x00000000c8800000| Untracked 
| 137|0x00000000c8900000, 0x00000000c8900000, 0x00000000c8a00000|  0%| F|  |TAMS 0x00000000c8900000, 0x00000000c8900000| Untracked 
| 138|0x00000000c8a00000, 0x00000000c8a00000, 0x00000000c8b00000|  0%| F|  |TAMS 0x00000000c8a00000, 0x00000000c8a00000| Untracked 
| 139|0x00000000c8b00000, 0x00000000c8b00000, 0x00000000c8c00000|  0%| F|  |TAMS 0x00000000c8b00000, 0x00000000c8b00000| Untracked 
| 140|0x00000000c8c00000, 0x00000000c8c00000, 0x00000000c8d00000|  0%| F|  |TAMS 0x00000000c8c00000, 0x00000000c8c00000| Untracked 
| 141|0x00000000c8d00000, 0x00000000c8d00000, 0x00000000c8e00000|  0%| F|  |TAMS 0x00000000c8d00000, 0x00000000c8d00000| Untracked 
| 142|0x00000000c8e00000, 0x00000000c8e00000, 0x00000000c8f00000|  0%| F|  |TAMS 0x00000000c8e00000, 0x00000000c8e00000| Untracked 
| 143|0x00000000c8f00000, 0x00000000c8f00000, 0x00000000c9000000|  0%| F|  |TAMS 0x00000000c8f00000, 0x00000000c8f00000| Untracked 
| 144|0x00000000c9000000, 0x00000000c9000000, 0x00000000c9100000|  0%| F|  |TAMS 0x00000000c9000000, 0x00000000c9000000| Untracked 
| 145|0x00000000c9100000, 0x00000000c9100000, 0x00000000c9200000|  0%| F|  |TAMS 0x00000000c9100000, 0x00000000c9100000| Untracked 
| 146|0x00000000c9200000, 0x00000000c9200000, 0x00000000c9300000|  0%| F|  |TAMS 0x00000000c9200000, 0x00000000c9200000| Untracked 
| 147|0x00000000c9300000, 0x00000000c9300000, 0x00000000c9400000|  0%| F|  |TAMS 0x00000000c9300000, 0x00000000c9300000| Untracked 
| 148|0x00000000c9400000, 0x00000000c9500000, 0x00000000c9500000|100%| S|CS|TAMS 0x00000000c9400000, 0x00000000c9400000| Complete 
| 149|0x00000000c9500000, 0x00000000c9600000, 0x00000000c9600000|100%| S|CS|TAMS 0x00000000c9500000, 0x00000000c9500000| Complete 
| 150|0x00000000c9600000, 0x00000000c9600000, 0x00000000c9700000|  0%| F|  |TAMS 0x00000000c9600000, 0x00000000c9600000| Untracked 
| 151|0x00000000c9700000, 0x00000000c9700000, 0x00000000c9800000|  0%| F|  |TAMS 0x00000000c9700000, 0x00000000c9700000| Untracked 
| 152|0x00000000c9800000, 0x00000000c9800000, 0x00000000c9900000|  0%| F|  |TAMS 0x00000000c9800000, 0x00000000c9800000| Untracked 
| 153|0x00000000c9900000, 0x00000000c9900000, 0x00000000c9a00000|  0%| F|  |TAMS 0x00000000c9900000, 0x00000000c9900000| Untracked 
| 154|0x00000000c9a00000, 0x00000000c9a00000, 0x00000000c9b00000|  0%| F|  |TAMS 0x00000000c9a00000, 0x00000000c9a00000| Untracked 
| 155|0x00000000c9b00000, 0x00000000c9bb5ff0, 0x00000000c9c00000| 71%| E|  |TAMS 0x00000000c9b00000, 0x00000000c9b00000| Complete 
| 156|0x00000000c9c00000, 0x00000000c9d00000, 0x00000000c9d00000|100%| E|CS|TAMS 0x00000000c9c00000, 0x00000000c9c00000| Complete 
| 157|0x00000000c9d00000, 0x00000000c9e00000, 0x00000000c9e00000|100%| E|CS|TAMS 0x00000000c9d00000, 0x00000000c9d00000| Complete 
| 158|0x00000000c9e00000, 0x00000000c9f00000, 0x00000000c9f00000|100%| E|CS|TAMS 0x00000000c9e00000, 0x00000000c9e00000| Complete 
| 159|0x00000000c9f00000, 0x00000000ca000000, 0x00000000ca000000|100%| E|CS|TAMS 0x00000000c9f00000, 0x00000000c9f00000| Complete 
| 160|0x00000000ca000000, 0x00000000ca100000, 0x00000000ca100000|100%| E|CS|TAMS 0x00000000ca000000, 0x00000000ca000000| Complete 
| 161|0x00000000ca100000, 0x00000000ca200000, 0x00000000ca200000|100%| E|CS|TAMS 0x00000000ca100000, 0x00000000ca100000| Complete 

Card table byte_map: [0x000001815eda0000,0x000001815efa0000] _byte_map_base: 0x000001815e7a0000

Marking Bits (Prev, Next): (CMBitMap*) 0x000001814a268838, (CMBitMap*) 0x000001814a268870
 Prev Bits: [0x000001815f1a0000, 0x00000181601a0000)
 Next Bits: [0x00000181601a0000, 0x00000181611a0000)

Polling page: 0x000001814a110000

Metaspace:

Usage:
  Non-class:     85.94 MB capacity,    84.52 MB ( 98%) used,     1.21 MB (  1%) free+waste,   207.00 KB ( <1%) overhead. 
      Class:     12.26 MB capacity,    11.57 MB ( 94%) used,   616.23 KB (  5%) free+waste,    92.06 KB ( <1%) overhead. 
       Both:     98.20 MB capacity,    96.09 MB ( 98%) used,     1.82 MB (  2%) free+waste,   299.06 KB ( <1%) overhead. 

Virtual space:
  Non-class space:       86.00 MB reserved,      86.00 MB (100%) committed 
      Class space:        1.00 GB reserved,      12.38 MB (  1%) committed 
             Both:        1.08 GB reserved,      98.38 MB (  9%) committed 

Chunk freelists:
   Non-Class:  0 bytes
       Class:  24.00 KB
        Both:  24.00 KB

MaxMetaspaceSize: 17179869184.00 GB
CompressedClassSpaceSize: 1.00 GB
Initial GC threshold: 20.80 MB
Current GC threshold: 162.09 MB
CDS: off

CodeHeap 'non-profiled nmethods': size=120064Kb used=7366Kb max_used=7366Kb free=112697Kb
 bounds [0x0000018157040000, 0x0000018157780000, 0x000001815e580000]
CodeHeap 'profiled nmethods': size=120000Kb used=28043Kb max_used=28043Kb free=91956Kb
 bounds [0x000001814fb10000, 0x0000018151680000, 0x0000018157040000]
CodeHeap 'non-nmethods': size=5696Kb used=2397Kb max_used=2457Kb free=3298Kb
 bounds [0x000001814f580000, 0x000001814f800000, 0x000001814fb10000]
 total_blobs=12704 nmethods=11782 adapters=834
 compilation: enabled
              stopped_count=0, restarted_count=0
 full_count=0

Compilation events (20 events):
Event: 41.513 Thread 0x00000181640e7000 nmethod 11874 0x0000018151651c90 code [0x0000018151651ee0, 0x00000181516526a8]
Event: 41.513 Thread 0x00000181640e7000 11875       2       com.sun.tools.javac.comp.Resolve::isAccessible (402 bytes)
Event: 41.515 Thread 0x00000181640e7000 nmethod 11875 0x0000018151652b10 code [0x0000018151652dc0, 0x0000018151653788]
Event: 41.515 Thread 0x00000181640e7000 11876       2       com.sun.tools.javac.code.Scope$NamedImportScope::getSymbolsByName (35 bytes)
Event: 41.516 Thread 0x00000181640e7000 nmethod 11876 0x0000018151653e90 code [0x0000018151654060, 0x0000018151654298]
Event: 41.516 Thread 0x00000181640e7000 11877       2       com.sun.tools.javac.code.Type$MethodType::<init> (25 bytes)
Event: 41.517 Thread 0x00000181640e7000 nmethod 11877 0x0000018151654410 code [0x00000181516545e0, 0x00000181516548b8]
Event: 41.520 Thread 0x00000181640e7000 11878       2       com.sun.tools.javac.code.Scope$ImportScope::finalizeSingleScope (96 bytes)
Event: 41.520 Thread 0x00000181640e7000 nmethod 11878 0x0000018151654990 code [0x0000018151654be0, 0x0000018151655368]
Event: 41.522 Thread 0x00000181640e7000 11879       2       java.nio.file.FileTreeWalker::<init> (144 bytes)
Event: 41.523 Thread 0x00000181640e7000 nmethod 11879 0x0000018151655790 code [0x00000181516559c0, 0x00000181516561e8]
Event: 41.523 Thread 0x00000181640e7000 11880       2       java.nio.file.FileTreeWalker::walk (45 bytes)
Event: 41.523 Thread 0x00000181640e7000 nmethod 11880 0x0000018151656510 code [0x00000181516566e0, 0x00000181516568d8]
Event: 41.525 Thread 0x00000181640e7000 11884       2       com.sun.tools.javac.code.Scope$ScopeListenerList::walkReferences (101 bytes)
Event: 41.526 Thread 0x00000181640e7000 nmethod 11884 0x0000018151656a10 code [0x0000018151656c40, 0x00000181516571d8]
Event: 41.527 Thread 0x00000181640e7000 11885       2       com.sun.tools.javac.code.Types::capture (556 bytes)
Event: 41.531 Thread 0x00000181640e7000 nmethod 11885 0x0000018151657410 code [0x0000018151657920, 0x0000018151659078]
Event: 41.534 Thread 0x00000181640e7000 11886 %     3       com.sun.tools.javac.jvm.ClassReader::readClass @ 580 (614 bytes)
Event: 41.539 Thread 0x00000181640e7000 nmethod 11886% 0x000001815165a210 code [0x000001815165a800, 0x000001815165da28]
Event: 41.540 Thread 0x00000181640e7000 11887       2       com.sun.tools.javac.code.Scope::<init> (21 bytes)

GC Heap History (20 events):
Event: 37.844 GC heap before
{Heap before GC invocations=76 (full 0):
 garbage-first heap   total 165888K, used 139243K [0x00000000c0000000, 0x0000000100000000)
  region size 1024K, 26 young (26624K), 1 survivors (1024K)
 Metaspace       used 90843K, capacity 92993K, committed 93184K, reserved 1130496K
  class space    used 10983K, capacity 11676K, committed 11776K, reserved 1048576K
}
Event: 37.845 GC heap after
{Heap after GC invocations=77 (full 0):
 garbage-first heap   total 165888K, used 113752K [0x00000000c0000000, 0x0000000100000000)
  region size 1024K, 1 young (1024K), 1 survivors (1024K)
 Metaspace       used 90843K, capacity 92993K, committed 93184K, reserved 1130496K
  class space    used 10983K, capacity 11676K, committed 11776K, reserved 1048576K
}
Event: 37.971 GC heap before
{Heap before GC invocations=77 (full 0):
 garbage-first heap   total 165888K, used 139352K [0x00000000c0000000, 0x0000000100000000)
  region size 1024K, 26 young (26624K), 1 survivors (1024K)
 Metaspace       used 90843K, capacity 92993K, committed 93184K, reserved 1130496K
  class space    used 10983K, capacity 11676K, committed 11776K, reserved 1048576K
}
Event: 37.973 GC heap after
{Heap after GC invocations=78 (full 0):
 garbage-first heap   total 165888K, used 113894K [0x00000000c0000000, 0x0000000100000000)
  region size 1024K, 1 young (1024K), 1 survivors (1024K)
 Metaspace       used 90843K, capacity 92993K, committed 93184K, reserved 1130496K
  class space    used 10983K, capacity 11676K, committed 11776K, reserved 1048576K
}
Event: 38.155 GC heap before
{Heap before GC invocations=78 (full 0):
 garbage-first heap   total 165888K, used 140518K [0x00000000c0000000, 0x0000000100000000)
  region size 1024K, 27 young (27648K), 1 survivors (1024K)
 Metaspace       used 90845K, capacity 92993K, committed 93184K, reserved 1130496K
  class space    used 10983K, capacity 11676K, committed 11776K, reserved 1048576K
}
Event: 38.160 GC heap after
{Heap after GC invocations=79 (full 0):
 garbage-first heap   total 165888K, used 113960K [0x00000000c0000000, 0x0000000100000000)
  region size 1024K, 1 young (1024K), 1 survivors (1024K)
 Metaspace       used 90845K, capacity 92993K, committed 93184K, reserved 1130496K
  class space    used 10983K, capacity 11676K, committed 11776K, reserved 1048576K
}
Event: 38.339 GC heap before
{Heap before GC invocations=80 (full 0):
 garbage-first heap   total 165888K, used 140584K [0x00000000c0000000, 0x0000000100000000)
  region size 1024K, 27 young (27648K), 1 survivors (1024K)
 Metaspace       used 90846K, capacity 92993K, committed 93184K, reserved 1130496K
  class space    used 10983K, capacity 11676K, committed 11776K, reserved 1048576K
}
Event: 38.341 GC heap after
{Heap after GC invocations=81 (full 0):
 garbage-first heap   total 165888K, used 114086K [0x00000000c0000000, 0x0000000100000000)
  region size 1024K, 1 young (1024K), 1 survivors (1024K)
 Metaspace       used 90846K, capacity 92993K, committed 93184K, reserved 1130496K
  class space    used 10983K, capacity 11676K, committed 11776K, reserved 1048576K
}
Event: 38.473 GC heap before
{Heap before GC invocations=81 (full 0):
 garbage-first heap   total 165888K, used 141734K [0x00000000c0000000, 0x0000000100000000)
  region size 1024K, 28 young (28672K), 1 survivors (1024K)
 Metaspace       used 90846K, capacity 92993K, committed 93184K, reserved 1130496K
  class space    used 10983K, capacity 11676K, committed 11776K, reserved 1048576K
}
Event: 38.475 GC heap after
{Heap after GC invocations=82 (full 0):
 garbage-first heap   total 165888K, used 114282K [0x00000000c0000000, 0x0000000100000000)
  region size 1024K, 1 young (1024K), 1 survivors (1024K)
 Metaspace       used 90846K, capacity 92993K, committed 93184K, reserved 1130496K
  class space    used 10983K, capacity 11676K, committed 11776K, reserved 1048576K
}
Event: 39.845 GC heap before
{Heap before GC invocations=83 (full 0):
 garbage-first heap   total 165888K, used 141930K [0x00000000c0000000, 0x0000000100000000)
  region size 1024K, 28 young (28672K), 1 survivors (1024K)
 Metaspace       used 93007K, capacity 95185K, committed 95488K, reserved 1132544K
  class space    used 11260K, capacity 11960K, committed 12032K, reserved 1048576K
}
Event: 39.849 GC heap after
{Heap after GC invocations=84 (full 0):
 garbage-first heap   total 165888K, used 115098K [0x00000000c0000000, 0x0000000100000000)
  region size 1024K, 2 young (2048K), 2 survivors (2048K)
 Metaspace       used 93007K, capacity 95185K, committed 95488K, reserved 1132544K
  class space    used 11260K, capacity 11960K, committed 12032K, reserved 1048576K
}
Event: 40.437 GC heap before
{Heap before GC invocations=84 (full 0):
 garbage-first heap   total 165888K, used 142746K [0x00000000c0000000, 0x0000000100000000)
  region size 1024K, 29 young (29696K), 2 survivors (2048K)
 Metaspace       used 97236K, capacity 99501K, committed 99584K, reserved 1136640K
  class space    used 11760K, capacity 12485K, committed 12544K, reserved 1048576K
}
Event: 40.452 GC heap after
{Heap after GC invocations=85 (full 0):
 garbage-first heap   total 165888K, used 118938K [0x00000000c0000000, 0x0000000100000000)
  region size 1024K, 4 young (4096K), 4 survivors (4096K)
 Metaspace       used 97236K, capacity 99501K, committed 99584K, reserved 1136640K
  class space    used 11760K, capacity 12485K, committed 12544K, reserved 1048576K
}
Event: 41.170 GC heap before
{Heap before GC invocations=86 (full 0):
 garbage-first heap   total 165888K, used 152730K [0x00000000c0000000, 0x0000000100000000)
  region size 1024K, 27 young (27648K), 4 survivors (4096K)
 Metaspace       used 97951K, capacity 100105K, committed 100352K, reserved 1136640K
  class space    used 11829K, capacity 12514K, committed 12544K, reserved 1048576K
}
Event: 41.184 GC heap after
{Heap after GC invocations=87 (full 0):
 garbage-first heap   total 165888K, used 129461K [0x00000000c0000000, 0x0000000100000000)
  region size 1024K, 4 young (4096K), 4 survivors (4096K)
 Metaspace       used 97951K, capacity 100105K, committed 100352K, reserved 1136640K
  class space    used 11829K, capacity 12514K, committed 12544K, reserved 1048576K
}
Event: 41.237 GC heap before
{Heap before GC invocations=87 (full 0):
 garbage-first heap   total 165888K, used 133557K [0x00000000c0000000, 0x0000000100000000)
  region size 1024K, 8 young (8192K), 4 survivors (4096K)
 Metaspace       used 98036K, capacity 100268K, committed 100480K, reserved 1136640K
  class space    used 11834K, capacity 12547K, committed 12672K, reserved 1048576K
}
Event: 41.247 GC heap after
{Heap after GC invocations=88 (full 0):
 garbage-first heap   total 165888K, used 130356K [0x00000000c0000000, 0x0000000100000000)
  region size 1024K, 1 young (1024K), 1 survivors (1024K)
 Metaspace       used 98036K, capacity 100268K, committed 100480K, reserved 1136640K
  class space    used 11834K, capacity 12547K, committed 12672K, reserved 1048576K
}
Event: 41.438 GC heap before
{Heap before GC invocations=88 (full 0):
 garbage-first heap   total 165888K, used 141620K [0x00000000c0000000, 0x0000000100000000)
  region size 1024K, 12 young (12288K), 1 survivors (1024K)
 Metaspace       used 98302K, capacity 100482K, committed 100736K, reserved 1136640K
  class space    used 11843K, capacity 12552K, committed 12672K, reserved 1048576K
}
Event: 41.449 GC heap after
{Heap after GC invocations=89 (full 0):
 garbage-first heap   total 165888K, used 133699K [0x00000000c0000000, 0x0000000100000000)
  region size 1024K, 2 young (2048K), 2 survivors (2048K)
 Metaspace       used 98302K, capacity 100482K, committed 100736K, reserved 1136640K
  class space    used 11843K, capacity 12552K, committed 12672K, reserved 1048576K
}

Deoptimization events (20 events):
Event: 40.837 Thread 0x00000181655ca000 DEOPT PACKING pc=0x00000181514e65e5 sp=0x0000003cd8ff8460
Event: 40.837 Thread 0x00000181655ca000 DEOPT UNPACKING pc=0x000001814f5ca95e sp=0x0000003cd8ff7928 mode 0
Event: 40.849 Thread 0x00000181655ca000 DEOPT PACKING pc=0x00000181514eed27 sp=0x0000003cd8ff8390
Event: 40.849 Thread 0x00000181655ca000 DEOPT UNPACKING pc=0x000001814f5ca95e sp=0x0000003cd8ff7828 mode 0
Event: 40.895 Thread 0x00000181655ca000 Uncommon trap: trap_request=0xffffff4d fr.pc=0x0000018157750644 relative=0x0000000000000584
Event: 40.895 Thread 0x00000181655ca000 Uncommon trap: reason=unstable_if action=reinterpret pc=0x0000018157750644 method=jdk.nio.zipfs.ZipPath.getFileName()Ljdk/nio/zipfs/ZipPath; @ 12 c2
Event: 40.895 Thread 0x00000181655ca000 DEOPT PACKING pc=0x0000018157750644 sp=0x0000003cd8ff8630
Event: 40.895 Thread 0x00000181655ca000 DEOPT UNPACKING pc=0x000001814f5ca1af sp=0x0000003cd8ff85e8 mode 2
Event: 41.070 Thread 0x00000181655ca000 DEOPT PACKING pc=0x00000181515072eb sp=0x0000003cd8ff8ec0
Event: 41.070 Thread 0x00000181655ca000 DEOPT UNPACKING pc=0x000001814f5ca95e sp=0x0000003cd8ff8378 mode 0
Event: 41.106 Thread 0x00000181655ca000 DEOPT PACKING pc=0x000001815126440f sp=0x0000003cd8ff8670
Event: 41.106 Thread 0x00000181655ca000 DEOPT UNPACKING pc=0x000001814f5ca95e sp=0x0000003cd8ff7b78 mode 0
Event: 41.131 Thread 0x00000181655ca000 DEOPT PACKING pc=0x000001815126440f sp=0x0000003cd8ff7120
Event: 41.131 Thread 0x00000181655ca000 DEOPT UNPACKING pc=0x000001814f5ca95e sp=0x0000003cd8ff6628 mode 0
Event: 41.252 Thread 0x00000181655ca000 Uncommon trap: trap_request=0xfffffff4 fr.pc=0x000001815774c23c relative=0x0000000000000e3c
Event: 41.252 Thread 0x00000181655ca000 Uncommon trap: reason=null_check action=make_not_entrant pc=0x000001815774c23c method=com.sun.tools.javac.util.UnsharedNameTable.fromUtf([BII)Lcom/sun/tools/javac/util/Name; @ 50 c2
Event: 41.252 Thread 0x00000181655ca000 DEOPT PACKING pc=0x000001815774c23c sp=0x0000003cd8ff87d0
Event: 41.252 Thread 0x00000181655ca000 DEOPT UNPACKING pc=0x000001814f5ca1af sp=0x0000003cd8ff8778 mode 2
Event: 41.540 Thread 0x00000181655ca000 DEOPT PACKING pc=0x000001815163e9a2 sp=0x0000003cd8ff8470
Event: 41.540 Thread 0x00000181655ca000 DEOPT UNPACKING pc=0x000001814f5ca95e sp=0x0000003cd8ff79a0 mode 0

Classes redefined (0 events):
No events

Internal exceptions (20 events):
Event: 35.220 Thread 0x00000181655ca000 Exception <a 'java/lang/NoSuchMethodError'{0x00000000c9c26370}: 'java.lang.Object java.lang.invoke.DirectMethodHandle$Holder.invokeStatic(java.lang.Object, long)'> (0x00000000c9c26370) thrown at [./src/hotspot/share/interpreter/linkResolver.cpp, line 773]
Event: 35.223 Thread 0x00000181655ca000 Exception <a 'java/lang/NoSuchMethodError'{0x00000000c9c34ed0}: 'java.lang.Object java.lang.invoke.DirectMethodHandle$Holder.invokeStaticInit(java.lang.Object, java.lang.Object, long, java.lang.Object)'> (0x00000000c9c34ed0) thrown at [./src/hotspot/share/interpreter/linkResolver.cpp, line 773]
Event: 35.224 Thread 0x00000181655ca000 Exception <a 'java/lang/NoSuchMethodError'{0x00000000c9c3b860}: 'java.lang.Object java.lang.invoke.DirectMethodHandle$Holder.invokeStatic(java.lang.Object, java.lang.Object, long)'> (0x00000000c9c3b860) thrown at [./src/hotspot/share/interpreter/linkResolver.cpp, line 773]
Event: 35.225 Thread 0x00000181655ca000 Exception <a 'java/lang/NoSuchMethodError'{0x00000000c9c425d0}: 'java.lang.Object java.lang.invoke.Invokers$Holder.linkToTargetMethod(java.lang.Object, long, java.lang.Object)'> (0x00000000c9c425d0) thrown at [./src/hotspot/share/interpreter/linkResolver.cpp, line 773]
Event: 39.755 Thread 0x00000181655ca000 Exception <a 'sun/nio/fs/WindowsException'{0x00000000c8aeaf40}> (0x00000000c8aeaf40) thrown at [./src/hotspot/share/prims/jni.cpp, line 616]
Event: 39.755 Thread 0x00000181655ca000 Exception <a 'sun/nio/fs/WindowsException'{0x00000000c8aec268}> (0x00000000c8aec268) thrown at [./src/hotspot/share/prims/jni.cpp, line 616]
Event: 39.755 Thread 0x00000181655ca000 Exception <a 'sun/nio/fs/WindowsException'{0x00000000c8aec3b0}> (0x00000000c8aec3b0) thrown at [./src/hotspot/share/prims/jni.cpp, line 616]
Event: 39.756 Thread 0x00000181655ca000 Exception <a 'sun/nio/fs/WindowsException'{0x00000000c8aee520}> (0x00000000c8aee520) thrown at [./src/hotspot/share/prims/jni.cpp, line 616]
Event: 39.756 Thread 0x00000181655ca000 Exception <a 'sun/nio/fs/WindowsException'{0x00000000c8aef670}> (0x00000000c8aef670) thrown at [./src/hotspot/share/prims/jni.cpp, line 616]
Event: 39.797 Thread 0x00000181655ca000 Exception <a 'java/lang/NoSuchMethodError'{0x00000000c89d7fc0}: 'java.lang.Object java.lang.invoke.Invokers$Holder.linkToTargetMethod(java.lang.Object, java.lang.Object, java.lang.Object, int, int, java.lang.Object)'> (0x00000000c89d7fc0) thrown at [./src/hotspot/share/interpreter/linkResolver.cpp, line 773]
Event: 39.811 Thread 0x00000181655ca000 Exception <a 'sun/nio/fs/WindowsException'{0x00000000c8842d98}> (0x00000000c8842d98) thrown at [./src/hotspot/share/prims/jni.cpp, line 616]
Event: 39.811 Thread 0x00000181655ca000 Exception <a 'sun/nio/fs/WindowsException'{0x00000000c8842f58}> (0x00000000c8842f58) thrown at [./src/hotspot/share/prims/jni.cpp, line 616]
Event: 39.812 Thread 0x00000181655ca000 Exception <a 'java/lang/NoSuchMethodError'{0x00000000c884b9f8}: 'int java.lang.invoke.DirectMethodHandle$Holder.invokeVirtual(java.lang.Object, java.lang.Object, java.lang.Object)'> (0x00000000c884b9f8) thrown at [./src/hotspot/share/interpreter/linkResolver.cpp, line 773]
Event: 40.040 Thread 0x00000181655ca000 Exception <a 'java/lang/NoSuchMethodError'{0x00000000c9797cc0}: 'java.lang.Object java.lang.invoke.Invokers$Holder.linkToTargetMethod(java.lang.Object, java.lang.Object, java.lang.Object, java.lang.Object, java.lang.Object, java.lang.Object)'> (0x00000000c9797cc0) thrown at [./src/hotspot/share/interpreter/linkResolver.cpp, line 773]
Event: 40.708 Thread 0x00000181655ca000 Exception <a 'sun/nio/fs/WindowsException'{0x00000000c9ad1d10}> (0x00000000c9ad1d10) thrown at [./src/hotspot/share/prims/jni.cpp, line 616]
Event: 40.708 Thread 0x00000181655ca000 Exception <a 'sun/nio/fs/WindowsException'{0x00000000c9ad1de8}> (0x00000000c9ad1de8) thrown at [./src/hotspot/share/prims/jni.cpp, line 616]
Event: 40.899 Thread 0x00000181655ca000 Exception <a 'sun/nio/fs/WindowsException'{0x00000000c9107308}> (0x00000000c9107308) thrown at [./src/hotspot/share/prims/jni.cpp, line 616]
Event: 41.035 Thread 0x00000181655ca000 Exception <a 'java/lang/NoSuchMethodError'{0x00000000c8e86318}: 'int java.lang.invoke.DirectMethodHandle$Holder.invokeSpecial(java.lang.Object, java.lang.Object, java.lang.Object, java.lang.Object, java.lang.Object)'> (0x00000000c8e86318) thrown at [./src/hotspot/share/interpreter/linkResolver.cpp, line 773]
Event: 41.101 Thread 0x00000181655ca000 Exception <a 'java/lang/NoSuchMethodError'{0x00000000c8c176c8}: 'void java.lang.invoke.DirectMethodHandle$Holder.invokeSpecial(java.lang.Object, java.lang.Object, java.lang.Object, java.lang.Object, java.lang.Object, java.lang.Object)'> (0x00000000c8c176c8) thrown at [./src/hotspot/share/interpreter/linkResolver.cpp, line 773]
Event: 41.252 Thread 0x00000181655ca000 Implicit null exception at 0x000001815774b617 to 0x000001815774c1fc

Events (20 events):
Event: 41.281 loading class com/sun/tools/javac/code/Scope
Event: 41.281 loading class com/sun/tools/javac/code/Scope done
Event: 41.281 loading class com/sun/tools/javac/util/Name
Event: 41.281 loading class com/sun/tools/javac/util/Name done
Event: 41.291 loading class com/sun/tools/javac/comp/Attr
Event: 41.291 loading class com/sun/tools/javac/comp/Attr done
Event: 41.291 loading class com/sun/tools/javac/code/Symbol$VarSymbol
Event: 41.291 loading class com/sun/tools/javac/code/Symbol$VarSymbol done
Event: 41.294 loading class com/sun/tools/javac/code/Symbol
Event: 41.294 loading class com/sun/tools/javac/code/Symbol done
Event: 41.294 loading class com/sun/tools/javac/comp/Annotate
Event: 41.294 loading class com/sun/tools/javac/comp/Annotate done
Event: 41.295 loading class com/sun/tools/javac/comp/Env
Event: 41.295 loading class com/sun/tools/javac/comp/Env done
Event: 41.295 loading class com/sun/tools/javac/comp/Annotate
Event: 41.295 loading class com/sun/tools/javac/comp/Annotate done
Event: 41.438 Executing VM operation: G1CollectForAllocation
Event: 41.449 Executing VM operation: G1CollectForAllocation done
Event: 41.518 Executing VM operation: Deoptimize
Event: 41.519 Executing VM operation: Deoptimize done


Dynamic libraries:
0x00007ff6f9060000 - 0x00007ff6f906a000 	E:\Android Setup\jre\bin\java.exe
0x00007fff60530000 - 0x00007fff60728000 	C:\Windows\SYSTEM32\ntdll.dll
0x00007fff5fdf0000 - 0x00007fff5feaf000 	C:\Windows\System32\KERNEL32.DLL
0x00007fff5df70000 - 0x00007fff5e266000 	C:\Windows\System32\KERNELBASE.dll
0x00007fff5de20000 - 0x00007fff5df20000 	C:\Windows\System32\ucrtbase.dll
0x00007fff594b0000 - 0x00007fff594c7000 	E:\Android Setup\jre\bin\VCRUNTIME140.dll
0x00007fff594d0000 - 0x00007fff594e9000 	E:\Android Setup\jre\bin\jli.dll
0x00007fff60350000 - 0x00007fff604ed000 	C:\Windows\System32\USER32.dll
0x00007fff3c1c0000 - 0x00007fff3c45a000 	C:\Windows\WinSxS\amd64_microsoft.windows.common-controls_6595b64144ccf1df_6.0.19041.1110_none_60b5254171f9507e\COMCTL32.dll
0x00007fff5dd50000 - 0x00007fff5dd72000 	C:\Windows\System32\win32u.dll
0x00007fff602b0000 - 0x00007fff6034e000 	C:\Windows\System32\msvcrt.dll
0x00007fff5ead0000 - 0x00007fff5eafc000 	C:\Windows\System32\GDI32.dll
0x00007fff5e470000 - 0x00007fff5e585000 	C:\Windows\System32\gdi32full.dll
0x00007fff5dd80000 - 0x00007fff5de1d000 	C:\Windows\System32\msvcp_win.dll
0x00007fff5f2f0000 - 0x00007fff5f320000 	C:\Windows\System32\IMM32.DLL
0x00007fff556b0000 - 0x00007fff5574d000 	E:\Android Setup\jre\bin\msvcp140.dll
0x00007ffedb920000 - 0x00007ffedc422000 	E:\Android Setup\jre\bin\server\jvm.dll
0x00007fff5f220000 - 0x00007fff5f2cf000 	C:\Windows\System32\ADVAPI32.dll
0x00007fff5fd50000 - 0x00007fff5fdec000 	C:\Windows\System32\sechost.dll
0x00007fff5f060000 - 0x00007fff5f186000 	C:\Windows\System32\RPCRT4.dll
0x00007fff5fd40000 - 0x00007fff5fd48000 	C:\Windows\System32\PSAPI.DLL
0x00007fff44c20000 - 0x00007fff44c29000 	C:\Windows\SYSTEM32\WSOCK32.dll
0x00007fff5eb00000 - 0x00007fff5eb6b000 	C:\Windows\System32\WS2_32.dll
0x00007fff36980000 - 0x00007fff369a7000 	C:\Windows\SYSTEM32\WINMM.dll
0x00007fff5c350000 - 0x00007fff5c35a000 	C:\Windows\SYSTEM32\VERSION.dll
0x00007fff5c450000 - 0x00007fff5c462000 	C:\Windows\SYSTEM32\kernel.appcore.dll
0x00007fff2bfd0000 - 0x00007fff2bfe1000 	E:\Android Setup\jre\bin\verify.dll
0x00007fff4eae0000 - 0x00007fff4ecc4000 	C:\Windows\SYSTEM32\DBGHELP.DLL
0x00007fff44c60000 - 0x00007fff44c94000 	C:\Windows\SYSTEM32\dbgcore.DLL
0x00007fff5dc10000 - 0x00007fff5dc92000 	C:\Windows\System32\bcryptPrimitives.dll
0x00007fff2bfa0000 - 0x00007fff2bfc9000 	E:\Android Setup\jre\bin\java.dll
0x00007fff37d60000 - 0x00007fff37d6b000 	E:\Android Setup\jre\bin\jimage.dll
0x00007fff29e70000 - 0x00007fff29e88000 	E:\Android Setup\jre\bin\zip.dll
0x00007fff5f4d0000 - 0x00007fff5fc14000 	C:\Windows\System32\SHELL32.dll
0x00007fff5bba0000 - 0x00007fff5c333000 	C:\Windows\SYSTEM32\windows.storage.dll
0x00007fff5eca0000 - 0x00007fff5eff4000 	C:\Windows\System32\combase.dll
0x00007fff5d580000 - 0x00007fff5d5ae000 	C:\Windows\SYSTEM32\Wldp.dll
0x00007fff60130000 - 0x00007fff601dd000 	C:\Windows\System32\SHCORE.dll
0x00007fff5ff90000 - 0x00007fff5ffe5000 	C:\Windows\System32\shlwapi.dll
0x00007fff5db50000 - 0x00007fff5db6f000 	C:\Windows\SYSTEM32\profapi.dll
0x00007fff2bff0000 - 0x00007fff2c00a000 	E:\Android Setup\jre\bin\net.dll
0x00007fff550e0000 - 0x00007fff551ea000 	C:\Windows\SYSTEM32\WINHTTP.dll
0x00007fff5d2e0000 - 0x00007fff5d34a000 	C:\Windows\system32\mswsock.dll
0x00007fff29e50000 - 0x00007fff29e64000 	E:\Android Setup\jre\bin\nio.dll
0x00007fff560e0000 - 0x00007fff560fe000 	E:\Android Projects\gradle\native\25\windows-amd64\native-platform.dll
0x00007fff2bf90000 - 0x00007fff2bf9a000 	E:\Android Setup\jre\bin\management.dll
0x00007fff29e40000 - 0x00007fff29e4d000 	E:\Android Setup\jre\bin\management_ext.dll
0x00007fff5d4d0000 - 0x00007fff5d4e8000 	C:\Windows\SYSTEM32\CRYPTSP.dll
0x00007fff5cc00000 - 0x00007fff5cc34000 	C:\Windows\system32\rsaenh.dll
0x00007fff5e270000 - 0x00007fff5e297000 	C:\Windows\System32\bcrypt.dll
0x00007fff5dad0000 - 0x00007fff5dafe000 	C:\Windows\SYSTEM32\USERENV.dll
0x00007fff5d4f0000 - 0x00007fff5d4fc000 	C:\Windows\SYSTEM32\CRYPTBASE.dll
0x00007fff5cfd0000 - 0x00007fff5d00c000 	C:\Windows\SYSTEM32\IPHLPAPI.DLL
0x00007fff5f2e0000 - 0x00007fff5f2e8000 	C:\Windows\System32\NSI.dll
0x00007fff55d10000 - 0x00007fff55d27000 	C:\Windows\SYSTEM32\dhcpcsvc6.DLL
0x00007fff56310000 - 0x00007fff5632d000 	C:\Windows\SYSTEM32\dhcpcsvc.DLL
0x00007fff5d060000 - 0x00007fff5d12a000 	C:\Windows\SYSTEM32\DNSAPI.dll
0x00007fff5b080000 - 0x00007fff5b111000 	C:\Windows\system32\apphelp.dll

dbghelp: loaded successfully - version: 4.0.5 - missing functions: none
symbol engine: initialized successfully - sym options: 0x614 - pdb path: .;E:\Android Setup\jre\bin;C:\Windows\SYSTEM32;C:\Windows\WinSxS\amd64_microsoft.windows.common-controls_6595b64144ccf1df_6.0.19041.1110_none_60b5254171f9507e;E:\Android Setup\jre\bin\server;E:\Android Projects\gradle\native\25\windows-amd64

VM Arguments:
jvm_args: --add-opens=java.base/java.util=ALL-UNNAMED -XX:+HeapDumpOnOutOfMemoryError -Xmx1024m -Dfile.encoding=windows-1252 -Duser.country=US -Duser.language=en -Duser.variant 
java_command: org.gradle.launcher.daemon.bootstrap.GradleDaemon 4.10.1
java_class_path (initial): E:\Android Projects\gradle\wrapper\dists\gradle-4.10.1-all\455itskqi2qtf0v2sja68alqd\gradle-4.10.1\lib\gradle-launcher-4.10.1.jar
Launcher Type: SUN_STANDARD

[Global flags]
     intx CICompilerCount                          = 3                                         {product} {ergonomic}
     uint ConcGCThreads                            = 1                                         {product} {ergonomic}
     uint G1ConcRefinementThreads                  = 4                                         {product} {ergonomic}
   size_t G1HeapRegionSize                         = 1048576                                   {product} {ergonomic}
    uintx GCDrainStackTargetSize                   = 64                                        {product} {ergonomic}
     bool HeapDumpOnOutOfMemoryError               = true                                   {manageable} {command line}
   size_t InitialHeapSize                          = 134217728                                 {product} {ergonomic}
   size_t MarkStackSize                            = 4194304                                   {product} {ergonomic}
   size_t MaxHeapSize                              = 1073741824                                {product} {command line}
   size_t MaxNewSize                               = 643825664                                 {product} {ergonomic}
   size_t MinHeapDeltaBytes                        = 1048576                                   {product} {ergonomic}
    uintx NonNMethodCodeHeapSize                   = 5830732                                {pd product} {ergonomic}
    uintx NonProfiledCodeHeapSize                  = 122913754                              {pd product} {ergonomic}
    uintx ProfiledCodeHeapSize                     = 122913754                              {pd product} {ergonomic}
    uintx ReservedCodeCacheSize                    = 251658240                              {pd product} {ergonomic}
     bool SegmentedCodeCache                       = true                                      {product} {ergonomic}
     bool UseCompressedClassPointers               = true                                 {lp64_product} {ergonomic}
     bool UseCompressedOops                        = true                                 {lp64_product} {ergonomic}
     bool UseG1GC                                  = true                                      {product} {ergonomic}
     bool UseLargePagesIndividualAllocation        = false                                  {pd product} {ergonomic}

Logging:
Log output configuration:
 #0: stdout all=warning uptime,level,tags
 #1: stderr all=off uptime,level,tags

Environment Variables:
JAVA_HOME=C:\Program Files\Java\jdk1.8.0_351
PATH=C:\Windows\system32;C:\Windows;C:\Windows\System32\Wbem;C:\Windows\System32\WindowsPowerShell\v1.0\;C:\Windows\System32\OpenSSH\;E:\nodejs;C:\Program Files\Java\jdk1.8.0_351\bin;C:\Program Files (x86)\Common Files\Oracle\Java\javapath;C:\Program Files\Common Files\Oracle\Java\javapath;C:\Gradle\gradle-7.6\bin;E:\Android sdk\tools;E:\Android sdk\platform-tools;C:\Program Files\Git\cmd;C:\Users\WIN 10\AppData\Local\Microsoft\WindowsApps;"C:\Users\WIN 10\AppData\Roaming\npm;E:\phonegap setup\apache-ant-1.10.3\bin";
USERNAME=WIN 10
OS=Windows_NT
PROCESSOR_IDENTIFIER=Intel64 Family 6 Model 78 Stepping 3, GenuineIntel



---------------  S Y S T E M  ---------------

OS: Windows 10 , 64 bit Build 19041 (10.0.19041.3031)
OS uptime: 0 days 0:53 hours

CPU:total 4 (initial active 4) (2 cores per cpu, 2 threads per core) family 6 model 78 stepping 3 microcode 0xf0, cmov, cx8, fxsr, mmx, sse, sse2, sse3, ssse3, sse4.1, sse4.2, popcnt, avx, avx2, aes, clmul, erms, rtm, 3dnowpref, lzcnt, ht, tsc, tscinvbit, bmi1, bmi2, adx, fma

Memory: 4k page, system-wide physical 8071M (649M free)
TotalPageFile size 10119M (AvailPageFile size 5M)
current process WorkingSet (physical memory assigned to process): 429M, peak: 431M
current process commit charge ("private bytes"): 459M, peak: 461M

vm_info: OpenJDK 64-Bit Server VM (11.0.13+0-b1751.21-8125866) for windows-amd64 JRE (11.0.13+0-b1751.21-8125866), built on Feb  2 2022 03:00:22 by "builder" with MS VC++ 14.0 (VS2015)

END.
