#
# There is insufficient memory for the Java Runtime Environment to continue.
# Native memory allocation (mmap) failed to map 2097152 bytes for Failed to commit area from 0x00000000cfc00000 to 0x00000000cfe00000 of length 2097152.
# Possible reasons:
#   The system is out of physical RAM or swap space
#   The process is running with CompressedOops enabled, and the Java Heap may be blocking the growth of the native heap
# Possible solutions:
#   Reduce memory load on the system
#   Increase physical memory or swap space
#   Check if swap backing store is full
#   Decrease Java heap size (-Xmx/-Xms)
#   Decrease number of Java threads
#   Decrease Java thread stack sizes (-Xss)
#   Set larger code cache with -XX:ReservedCodeCacheSize=
#   JVM is running with Unscaled Compressed Oops mode in which the Java heap is
#     placed in the first 4GB address space. The Java Heap base address is the
#     maximum limit for the native heap growth. Please use -XX:HeapBaseMinAddress
#     to set the Java Heap base and to place the Java Heap above 4GB virtual address.
# This output file may be truncated or incomplete.
#
#  Out of Memory Error (./src/hotspot/os/windows/os_windows.cpp:3619), pid=6484, tid=14292
#
# JRE version: OpenJDK Runtime Environment (11.0.13) (build 11.0.13+0-b1751.21-8125866)
# Java VM: OpenJDK 64-Bit Server VM (11.0.13+0-b1751.21-8125866, mixed mode, tiered, compressed oops, g1 gc, windows-amd64)
# No core dump will be written. Minidumps are not enabled by default on client versions of Windows
#

---------------  S U M M A R Y ------------

Command Line: --add-opens=java.base/java.util=ALL-UNNAMED -XX:+HeapDumpOnOutOfMemoryError -Xmx1024m -Dfile.encoding=windows-1252 -Duser.country=US -Duser.language=en -Duser.variant org.gradle.launcher.daemon.bootstrap.GradleDaemon 4.10.1

Host: Intel(R) Core(TM) i5-6300U CPU @ 2.40GHz, 4 cores, 7G,  Windows 10 , 64 bit Build 19041 (10.0.19041.3031)
Time: Mon Mar 18 18:41:38 2024 India Standard Time elapsed time: 34.195303 seconds (0d 0h 0m 34s)

---------------  T H R E A D  ---------------

Current thread (0x000001f06cae7800):  JavaThread "ForkJoinPool.commonPool-worker-3" daemon [_thread_in_vm, id=14292, stack(0x0000002023200000,0x0000002023300000)]

Stack: [0x0000002023200000,0x0000002023300000]
Native frames: (J=compiled Java code, j=interpreted, Vv=VM code, C=native code)
V  [jvm.dll+0x6100fa]
V  [jvm.dll+0x747090]
V  [jvm.dll+0x7486ad]
V  [jvm.dll+0x748d83]
V  [jvm.dll+0x24ab48]
V  [jvm.dll+0x60d164]
V  [jvm.dll+0x601e75]
V  [jvm.dll+0x308bdb]
V  [jvm.dll+0x308b4a]
V  [jvm.dll+0x308a22]
V  [jvm.dll+0x30d986]
V  [jvm.dll+0x357093]
V  [jvm.dll+0x357796]
V  [jvm.dll+0x357193]
V  [jvm.dll+0x2e3c25]
V  [jvm.dll+0x2e0022]
V  [jvm.dll+0x5a7aa2]
V  [jvm.dll+0x5a7322]
V  [jvm.dll+0x1f058d]
V  [jvm.dll+0x722b5f]
V  [jvm.dll+0x3795a4]
C  0x000001f0556ade4d

Java frames: (J=compiled Java code, j=interpreted, Vv=VM code)
j  com.android.tools.build.apkzlib.zip.ZFile.writeEntry(Lcom/android/tools/build/apkzlib/zip/StoredEntry;J)V+78
j  com.android.tools.build.apkzlib.zip.ZFile.writeAllFilesToZip()V+643
j  com.android.tools.build.apkzlib.zip.ZFile.update()V+29
j  com.android.tools.build.apkzlib.zip.ZFile.close()V+17
j  com.android.tools.build.apkzlib.zfile.ApkZFileCreator.close()V+12
j  com.google.common.io.Closer.close()V+31
j  com.android.builder.internal.packaging.IncrementalPackager.close()V+62
j  com.android.build.gradle.tasks.PackageAndroidArtifact.doTask(Lcom/android/ide/common/build/ApkInfo;Ljava/io/File;Ljava/io/File;Lcom/android/builder/files/FileCacheByPath;Lcom/android/build/gradle/internal/scope/BuildElements;Lcom/google/common/collect/ImmutableMap;Lcom/google/common/collect/ImmutableMap;Lcom/google/common/collect/ImmutableMap;Lcom/google/common/collect/ImmutableMap;Lcom/google/common/collect/ImmutableMap;)V+398
j  com.android.build.gradle.tasks.PackageAndroidArtifact.splitIncrementalAction(Lcom/android/ide/common/build/ApkInfo;Ljava/io/File;Ljava/util/Map;)Ljava/io/File;+391
j  com.android.build.gradle.tasks.PackageAndroidArtifact.lambda$doIncrementalTaskAction$9(Ljava/util/Map;Lcom/android/ide/common/build/ApkInfo;Ljava/io/File;)Ljava/io/File;+4
j  com.android.build.gradle.tasks.PackageAndroidArtifact$$Lambda$778.invoke(Ljava/lang/Object;Ljava/lang/Object;)Ljava/lang/Object;+16
j  com.android.build.gradle.internal.scope.BuildElements$ExecutorBasedScheduler$transform$$inlined$forEach$lambda$1.call()Lcom/android/build/gradle/internal/scope/BuildElements$ActionItem;+47
j  com.android.build.gradle.internal.scope.BuildElements$ExecutorBasedScheduler$transform$$inlined$forEach$lambda$1.call()Ljava/lang/Object;+1
j  java.util.concurrent.ForkJoinTask$AdaptedCallable.exec()Z+5 java.base@11.0.13
J 11597 c1 java.util.concurrent.ForkJoinTask.doExec()I java.base@11.0.13 (37 bytes) @ 0x000001f05752a45c [0x000001f05752a3e0+0x000000000000007c]
j  java.util.concurrent.ForkJoinPool$WorkQueue.topLevelExec(Ljava/util/concurrent/ForkJoinTask;Ljava/util/concurrent/ForkJoinPool$WorkQueue;I)V+12 java.base@11.0.13
j  java.util.concurrent.ForkJoinPool.scan(Ljava/util/concurrent/ForkJoinPool$WorkQueue;I)Z+182 java.base@11.0.13
j  java.util.concurrent.ForkJoinPool.runWorker(Ljava/util/concurrent/ForkJoinPool$WorkQueue;)V+25 java.base@11.0.13
j  java.util.concurrent.ForkJoinWorkerThread.run()V+24 java.base@11.0.13
v  ~StubRoutines::call_stub

---------------  P R O C E S S  ---------------

Threads class SMR info:
_java_thread_list=0x000001f073f1e0b0, length=43, elements={
0x000001f051b6e000, 0x000001f06905c800, 0x000001f06905e800, 0x000001f06907b800,
0x000001f06907e800, 0x000001f06907f800, 0x000001f069085000, 0x000001f06908f800,
0x000001f069091800, 0x000001f069b36800, 0x000001f06b1d9800, 0x000001f06a848800,
0x000001f06b120800, 0x000001f06ae86800, 0x000001f06a856800, 0x000001f06ad3b800,
0x000001f06b58b800, 0x000001f06b510000, 0x000001f06b61d800, 0x000001f06b5c5000,
0x000001f06c76d000, 0x000001f06c76d800, 0x000001f06c773800, 0x000001f06c76e800,
0x000001f06c770000, 0x000001f06c771000, 0x000001f06c771800, 0x000001f06c772800,
0x000001f06cadf800, 0x000001f06cade800, 0x000001f06cae1000, 0x000001f06cae2000,
0x000001f06cae2800, 0x000001f06cae0000, 0x000001f06cadd000, 0x000001f06cae5000,
0x000001f06cae6000, 0x000001f06cae6800, 0x000001f06cae9000, 0x000001f06cae7800,
0x000001f06cae8800, 0x000001f06cae3800, 0x000001f072854000
}

Java Threads: ( => current thread )
  0x000001f051b6e000 JavaThread "main" [_thread_blocked, id=10380, stack(0x0000002020000000,0x0000002020100000)]
  0x000001f06905c800 JavaThread "Reference Handler" daemon [_thread_blocked, id=10088, stack(0x0000002020700000,0x0000002020800000)]
  0x000001f06905e800 JavaThread "Finalizer" daemon [_thread_blocked, id=3656, stack(0x0000002020800000,0x0000002020900000)]
  0x000001f06907b800 JavaThread "Signal Dispatcher" daemon [_thread_blocked, id=12680, stack(0x0000002020900000,0x0000002020a00000)]
  0x000001f06907e800 JavaThread "Attach Listener" daemon [_thread_blocked, id=5856, stack(0x0000002020a00000,0x0000002020b00000)]
  0x000001f06907f800 JavaThread "Service Thread" daemon [_thread_blocked, id=6284, stack(0x0000002020b00000,0x0000002020c00000)]
  0x000001f069085000 JavaThread "C2 CompilerThread0" daemon [_thread_blocked, id=6248, stack(0x0000002020c00000,0x0000002020d00000)]
  0x000001f06908f800 JavaThread "C1 CompilerThread0" daemon [_thread_blocked, id=4544, stack(0x0000002020d00000,0x0000002020e00000)]
  0x000001f069091800 JavaThread "Sweeper thread" daemon [_thread_blocked, id=8536, stack(0x0000002020e00000,0x0000002020f00000)]
  0x000001f069b36800 JavaThread "Common-Cleaner" daemon [_thread_blocked, id=8664, stack(0x0000002020f00000,0x0000002021000000)]
  0x000001f06b1d9800 JavaThread "Incoming local TCP Connector on port 51183" [_thread_in_native, id=7008, stack(0x0000002021100000,0x0000002021200000)]
  0x000001f06a848800 JavaThread "Daemon periodic checks" [_thread_blocked, id=8228, stack(0x0000002021400000,0x0000002021500000)]
  0x000001f06b120800 JavaThread "Daemon" [_thread_blocked, id=2668, stack(0x0000002021500000,0x0000002021600000)]
  0x000001f06ae86800 JavaThread "Handler for socket connection from /127.0.0.1:51183 to /127.0.0.1:51184" [_thread_in_native, id=1496, stack(0x0000002021600000,0x0000002021700000)]
  0x000001f06a856800 JavaThread "Cancel handler" [_thread_blocked, id=11364, stack(0x0000002021700000,0x0000002021800000)]
  0x000001f06ad3b800 JavaThread "Daemon worker" [_thread_blocked, id=8032, stack(0x0000002021800000,0x0000002021900000)]
  0x000001f06b58b800 JavaThread "Asynchronous log dispatcher for DefaultDaemonConnection: socket connection from /127.0.0.1:51183 to /127.0.0.1:51184" [_thread_blocked, id=2872, stack(0x0000002021a00000,0x0000002021b00000)]
  0x000001f06b510000 JavaThread "Stdin handler" [_thread_blocked, id=7940, stack(0x0000002021b00000,0x0000002021c00000)]
  0x000001f06b61d800 JavaThread "Cache worker for file hash cache (E:\Android Projects\gradle\caches\4.10.1\fileHashes)" [_thread_blocked, id=4140, stack(0x0000002021d00000,0x0000002021e00000)]
  0x000001f06b5c5000 JavaThread "File lock request listener" [_thread_in_native, id=5592, stack(0x0000002021e00000,0x0000002021f00000)]
  0x000001f06c76d000 JavaThread "Cache worker for file hash cache (E:\Android Projects\QueueWindowDisplay Project\WindowDisplayWebservice\.gradle\4.10.1\fileHashes)" [_thread_blocked, id=5068, stack(0x0000002021f00000,0x0000002022000000)]
  0x000001f06c76d800 JavaThread "Cache worker for journal cache (E:\Android Projects\gradle\caches\journal-1)" [_thread_blocked, id=1316, stack(0x0000002022000000,0x0000002022100000)]
  0x000001f06c773800 JavaThread "Cache worker for cache directory md-supplier (E:\Android Projects\gradle\caches\4.10.1\md-supplier)" [_thread_blocked, id=7036, stack(0x0000002022100000,0x0000002022200000)]
  0x000001f06c76e800 JavaThread "Cache worker for cache directory md-rule (E:\Android Projects\gradle\caches\4.10.1\md-rule)" [_thread_blocked, id=3568, stack(0x0000002022200000,0x0000002022300000)]
  0x000001f06c770000 JavaThread "Cache worker for Artifact transforms cache (E:\Android Projects\gradle\caches\transforms-1)" [_thread_blocked, id=6156, stack(0x0000002022300000,0x0000002022400000)]
  0x000001f06c771000 JavaThread "Build operations" [_thread_blocked, id=10616, stack(0x0000002021900000,0x0000002021a00000)]
  0x000001f06c771800 JavaThread "Build operations Thread 2" [_thread_blocked, id=11824, stack(0x0000002022400000,0x0000002022500000)]
  0x000001f06c772800 JavaThread "Build operations Thread 3" [_thread_blocked, id=6152, stack(0x0000002022500000,0x0000002022600000)]
  0x000001f06cadf800 JavaThread "Build operations Thread 4" [_thread_blocked, id=6516, stack(0x0000002022600000,0x0000002022700000)]
  0x000001f06cade800 JavaThread "Memory manager" [_thread_blocked, id=2260, stack(0x0000002022800000,0x0000002022900000)]
  0x000001f06cae1000 JavaThread "Cache worker for file content cache (E:\Android Projects\gradle\caches\4.10.1\fileContent)" [_thread_blocked, id=9828, stack(0x0000002022900000,0x0000002022a00000)]
  0x000001f06cae2000 JavaThread "Cache worker for file content cache (E:\Android Projects\QueueWindowDisplay Project\WindowDisplayWebservice\.gradle\4.10.1\fileContent)" [_thread_blocked, id=4208, stack(0x0000002022a00000,0x0000002022b00000)]
  0x000001f06cae2800 JavaThread "Task worker for ':'" [_thread_blocked, id=4192, stack(0x0000002022b00000,0x0000002022c00000)]
  0x000001f06cae0000 JavaThread "Task worker for ':' Thread 2" [_thread_blocked, id=13684, stack(0x0000002022c00000,0x0000002022d00000)]
  0x000001f06cadd000 JavaThread "Task worker for ':' Thread 3" [_thread_blocked, id=3660, stack(0x0000002022d00000,0x0000002022e00000)]
  0x000001f06cae5000 JavaThread "Cache worker for task history cache (E:\Android Projects\QueueWindowDisplay Project\WindowDisplayWebservice\.gradle\4.10.1\taskHistory)" [_thread_blocked, id=10112, stack(0x0000002022e00000,0x0000002022f00000)]
  0x000001f06cae6000 JavaThread "Cache worker for Build Output Cleanup Cache (E:\Android Projects\QueueWindowDisplay Project\WindowDisplayWebservice\.gradle\buildOutputCleanup)" [_thread_blocked, id=13804, stack(0x0000002022f00000,0x0000002023000000)]
  0x000001f06cae6800 JavaThread "Cache worker for Java compile cache (E:\Android Projects\gradle\caches\4.10.1\javaCompile)" [_thread_blocked, id=10124, stack(0x0000002023000000,0x0000002023100000)]
  0x000001f06cae9000 JavaThread "Cache worker for Java compile cache (E:\Android Projects\QueueWindowDisplay Project\WindowDisplayWebservice\.gradle\4.10.1\javaCompile)" [_thread_blocked, id=1264, stack(0x0000002023100000,0x0000002023200000)]
=>0x000001f06cae7800 JavaThread "ForkJoinPool.commonPool-worker-3" daemon [_thread_in_vm, id=14292, stack(0x0000002023200000,0x0000002023300000)]
  0x000001f06cae8800 JavaThread "ForkJoinPool.commonPool-worker-5" daemon [_thread_blocked, id=11888, stack(0x0000002023300000,0x0000002023400000)]
  0x000001f06cae3800 JavaThread "ForkJoinPool.commonPool-worker-7" daemon [_thread_blocked, id=7436, stack(0x0000002023400000,0x0000002023500000)]
  0x000001f072854000 JavaThread "C2 CompilerThread1" daemon [_thread_blocked, id=13584, stack(0x0000002022700000,0x0000002022800000)]

Other Threads:
  0x000001f069058000 VMThread "VM Thread" [stack: 0x0000002020600000,0x0000002020700000] [id=7020]
  0x000001f069b4d800 WatcherThread [stack: 0x0000002021000000,0x0000002021100000] [id=12172]
  0x000001f04faad800 GCTaskThread "GC Thread#0" [stack: 0x0000002020100000,0x0000002020200000] [id=8752]
  0x000001f06a38b000 GCTaskThread "GC Thread#1" [stack: 0x0000002021200000,0x0000002021300000] [id=1836]
  0x000001f06a094800 GCTaskThread "GC Thread#2" [stack: 0x0000002021300000,0x0000002021400000] [id=12780]
  0x000001f06b1d5800 GCTaskThread "GC Thread#3" [stack: 0x0000002021c00000,0x0000002021d00000] [id=10492]
  0x000001f051b9d000 ConcurrentGCThread "G1 Main Marker" [stack: 0x0000002020200000,0x0000002020300000] [id=7312]
  0x000001f051b9e800 ConcurrentGCThread "G1 Conc#0" [stack: 0x0000002020300000,0x0000002020400000] [id=11512]
  0x000001f051c2b000 ConcurrentGCThread "G1 Refine#0" [stack: 0x0000002020400000,0x0000002020500000] [id=6492]
  0x000001f06e340000 ConcurrentGCThread "G1 Refine#1" [stack: 0x0000002023900000,0x0000002023a00000] [id=12576]
  0x000001f051c2c000 ConcurrentGCThread "G1 Young RemSet Sampling" [stack: 0x0000002020500000,0x0000002020600000] [id=1144]

Threads with active compile tasks:

VM state:not at safepoint (normal execution)

VM Mutex/Monitor currently owned by a thread:  ([mutex/lock_event])
[0x000001f051b69db0] Heap_lock - owner thread: 0x000001f06cae7800

Heap address: 0x00000000c0000000, size: 1024 MB, Compressed Oops mode: 32-bit
Narrow klass base: 0x0000000000000000, Narrow klass shift: 3
Compressed class space size: 1073741824 Address: 0x0000000100000000

Heap:
 garbage-first heap   total 260096K, used 243855K [0x00000000c0000000, 0x0000000100000000)
  region size 1024K, 23 young (23552K), 2 survivors (2048K)
 Metaspace       used 90797K, capacity 92802K, committed 92928K, reserved 1130496K
  class space    used 11210K, capacity 11923K, committed 12032K, reserved 1048576K
Heap Regions: E=young(eden), S=young(survivor), O=old, HS=humongous(starts), HC=humongous(continues), CS=collection set, F=free, A=archive, TAMS=top-at-mark-start (previous, next)
|   0|0x00000000c0000000, 0x00000000c0100000, 0x00000000c0100000|100%|HS|  |TAMS 0x00000000c0100000, 0x00000000c0000000| Complete 
|   1|0x00000000c0100000, 0x00000000c0200000, 0x00000000c0200000|100%|HC|  |TAMS 0x00000000c0200000, 0x00000000c0100000| Complete 
|   2|0x00000000c0200000, 0x00000000c0300000, 0x00000000c0300000|100%| O|  |TAMS 0x00000000c0300000, 0x00000000c0200000| Updating 
|   3|0x00000000c0300000, 0x00000000c0400000, 0x00000000c0400000|100%| O|  |TAMS 0x00000000c0400000, 0x00000000c0300000| Updating 
|   4|0x00000000c0400000, 0x00000000c0500000, 0x00000000c0500000|100%| O|  |TAMS 0x00000000c0500000, 0x00000000c0400000| Updating 
|   5|0x00000000c0500000, 0x00000000c0600000, 0x00000000c0600000|100%| O|  |TAMS 0x00000000c0600000, 0x00000000c0500000| Updating 
|   6|0x00000000c0600000, 0x00000000c0700000, 0x00000000c0700000|100%| O|  |TAMS 0x00000000c0700000, 0x00000000c0600000| Updating 
|   7|0x00000000c0700000, 0x00000000c0800000, 0x00000000c0800000|100%| O|  |TAMS 0x00000000c0800000, 0x00000000c0700000| Updating 
|   8|0x00000000c0800000, 0x00000000c0900000, 0x00000000c0900000|100%| O|  |TAMS 0x00000000c0900000, 0x00000000c0800000| Updating 
|   9|0x00000000c0900000, 0x00000000c0a00000, 0x00000000c0a00000|100%| O|  |TAMS 0x00000000c0a00000, 0x00000000c0900000| Updating 
|  10|0x00000000c0a00000, 0x00000000c0b00000, 0x00000000c0b00000|100%| O|  |TAMS 0x00000000c0b00000, 0x00000000c0a00000| Updating 
|  11|0x00000000c0b00000, 0x00000000c0c00000, 0x00000000c0c00000|100%| O|  |TAMS 0x00000000c0c00000, 0x00000000c0b00000| Updating 
|  12|0x00000000c0c00000, 0x00000000c0d00000, 0x00000000c0d00000|100%| O|  |TAMS 0x00000000c0d00000, 0x00000000c0c00000| Updating 
|  13|0x00000000c0d00000, 0x00000000c0e00000, 0x00000000c0e00000|100%|HS|  |TAMS 0x00000000c0e00000, 0x00000000c0d00000| Complete 
|  14|0x00000000c0e00000, 0x00000000c0f00000, 0x00000000c0f00000|100%|HC|  |TAMS 0x00000000c0f00000, 0x00000000c0e00000| Complete 
|  15|0x00000000c0f00000, 0x00000000c1000000, 0x00000000c1000000|100%|HS|  |TAMS 0x00000000c1000000, 0x00000000c0f00000| Complete 
|  16|0x00000000c1000000, 0x00000000c1100000, 0x00000000c1100000|100%|HC|  |TAMS 0x00000000c1100000, 0x00000000c1000000| Complete 
|  17|0x00000000c1100000, 0x00000000c1200000, 0x00000000c1200000|100%|HC|  |TAMS 0x00000000c1200000, 0x00000000c1100000| Complete 
|  18|0x00000000c1200000, 0x00000000c1300000, 0x00000000c1300000|100%|HS|  |TAMS 0x00000000c1300000, 0x00000000c1200000| Complete 
|  19|0x00000000c1300000, 0x00000000c1400000, 0x00000000c1400000|100%|HC|  |TAMS 0x00000000c1400000, 0x00000000c1300000| Complete 
|  20|0x00000000c1400000, 0x00000000c1500000, 0x00000000c1500000|100%|HC|  |TAMS 0x00000000c1500000, 0x00000000c1400000| Complete 
|  21|0x00000000c1500000, 0x00000000c1600000, 0x00000000c1600000|100%|HC|  |TAMS 0x00000000c1600000, 0x00000000c1500000| Complete 
|  22|0x00000000c1600000, 0x00000000c1700000, 0x00000000c1700000|100%|HC|  |TAMS 0x00000000c1700000, 0x00000000c1600000| Complete 
|  23|0x00000000c1700000, 0x00000000c1800000, 0x00000000c1800000|100%|HS|  |TAMS 0x00000000c1800000, 0x00000000c1700000| Complete 
|  24|0x00000000c1800000, 0x00000000c1900000, 0x00000000c1900000|100%| O|  |TAMS 0x00000000c1900000, 0x00000000c1800000| Updating 
|  25|0x00000000c1900000, 0x00000000c1a00000, 0x00000000c1a00000|100%| O|  |TAMS 0x00000000c1a00000, 0x00000000c1900000| Updating 
|  26|0x00000000c1a00000, 0x00000000c1b00000, 0x00000000c1b00000|100%| O|  |TAMS 0x00000000c1b00000, 0x00000000c1a00000| Updating 
|  27|0x00000000c1b00000, 0x00000000c1c00000, 0x00000000c1c00000|100%| O|  |TAMS 0x00000000c1c00000, 0x00000000c1b00000| Updating 
|  28|0x00000000c1c00000, 0x00000000c1d00000, 0x00000000c1d00000|100%| O|  |TAMS 0x00000000c1d00000, 0x00000000c1c00000| Updating 
|  29|0x00000000c1d00000, 0x00000000c1e00000, 0x00000000c1e00000|100%| O|  |TAMS 0x00000000c1e00000, 0x00000000c1d00000| Updating 
|  30|0x00000000c1e00000, 0x00000000c1f00000, 0x00000000c1f00000|100%| O|  |TAMS 0x00000000c1f00000, 0x00000000c1e00000| Updating 
|  31|0x00000000c1f00000, 0x00000000c2000000, 0x00000000c2000000|100%|HS|  |TAMS 0x00000000c2000000, 0x00000000c1f00000| Complete 
|  32|0x00000000c2000000, 0x00000000c2100000, 0x00000000c2100000|100%|HC|  |TAMS 0x00000000c2100000, 0x00000000c2000000| Complete 
|  33|0x00000000c2100000, 0x00000000c2200000, 0x00000000c2200000|100%|HC|  |TAMS 0x00000000c2200000, 0x00000000c2100000| Complete 
|  34|0x00000000c2200000, 0x00000000c2300000, 0x00000000c2300000|100%|HS|  |TAMS 0x00000000c2300000, 0x00000000c2200000| Complete 
|  35|0x00000000c2300000, 0x00000000c2400000, 0x00000000c2400000|100%|HC|  |TAMS 0x00000000c2400000, 0x00000000c2300000| Complete 
|  36|0x00000000c2400000, 0x00000000c2500000, 0x00000000c2500000|100%| O|  |TAMS 0x00000000c2500000, 0x00000000c2400000| Updating 
|  37|0x00000000c2500000, 0x00000000c2600000, 0x00000000c2600000|100%| O|  |TAMS 0x00000000c2600000, 0x00000000c2500000| Updating 
|  38|0x00000000c2600000, 0x00000000c2700000, 0x00000000c2700000|100%| O|  |TAMS 0x00000000c2700000, 0x00000000c2600000| Updating 
|  39|0x00000000c2700000, 0x00000000c2800000, 0x00000000c2800000|100%| O|  |TAMS 0x00000000c2800000, 0x00000000c2700000| Updating 
|  40|0x00000000c2800000, 0x00000000c2900000, 0x00000000c2900000|100%| O|  |TAMS 0x00000000c2900000, 0x00000000c2800000| Updating 
|  41|0x00000000c2900000, 0x00000000c2a00000, 0x00000000c2a00000|100%| O|  |TAMS 0x00000000c2a00000, 0x00000000c2900000| Updating 
|  42|0x00000000c2a00000, 0x00000000c2b00000, 0x00000000c2b00000|100%| O|  |TAMS 0x00000000c2b00000, 0x00000000c2a00000| Updating 
|  43|0x00000000c2b00000, 0x00000000c2c00000, 0x00000000c2c00000|100%| O|  |TAMS 0x00000000c2c00000, 0x00000000c2b00000| Updating 
|  44|0x00000000c2c00000, 0x00000000c2d00000, 0x00000000c2d00000|100%| O|  |TAMS 0x00000000c2d00000, 0x00000000c2c00000| Updating 
|  45|0x00000000c2d00000, 0x00000000c2e00000, 0x00000000c2e00000|100%| O|  |TAMS 0x00000000c2e00000, 0x00000000c2d00000| Updating 
|  46|0x00000000c2e00000, 0x00000000c2f00000, 0x00000000c2f00000|100%| O|  |TAMS 0x00000000c2f00000, 0x00000000c2e00000| Updating 
|  47|0x00000000c2f00000, 0x00000000c3000000, 0x00000000c3000000|100%| O|  |TAMS 0x00000000c3000000, 0x00000000c2f00000| Updating 
|  48|0x00000000c3000000, 0x00000000c3100000, 0x00000000c3100000|100%| O|  |TAMS 0x00000000c3100000, 0x00000000c3000000| Updating 
|  49|0x00000000c3100000, 0x00000000c3200000, 0x00000000c3200000|100%| O|  |TAMS 0x00000000c3200000, 0x00000000c3100000| Updating 
|  50|0x00000000c3200000, 0x00000000c3300000, 0x00000000c3300000|100%| O|  |TAMS 0x00000000c3300000, 0x00000000c3200000| Updating 
|  51|0x00000000c3300000, 0x00000000c3400000, 0x00000000c3400000|100%| O|  |TAMS 0x00000000c3400000, 0x00000000c3300000| Updating 
|  52|0x00000000c3400000, 0x00000000c3500000, 0x00000000c3500000|100%| O|  |TAMS 0x00000000c3500000, 0x00000000c3400000| Updating 
|  53|0x00000000c3500000, 0x00000000c3600000, 0x00000000c3600000|100%|HS|  |TAMS 0x00000000c3500000, 0x00000000c3500000| Complete 
|  54|0x00000000c3600000, 0x00000000c3700000, 0x00000000c3700000|100%| O|  |TAMS 0x00000000c3700000, 0x00000000c3600000| Updating 
|  55|0x00000000c3700000, 0x00000000c3800000, 0x00000000c3800000|100%| O|  |TAMS 0x00000000c3800000, 0x00000000c3700000| Updating 
|  56|0x00000000c3800000, 0x00000000c3900000, 0x00000000c3900000|100%| O|  |TAMS 0x00000000c3900000, 0x00000000c3800000| Updating 
|  57|0x00000000c3900000, 0x00000000c3a00000, 0x00000000c3a00000|100%| O|  |TAMS 0x00000000c3a00000, 0x00000000c3900000| Updating 
|  58|0x00000000c3a00000, 0x00000000c3b00000, 0x00000000c3b00000|100%| O|  |TAMS 0x00000000c3b00000, 0x00000000c3a00000| Updating 
|  59|0x00000000c3b00000, 0x00000000c3c00000, 0x00000000c3c00000|100%| O|  |TAMS 0x00000000c3c00000, 0x00000000c3b00000| Updating 
|  60|0x00000000c3c00000, 0x00000000c3d00000, 0x00000000c3d00000|100%| O|  |TAMS 0x00000000c3d00000, 0x00000000c3c00000| Updating 
|  61|0x00000000c3d00000, 0x00000000c3e00000, 0x00000000c3e00000|100%| O|  |TAMS 0x00000000c3e00000, 0x00000000c3d00000| Updating 
|  62|0x00000000c3e00000, 0x00000000c3f00000, 0x00000000c3f00000|100%| O|  |TAMS 0x00000000c3f00000, 0x00000000c3e00000| Updating 
|  63|0x00000000c3f00000, 0x00000000c4000000, 0x00000000c4000000|100%| O|  |TAMS 0x00000000c4000000, 0x00000000c3f00000| Updating 
|  64|0x00000000c4000000, 0x00000000c4100000, 0x00000000c4100000|100%|HS|  |TAMS 0x00000000c4100000, 0x00000000c4000000| Complete 
|  65|0x00000000c4100000, 0x00000000c4200000, 0x00000000c4200000|100%| O|  |TAMS 0x00000000c4200000, 0x00000000c4100000| Updating 
|  66|0x00000000c4200000, 0x00000000c4300000, 0x00000000c4300000|100%| O|  |TAMS 0x00000000c4300000, 0x00000000c4200000| Updating 
|  67|0x00000000c4300000, 0x00000000c4400000, 0x00000000c4400000|100%| O|  |TAMS 0x00000000c4400000, 0x00000000c4300000| Updating 
|  68|0x00000000c4400000, 0x00000000c4500000, 0x00000000c4500000|100%|HS|  |TAMS 0x00000000c4400000, 0x00000000c4400000| Complete 
|  69|0x00000000c4500000, 0x00000000c4600000, 0x00000000c4600000|100%|HS|  |TAMS 0x00000000c4500000, 0x00000000c4500000| Complete 
|  70|0x00000000c4600000, 0x00000000c4700000, 0x00000000c4700000|100%|HC|  |TAMS 0x00000000c4600000, 0x00000000c4600000| Complete 
|  71|0x00000000c4700000, 0x00000000c4800000, 0x00000000c4800000|100%|HS|  |TAMS 0x00000000c4700000, 0x00000000c4700000| Complete 
|  72|0x00000000c4800000, 0x00000000c4900000, 0x00000000c4900000|100%|HC|  |TAMS 0x00000000c4800000, 0x00000000c4800000| Complete 
|  73|0x00000000c4900000, 0x00000000c4900000, 0x00000000c4a00000|  0%| F|  |TAMS 0x00000000c4900000, 0x00000000c4900000| Untracked 
|  74|0x00000000c4a00000, 0x00000000c4b00000, 0x00000000c4b00000|100%| O|  |TAMS 0x00000000c4b00000, 0x00000000c4a00000| Updating 
|  75|0x00000000c4b00000, 0x00000000c4c00000, 0x00000000c4c00000|100%| O|  |TAMS 0x00000000c4c00000, 0x00000000c4b00000| Updating 
|  76|0x00000000c4c00000, 0x00000000c4d00000, 0x00000000c4d00000|100%|HS|  |TAMS 0x00000000c4c00000, 0x00000000c4c00000| Complete 
|  77|0x00000000c4d00000, 0x00000000c4e00000, 0x00000000c4e00000|100%|HC|  |TAMS 0x00000000c4d00000, 0x00000000c4d00000| Complete 
|  78|0x00000000c4e00000, 0x00000000c4e00000, 0x00000000c4f00000|  0%| F|  |TAMS 0x00000000c4e00000, 0x00000000c4e00000| Untracked 
|  79|0x00000000c4f00000, 0x00000000c5000000, 0x00000000c5000000|100%| O|  |TAMS 0x00000000c5000000, 0x00000000c4f00000| Updating 
|  80|0x00000000c5000000, 0x00000000c5100000, 0x00000000c5100000|100%| O|  |TAMS 0x00000000c5100000, 0x00000000c5000000| Updating 
|  81|0x00000000c5100000, 0x00000000c5200000, 0x00000000c5200000|100%| O|  |TAMS 0x00000000c5200000, 0x00000000c5100000| Updating 
|  82|0x00000000c5200000, 0x00000000c5300000, 0x00000000c5300000|100%| O|  |TAMS 0x00000000c5300000, 0x00000000c5200000| Updating 
|  83|0x00000000c5300000, 0x00000000c5400000, 0x00000000c5400000|100%| O|  |TAMS 0x00000000c5400000, 0x00000000c5300000| Updating 
|  84|0x00000000c5400000, 0x00000000c5500000, 0x00000000c5500000|100%| O|  |TAMS 0x00000000c5500000, 0x00000000c5400000| Updating 
|  85|0x00000000c5500000, 0x00000000c5600000, 0x00000000c5600000|100%| O|  |TAMS 0x00000000c5600000, 0x00000000c5500000| Updating 
|  86|0x00000000c5600000, 0x00000000c5700000, 0x00000000c5700000|100%| O|  |TAMS 0x00000000c5700000, 0x00000000c5600000| Updating 
|  87|0x00000000c5700000, 0x00000000c5800000, 0x00000000c5800000|100%|HS|  |TAMS 0x00000000c5700000, 0x00000000c5700000| Complete 
|  88|0x00000000c5800000, 0x00000000c5900000, 0x00000000c5900000|100%|HC|  |TAMS 0x00000000c5800000, 0x00000000c5800000| Complete 
|  89|0x00000000c5900000, 0x00000000c5900000, 0x00000000c5a00000|  0%| F|  |TAMS 0x00000000c5900000, 0x00000000c5900000| Untracked 
|  90|0x00000000c5a00000, 0x00000000c5b00000, 0x00000000c5b00000|100%| O|  |TAMS 0x00000000c5b00000, 0x00000000c5a00000| Updating 
|  91|0x00000000c5b00000, 0x00000000c5c00000, 0x00000000c5c00000|100%| O|  |TAMS 0x00000000c5c00000, 0x00000000c5b00000| Updating 
|  92|0x00000000c5c00000, 0x00000000c5d00000, 0x00000000c5d00000|100%| O|  |TAMS 0x00000000c5d00000, 0x00000000c5c00000| Updating 
|  93|0x00000000c5d00000, 0x00000000c5e00000, 0x00000000c5e00000|100%|HS|  |TAMS 0x00000000c5d00000, 0x00000000c5d00000| Complete 
|  94|0x00000000c5e00000, 0x00000000c5f00000, 0x00000000c5f00000|100%|HC|  |TAMS 0x00000000c5e00000, 0x00000000c5e00000| Complete 
|  95|0x00000000c5f00000, 0x00000000c6000000, 0x00000000c6000000|100%|HS|  |TAMS 0x00000000c5f00000, 0x00000000c5f00000| Complete 
|  96|0x00000000c6000000, 0x00000000c6100000, 0x00000000c6100000|100%|HC|  |TAMS 0x00000000c6000000, 0x00000000c6000000| Complete 
|  97|0x00000000c6100000, 0x00000000c6200000, 0x00000000c6200000|100%| O|  |TAMS 0x00000000c6200000, 0x00000000c6100000| Updating 
|  98|0x00000000c6200000, 0x00000000c6300000, 0x00000000c6300000|100%| O|  |TAMS 0x00000000c6300000, 0x00000000c6200000| Updating 
|  99|0x00000000c6300000, 0x00000000c6400000, 0x00000000c6400000|100%|HS|  |TAMS 0x00000000c6300000, 0x00000000c6300000| Complete 
| 100|0x00000000c6400000, 0x00000000c6500000, 0x00000000c6500000|100%|HC|  |TAMS 0x00000000c6400000, 0x00000000c6400000| Complete 
| 101|0x00000000c6500000, 0x00000000c6500000, 0x00000000c6600000|  0%| F|  |TAMS 0x00000000c6500000, 0x00000000c6500000| Untracked 
| 102|0x00000000c6600000, 0x00000000c6700000, 0x00000000c6700000|100%| O|  |TAMS 0x00000000c6700000, 0x00000000c6600000| Updating 
| 103|0x00000000c6700000, 0x00000000c6800000, 0x00000000c6800000|100%|HS|  |TAMS 0x00000000c6700000, 0x00000000c6700000| Complete 
| 104|0x00000000c6800000, 0x00000000c6900000, 0x00000000c6900000|100%|HC|  |TAMS 0x00000000c6800000, 0x00000000c6800000| Complete 
| 105|0x00000000c6900000, 0x00000000c6a00000, 0x00000000c6a00000|100%| O|  |TAMS 0x00000000c6a00000, 0x00000000c6900000| Updating 
| 106|0x00000000c6a00000, 0x00000000c6a00000, 0x00000000c6b00000|  0%| F|  |TAMS 0x00000000c6a00000, 0x00000000c6a00000| Untracked 
| 107|0x00000000c6b00000, 0x00000000c6c00000, 0x00000000c6c00000|100%| O|  |TAMS 0x00000000c6c00000, 0x00000000c6b00000| Updating 
| 108|0x00000000c6c00000, 0x00000000c6c00000, 0x00000000c6d00000|  0%| F|  |TAMS 0x00000000c6c00000, 0x00000000c6c00000| Untracked 
| 109|0x00000000c6d00000, 0x00000000c6e00000, 0x00000000c6e00000|100%| O|  |TAMS 0x00000000c6e00000, 0x00000000c6d00000| Updating 
| 110|0x00000000c6e00000, 0x00000000c6f00000, 0x00000000c6f00000|100%| O|  |TAMS 0x00000000c6f00000, 0x00000000c6e00000| Updating 
| 111|0x00000000c6f00000, 0x00000000c7000000, 0x00000000c7000000|100%| O|  |TAMS 0x00000000c7000000, 0x00000000c6f00000| Updating 
| 112|0x00000000c7000000, 0x00000000c7100000, 0x00000000c7100000|100%| O|  |TAMS 0x00000000c7100000, 0x00000000c7000000| Updating 
| 113|0x00000000c7100000, 0x00000000c7200000, 0x00000000c7200000|100%| O|  |TAMS 0x00000000c7200000, 0x00000000c7100000| Updating 
| 114|0x00000000c7200000, 0x00000000c7300000, 0x00000000c7300000|100%| O|  |TAMS 0x00000000c7300000, 0x00000000c7200000| Updating 
| 115|0x00000000c7300000, 0x00000000c7400000, 0x00000000c7400000|100%| O|  |TAMS 0x00000000c7400000, 0x00000000c7300000| Updating 
| 116|0x00000000c7400000, 0x00000000c7500000, 0x00000000c7500000|100%| O|  |TAMS 0x00000000c7500000, 0x00000000c7400000| Updating 
| 117|0x00000000c7500000, 0x00000000c7600000, 0x00000000c7600000|100%| O|  |TAMS 0x00000000c7600000, 0x00000000c7500000| Updating 
| 118|0x00000000c7600000, 0x00000000c7700000, 0x00000000c7700000|100%|HS|  |TAMS 0x00000000c7600000, 0x00000000c7600000| Complete 
| 119|0x00000000c7700000, 0x00000000c7800000, 0x00000000c7800000|100%|HS|  |TAMS 0x00000000c7700000, 0x00000000c7700000| Complete 
| 120|0x00000000c7800000, 0x00000000c7900000, 0x00000000c7900000|100%| O|  |TAMS 0x00000000c7900000, 0x00000000c7800000| Updating 
| 121|0x00000000c7900000, 0x00000000c7900000, 0x00000000c7a00000|  0%| F|  |TAMS 0x00000000c7900000, 0x00000000c7900000| Untracked 
| 122|0x00000000c7a00000, 0x00000000c7ab1c00, 0x00000000c7b00000| 69%| O|  |TAMS 0x00000000c7ab1c00, 0x00000000c7a00000| Updating 
| 123|0x00000000c7b00000, 0x00000000c7c00000, 0x00000000c7c00000|100%| O|  |TAMS 0x00000000c7c00000, 0x00000000c7b00000| Updating 
| 124|0x00000000c7c00000, 0x00000000c7c00000, 0x00000000c7d00000|  0%| F|  |TAMS 0x00000000c7c00000, 0x00000000c7c00000| Untracked 
| 125|0x00000000c7d00000, 0x00000000c7e00000, 0x00000000c7e00000|100%|HS|  |TAMS 0x00000000c7d00000, 0x00000000c7d00000| Complete 
| 126|0x00000000c7e00000, 0x00000000c7f00000, 0x00000000c7f00000|100%| O|  |TAMS 0x00000000c7f00000, 0x00000000c7e00000| Updating 
| 127|0x00000000c7f00000, 0x00000000c8000000, 0x00000000c8000000|100%| O|  |TAMS 0x00000000c8000000, 0x00000000c7f00000| Updating 
| 128|0x00000000c8000000, 0x00000000c8100000, 0x00000000c8100000|100%| O|  |TAMS 0x00000000c8100000, 0x00000000c8000000| Updating 
| 129|0x00000000c8100000, 0x00000000c8200000, 0x00000000c8200000|100%| O|  |TAMS 0x00000000c8200000, 0x00000000c8100000| Updating 
| 130|0x00000000c8200000, 0x00000000c8300000, 0x00000000c8300000|100%| O|  |TAMS 0x00000000c8300000, 0x00000000c8200000| Updating 
| 131|0x00000000c8300000, 0x00000000c8400000, 0x00000000c8400000|100%| O|  |TAMS 0x00000000c8400000, 0x00000000c8300000| Updating 
| 132|0x00000000c8400000, 0x00000000c8500000, 0x00000000c8500000|100%| O|  |TAMS 0x00000000c8500000, 0x00000000c8400000| Updating 
| 133|0x00000000c8500000, 0x00000000c8600000, 0x00000000c8600000|100%| O|  |TAMS 0x00000000c8600000, 0x00000000c8500000| Updating 
| 134|0x00000000c8600000, 0x00000000c8700000, 0x00000000c8700000|100%| O|  |TAMS 0x00000000c8700000, 0x00000000c8600000| Updating 
| 135|0x00000000c8700000, 0x00000000c8800000, 0x00000000c8800000|100%| O|  |TAMS 0x00000000c8800000, 0x00000000c8700000| Updating 
| 136|0x00000000c8800000, 0x00000000c8800000, 0x00000000c8900000|  0%| F|  |TAMS 0x00000000c8800000, 0x00000000c8800000| Untracked 
| 137|0x00000000c8900000, 0x00000000c8a00000, 0x00000000c8a00000|100%| O|  |TAMS 0x00000000c8a00000, 0x00000000c8900000| Updating 
| 138|0x00000000c8a00000, 0x00000000c8b00000, 0x00000000c8b00000|100%|HS|  |TAMS 0x00000000c8a00000, 0x00000000c8a00000| Complete 
| 139|0x00000000c8b00000, 0x00000000c8c00000, 0x00000000c8c00000|100%|HC|  |TAMS 0x00000000c8b00000, 0x00000000c8b00000| Complete 
| 140|0x00000000c8c00000, 0x00000000c8d00000, 0x00000000c8d00000|100%|HC|  |TAMS 0x00000000c8c00000, 0x00000000c8c00000| Complete 
| 141|0x00000000c8d00000, 0x00000000c8e00000, 0x00000000c8e00000|100%|HS|  |TAMS 0x00000000c8d00000, 0x00000000c8d00000| Complete 
| 142|0x00000000c8e00000, 0x00000000c8f00000, 0x00000000c8f00000|100%|HC|  |TAMS 0x00000000c8e00000, 0x00000000c8e00000| Complete 
| 143|0x00000000c8f00000, 0x00000000c9000000, 0x00000000c9000000|100%|HS|  |TAMS 0x00000000c8f00000, 0x00000000c8f00000| Complete 
| 144|0x00000000c9000000, 0x00000000c9100000, 0x00000000c9100000|100%|HC|  |TAMS 0x00000000c9000000, 0x00000000c9000000| Complete 
| 145|0x00000000c9100000, 0x00000000c9200000, 0x00000000c9200000|100%|HC|  |TAMS 0x00000000c9100000, 0x00000000c9100000| Complete 
| 146|0x00000000c9200000, 0x00000000c9300000, 0x00000000c9300000|100%|HS|  |TAMS 0x00000000c9200000, 0x00000000c9200000| Complete 
| 147|0x00000000c9300000, 0x00000000c9400000, 0x00000000c9400000|100%|HC|  |TAMS 0x00000000c9300000, 0x00000000c9300000| Complete 
| 148|0x00000000c9400000, 0x00000000c9500000, 0x00000000c9500000|100%|HS|  |TAMS 0x00000000c9500000, 0x00000000c9400000| Complete 
| 149|0x00000000c9500000, 0x00000000c9600000, 0x00000000c9600000|100%|HC|  |TAMS 0x00000000c9600000, 0x00000000c9500000| Complete 
| 150|0x00000000c9600000, 0x00000000c9700000, 0x00000000c9700000|100%|HC|  |TAMS 0x00000000c9700000, 0x00000000c9600000| Complete 
| 151|0x00000000c9700000, 0x00000000c9800000, 0x00000000c9800000|100%|HC|  |TAMS 0x00000000c9800000, 0x00000000c9700000| Complete 
| 152|0x00000000c9800000, 0x00000000c9900000, 0x00000000c9900000|100%|HC|  |TAMS 0x00000000c9900000, 0x00000000c9800000| Complete 
| 153|0x00000000c9900000, 0x00000000c9a00000, 0x00000000c9a00000|100%|HS|  |TAMS 0x00000000c9900000, 0x00000000c9900000| Complete 
| 154|0x00000000c9a00000, 0x00000000c9b00000, 0x00000000c9b00000|100%|HC|  |TAMS 0x00000000c9a00000, 0x00000000c9a00000| Complete 
| 155|0x00000000c9b00000, 0x00000000c9c00000, 0x00000000c9c00000|100%|HC|  |TAMS 0x00000000c9b00000, 0x00000000c9b00000| Complete 
| 156|0x00000000c9c00000, 0x00000000c9d00000, 0x00000000c9d00000|100%|HC|  |TAMS 0x00000000c9c00000, 0x00000000c9c00000| Complete 
| 157|0x00000000c9d00000, 0x00000000c9e00000, 0x00000000c9e00000|100%|HC|  |TAMS 0x00000000c9d00000, 0x00000000c9d00000| Complete 
| 158|0x00000000c9e00000, 0x00000000c9f00000, 0x00000000c9f00000|100%|HS|  |TAMS 0x00000000c9e00000, 0x00000000c9e00000| Complete 
| 159|0x00000000c9f00000, 0x00000000ca000000, 0x00000000ca000000|100%|HC|  |TAMS 0x00000000c9f00000, 0x00000000c9f00000| Complete 
| 160|0x00000000ca000000, 0x00000000ca100000, 0x00000000ca100000|100%|HC|  |TAMS 0x00000000ca000000, 0x00000000ca000000| Complete 
| 161|0x00000000ca100000, 0x00000000ca200000, 0x00000000ca200000|100%|HC|  |TAMS 0x00000000ca100000, 0x00000000ca100000| Complete 
| 162|0x00000000ca200000, 0x00000000ca300000, 0x00000000ca300000|100%|HC|  |TAMS 0x00000000ca200000, 0x00000000ca200000| Complete 
| 163|0x00000000ca300000, 0x00000000ca400000, 0x00000000ca400000|100%|HS|  |TAMS 0x00000000ca400000, 0x00000000ca300000| Complete 
| 164|0x00000000ca400000, 0x00000000ca500000, 0x00000000ca500000|100%|HC|  |TAMS 0x00000000ca500000, 0x00000000ca400000| Complete 
| 165|0x00000000ca500000, 0x00000000ca600000, 0x00000000ca600000|100%|HC|  |TAMS 0x00000000ca600000, 0x00000000ca500000| Complete 
| 166|0x00000000ca600000, 0x00000000ca700000, 0x00000000ca700000|100%|HC|  |TAMS 0x00000000ca700000, 0x00000000ca600000| Complete 
| 167|0x00000000ca700000, 0x00000000ca800000, 0x00000000ca800000|100%|HC|  |TAMS 0x00000000ca800000, 0x00000000ca700000| Complete 
| 168|0x00000000ca800000, 0x00000000ca900000, 0x00000000ca900000|100%|HS|  |TAMS 0x00000000ca800000, 0x00000000ca800000| Complete 
| 169|0x00000000ca900000, 0x00000000caa00000, 0x00000000caa00000|100%|HC|  |TAMS 0x00000000ca900000, 0x00000000ca900000| Complete 
| 170|0x00000000caa00000, 0x00000000cab00000, 0x00000000cab00000|100%|HS|  |TAMS 0x00000000caa00000, 0x00000000caa00000| Complete 
| 171|0x00000000cab00000, 0x00000000cac00000, 0x00000000cac00000|100%|HC|  |TAMS 0x00000000cab00000, 0x00000000cab00000| Complete 
| 172|0x00000000cac00000, 0x00000000cac00000, 0x00000000cad00000|  0%| F|  |TAMS 0x00000000cac00000, 0x00000000cac00000| Untracked 
| 173|0x00000000cad00000, 0x00000000cae00000, 0x00000000cae00000|100%|HS|  |TAMS 0x00000000cae00000, 0x00000000cad00000| Complete 
| 174|0x00000000cae00000, 0x00000000caf00000, 0x00000000caf00000|100%|HC|  |TAMS 0x00000000caf00000, 0x00000000cae00000| Complete 
| 175|0x00000000caf00000, 0x00000000cb000000, 0x00000000cb000000|100%|HC|  |TAMS 0x00000000cb000000, 0x00000000caf00000| Complete 
| 176|0x00000000cb000000, 0x00000000cb100000, 0x00000000cb100000|100%|HC|  |TAMS 0x00000000cb100000, 0x00000000cb000000| Complete 
| 177|0x00000000cb100000, 0x00000000cb200000, 0x00000000cb200000|100%|HC|  |TAMS 0x00000000cb200000, 0x00000000cb100000| Complete 
| 178|0x00000000cb200000, 0x00000000cb300000, 0x00000000cb300000|100%|HS|  |TAMS 0x00000000cb200000, 0x00000000cb200000| Complete 
| 179|0x00000000cb300000, 0x00000000cb400000, 0x00000000cb400000|100%|HC|  |TAMS 0x00000000cb300000, 0x00000000cb300000| Complete 
| 180|0x00000000cb400000, 0x00000000cb500000, 0x00000000cb500000|100%|HS|  |TAMS 0x00000000cb400000, 0x00000000cb400000| Complete 
| 181|0x00000000cb500000, 0x00000000cb600000, 0x00000000cb600000|100%|HC|  |TAMS 0x00000000cb500000, 0x00000000cb500000| Complete 
| 182|0x00000000cb600000, 0x00000000cb700000, 0x00000000cb700000|100%|HS|  |TAMS 0x00000000cb600000, 0x00000000cb600000| Complete 
| 183|0x00000000cb700000, 0x00000000cb800000, 0x00000000cb800000|100%|HC|  |TAMS 0x00000000cb700000, 0x00000000cb700000| Complete 
| 184|0x00000000cb800000, 0x00000000cb800000, 0x00000000cb900000|  0%| F|  |TAMS 0x00000000cb800000, 0x00000000cb800000| Untracked 
| 185|0x00000000cb900000, 0x00000000cb95bb98, 0x00000000cba00000| 35%| E|  |TAMS 0x00000000cb900000, 0x00000000cb900000| Complete 
| 186|0x00000000cba00000, 0x00000000cbb00000, 0x00000000cbb00000|100%| E|CS|TAMS 0x00000000cba00000, 0x00000000cba00000| Complete 
| 187|0x00000000cbb00000, 0x00000000cbb722f8, 0x00000000cbc00000| 44%| S|CS|TAMS 0x00000000cbb00000, 0x00000000cbb00000| Complete 
| 188|0x00000000cbc00000, 0x00000000cbd00000, 0x00000000cbd00000|100%| S|CS|TAMS 0x00000000cbc00000, 0x00000000cbc00000| Complete 
| 189|0x00000000cbd00000, 0x00000000cbe00000, 0x00000000cbe00000|100%| E|CS|TAMS 0x00000000cbd00000, 0x00000000cbd00000| Complete 
| 190|0x00000000cbe00000, 0x00000000cbf00000, 0x00000000cbf00000|100%| E|CS|TAMS 0x00000000cbe00000, 0x00000000cbe00000| Complete 
| 191|0x00000000cbf00000, 0x00000000cc000000, 0x00000000cc000000|100%| E|CS|TAMS 0x00000000cbf00000, 0x00000000cbf00000| Complete 
| 192|0x00000000cc000000, 0x00000000cc100000, 0x00000000cc100000|100%| E|CS|TAMS 0x00000000cc000000, 0x00000000cc000000| Complete 
| 193|0x00000000cc100000, 0x00000000cc200000, 0x00000000cc200000|100%| E|CS|TAMS 0x00000000cc100000, 0x00000000cc100000| Complete 
| 194|0x00000000cc200000, 0x00000000cc300000, 0x00000000cc300000|100%| E|CS|TAMS 0x00000000cc200000, 0x00000000cc200000| Complete 
| 195|0x00000000cc300000, 0x00000000cc400000, 0x00000000cc400000|100%| E|CS|TAMS 0x00000000cc300000, 0x00000000cc300000| Complete 
| 196|0x00000000cc400000, 0x00000000cc500000, 0x00000000cc500000|100%| E|CS|TAMS 0x00000000cc400000, 0x00000000cc400000| Complete 
| 197|0x00000000cc500000, 0x00000000cc600000, 0x00000000cc600000|100%| E|  |TAMS 0x00000000cc500000, 0x00000000cc500000| Complete 
| 198|0x00000000cc600000, 0x00000000cc700000, 0x00000000cc700000|100%| E|CS|TAMS 0x00000000cc600000, 0x00000000cc600000| Complete 
| 199|0x00000000cc700000, 0x00000000cc800000, 0x00000000cc800000|100%| E|CS|TAMS 0x00000000cc700000, 0x00000000cc700000| Complete 
| 200|0x00000000cc800000, 0x00000000cc900000, 0x00000000cc900000|100%| E|CS|TAMS 0x00000000cc800000, 0x00000000cc800000| Complete 
| 201|0x00000000cc900000, 0x00000000cca00000, 0x00000000cca00000|100%| E|CS|TAMS 0x00000000cc900000, 0x00000000cc900000| Complete 
| 202|0x00000000cca00000, 0x00000000ccb00000, 0x00000000ccb00000|100%| E|CS|TAMS 0x00000000cca00000, 0x00000000cca00000| Complete 
| 203|0x00000000ccb00000, 0x00000000ccc00000, 0x00000000ccc00000|100%| E|CS|TAMS 0x00000000ccb00000, 0x00000000ccb00000| Complete 
| 204|0x00000000ccc00000, 0x00000000ccd00000, 0x00000000ccd00000|100%| E|CS|TAMS 0x00000000ccc00000, 0x00000000ccc00000| Complete 
| 205|0x00000000ccd00000, 0x00000000cce00000, 0x00000000cce00000|100%| E|CS|TAMS 0x00000000ccd00000, 0x00000000ccd00000| Complete 
| 206|0x00000000cce00000, 0x00000000ccf00000, 0x00000000ccf00000|100%| E|CS|TAMS 0x00000000cce00000, 0x00000000cce00000| Complete 
| 207|0x00000000ccf00000, 0x00000000cd000000, 0x00000000cd000000|100%| E|CS|TAMS 0x00000000ccf00000, 0x00000000ccf00000| Complete 
| 208|0x00000000cd000000, 0x00000000cd100000, 0x00000000cd100000|100%|HS|  |TAMS 0x00000000cd000000, 0x00000000cd000000| Complete 
| 209|0x00000000cd100000, 0x00000000cd200000, 0x00000000cd200000|100%|HC|  |TAMS 0x00000000cd100000, 0x00000000cd100000| Complete 
| 210|0x00000000cd200000, 0x00000000cd300000, 0x00000000cd300000|100%|HS|  |TAMS 0x00000000cd200000, 0x00000000cd200000| Complete 
| 211|0x00000000cd300000, 0x00000000cd400000, 0x00000000cd400000|100%|HC|  |TAMS 0x00000000cd300000, 0x00000000cd300000| Complete 
| 212|0x00000000cd400000, 0x00000000cd500000, 0x00000000cd500000|100%|HS|  |TAMS 0x00000000cd400000, 0x00000000cd400000| Complete 
| 213|0x00000000cd500000, 0x00000000cd600000, 0x00000000cd600000|100%|HC|  |TAMS 0x00000000cd500000, 0x00000000cd500000| Complete 
| 214|0x00000000cd600000, 0x00000000cd700000, 0x00000000cd700000|100%|HS|  |TAMS 0x00000000cd600000, 0x00000000cd600000| Complete 
| 215|0x00000000cd700000, 0x00000000cd800000, 0x00000000cd800000|100%|HC|  |TAMS 0x00000000cd700000, 0x00000000cd700000| Complete 
| 216|0x00000000cd800000, 0x00000000cd900000, 0x00000000cd900000|100%|HS|  |TAMS 0x00000000cd800000, 0x00000000cd800000| Complete 
| 217|0x00000000cd900000, 0x00000000cda00000, 0x00000000cda00000|100%|HC|  |TAMS 0x00000000cd900000, 0x00000000cd900000| Complete 
| 218|0x00000000cda00000, 0x00000000cdb00000, 0x00000000cdb00000|100%|HS|  |TAMS 0x00000000cda00000, 0x00000000cda00000| Complete 
| 219|0x00000000cdb00000, 0x00000000cdc00000, 0x00000000cdc00000|100%|HC|  |TAMS 0x00000000cdb00000, 0x00000000cdb00000| Complete 
| 220|0x00000000cdc00000, 0x00000000cdd00000, 0x00000000cdd00000|100%|HS|  |TAMS 0x00000000cdc00000, 0x00000000cdc00000| Complete 
| 221|0x00000000cdd00000, 0x00000000cde00000, 0x00000000cde00000|100%|HC|  |TAMS 0x00000000cdd00000, 0x00000000cdd00000| Complete 
| 222|0x00000000cde00000, 0x00000000cdf00000, 0x00000000cdf00000|100%|HS|  |TAMS 0x00000000cde00000, 0x00000000cde00000| Complete 
| 223|0x00000000cdf00000, 0x00000000ce000000, 0x00000000ce000000|100%|HC|  |TAMS 0x00000000cdf00000, 0x00000000cdf00000| Complete 
| 224|0x00000000ce000000, 0x00000000ce100000, 0x00000000ce100000|100%|HS|  |TAMS 0x00000000ce000000, 0x00000000ce000000| Complete 
| 225|0x00000000ce100000, 0x00000000ce200000, 0x00000000ce200000|100%|HC|  |TAMS 0x00000000ce100000, 0x00000000ce100000| Complete 
| 226|0x00000000ce200000, 0x00000000ce300000, 0x00000000ce300000|100%|HS|  |TAMS 0x00000000ce200000, 0x00000000ce200000| Complete 
| 227|0x00000000ce300000, 0x00000000ce400000, 0x00000000ce400000|100%|HC|  |TAMS 0x00000000ce300000, 0x00000000ce300000| Complete 
| 228|0x00000000ce400000, 0x00000000ce500000, 0x00000000ce500000|100%|HS|  |TAMS 0x00000000ce400000, 0x00000000ce400000| Complete 
| 229|0x00000000ce500000, 0x00000000ce600000, 0x00000000ce600000|100%|HC|  |TAMS 0x00000000ce500000, 0x00000000ce500000| Complete 
| 230|0x00000000ce600000, 0x00000000ce700000, 0x00000000ce700000|100%|HS|  |TAMS 0x00000000ce600000, 0x00000000ce600000| Complete 
| 231|0x00000000ce700000, 0x00000000ce800000, 0x00000000ce800000|100%|HC|  |TAMS 0x00000000ce700000, 0x00000000ce700000| Complete 
| 232|0x00000000ce800000, 0x00000000ce900000, 0x00000000ce900000|100%|HS|  |TAMS 0x00000000ce800000, 0x00000000ce800000| Complete 
| 233|0x00000000ce900000, 0x00000000cea00000, 0x00000000cea00000|100%|HC|  |TAMS 0x00000000ce900000, 0x00000000ce900000| Complete 
| 234|0x00000000cea00000, 0x00000000ceb00000, 0x00000000ceb00000|100%|HS|  |TAMS 0x00000000cea00000, 0x00000000cea00000| Complete 
| 235|0x00000000ceb00000, 0x00000000cec00000, 0x00000000cec00000|100%|HC|  |TAMS 0x00000000ceb00000, 0x00000000ceb00000| Complete 
| 236|0x00000000cec00000, 0x00000000ced00000, 0x00000000ced00000|100%|HS|  |TAMS 0x00000000cec00000, 0x00000000cec00000| Complete 
| 237|0x00000000ced00000, 0x00000000cee00000, 0x00000000cee00000|100%|HC|  |TAMS 0x00000000ced00000, 0x00000000ced00000| Complete 
| 238|0x00000000cee00000, 0x00000000cef00000, 0x00000000cef00000|100%|HS|  |TAMS 0x00000000cee00000, 0x00000000cee00000| Complete 
| 239|0x00000000cef00000, 0x00000000cf000000, 0x00000000cf000000|100%|HC|  |TAMS 0x00000000cef00000, 0x00000000cef00000| Complete 
| 240|0x00000000cf000000, 0x00000000cf100000, 0x00000000cf100000|100%|HS|  |TAMS 0x00000000cf000000, 0x00000000cf000000| Complete 
| 241|0x00000000cf100000, 0x00000000cf200000, 0x00000000cf200000|100%|HC|  |TAMS 0x00000000cf100000, 0x00000000cf100000| Complete 
| 242|0x00000000cf200000, 0x00000000cf300000, 0x00000000cf300000|100%|HS|  |TAMS 0x00000000cf200000, 0x00000000cf200000| Complete 
| 243|0x00000000cf300000, 0x00000000cf400000, 0x00000000cf400000|100%|HC|  |TAMS 0x00000000cf300000, 0x00000000cf300000| Complete 
| 244|0x00000000cf400000, 0x00000000cf500000, 0x00000000cf500000|100%|HS|  |TAMS 0x00000000cf400000, 0x00000000cf400000| Complete 
| 245|0x00000000cf500000, 0x00000000cf600000, 0x00000000cf600000|100%|HC|  |TAMS 0x00000000cf500000, 0x00000000cf500000| Complete 
| 246|0x00000000cf600000, 0x00000000cf700000, 0x00000000cf700000|100%|HS|  |TAMS 0x00000000cf600000, 0x00000000cf600000| Complete 
| 247|0x00000000cf700000, 0x00000000cf800000, 0x00000000cf800000|100%|HC|  |TAMS 0x00000000cf700000, 0x00000000cf700000| Complete 
| 248|0x00000000cf800000, 0x00000000cf900000, 0x00000000cf900000|100%|HS|  |TAMS 0x00000000cf800000, 0x00000000cf800000| Complete 
| 249|0x00000000cf900000, 0x00000000cfa00000, 0x00000000cfa00000|100%|HC|  |TAMS 0x00000000cf900000, 0x00000000cf900000| Complete 
| 250|0x00000000cfa00000, 0x00000000cfb00000, 0x00000000cfb00000|100%|HS|  |TAMS 0x00000000cfa00000, 0x00000000cfa00000| Complete 
| 251|0x00000000cfb00000, 0x00000000cfc00000, 0x00000000cfc00000|100%|HC|  |TAMS 0x00000000cfb00000, 0x00000000cfb00000| Complete 

Card table byte_map: [0x000001f064690000,0x000001f064890000] _byte_map_base: 0x000001f064090000

Marking Bits (Prev, Next): (CMBitMap*) 0x000001f051b982d0, (CMBitMap*) 0x000001f051b98298
 Prev Bits: [0x000001f065a90000, 0x000001f066a90000)
 Next Bits: [0x000001f064a90000, 0x000001f065a90000)

Polling page: 0x000001f04f950000

Metaspace:

Usage:
  Non-class:     78.98 MB capacity,    77.72 MB ( 98%) used,     1.06 MB (  1%) free+waste,   210.50 KB ( <1%) overhead. 
      Class:     11.64 MB capacity,    10.95 MB ( 94%) used,   620.20 KB (  5%) free+waste,    92.38 KB ( <1%) overhead. 
       Both:     90.63 MB capacity,    88.67 MB ( 98%) used,     1.66 MB (  2%) free+waste,   302.88 KB ( <1%) overhead. 

Virtual space:
  Non-class space:       80.00 MB reserved,      79.00 MB ( 99%) committed 
      Class space:        1.00 GB reserved,      11.75 MB (  1%) committed 
             Both:        1.08 GB reserved,      90.75 MB (  8%) committed 

Chunk freelists:
   Non-Class:  17.00 KB
       Class:  13.00 KB
        Both:  30.00 KB

MaxMetaspaceSize: 17179869184.00 GB
CompressedClassSpaceSize: 1.00 GB
Initial GC threshold: 20.80 MB
Current GC threshold: 151.25 MB
CDS: off

CodeHeap 'non-profiled nmethods': size=120064Kb used=7142Kb max_used=7142Kb free=112921Kb
 bounds [0x000001f05d150000, 0x000001f05d850000, 0x000001f064690000]
CodeHeap 'profiled nmethods': size=120000Kb used=28441Kb max_used=28441Kb free=91558Kb
 bounds [0x000001f055c20000, 0x000001f0577f0000, 0x000001f05d150000]
CodeHeap 'non-nmethods': size=5696Kb used=2380Kb max_used=2429Kb free=3315Kb
 bounds [0x000001f055690000, 0x000001f055900000, 0x000001f055c20000]
 total_blobs=13964 nmethods=13061 adapters=814
 compilation: enabled
              stopped_count=0, restarted_count=0
 full_count=0

Compilation events (20 events):
Event: 34.148 Thread 0x000001f06908f800 13191  s    3       com.android.tools.build.apkzlib.bytestorage.LruTracker::untrack (43 bytes)
Event: 34.148 Thread 0x000001f06908f800 nmethod 13191 0x000001f0577e0f90 code [0x000001f0577e11c0, 0x000001f0577e1988]
Event: 34.154 Thread 0x000001f06908f800 13192       3       com.google.common.base.Preconditions::checkArgument (28 bytes)
Event: 34.155 Thread 0x000001f06908f800 nmethod 13192 0x000001f0577e1c10 code [0x000001f0577e1e20, 0x000001f0577e24d8]
Event: 34.158 Thread 0x000001f072854000 nmethod 13186% 0x000001f05d847890 code [0x000001f05d847a60, 0x000001f05d8482d8]
Event: 34.162 Thread 0x000001f06908f800 13193       3       com.android.tools.build.apkzlib.zip.ZipField::endOffset (10 bytes)
Event: 34.162 Thread 0x000001f06908f800 nmethod 13193 0x000001f0577e2790 code [0x000001f0577e2940, 0x000001f0577e2a38]
Event: 34.164 Thread 0x000001f06908f800 13194       3       com.android.tools.build.apkzlib.zip.ZipField::write (101 bytes)
Event: 34.166 Thread 0x000001f06908f800 nmethod 13194 0x000001f0577e2b10 code [0x000001f0577e2e60, 0x000001f0577e4398]
Event: 34.167 Thread 0x000001f069085000 nmethod 13185 0x000001f05d848890 code [0x000001f05d848a40, 0x000001f05d849458]
Event: 34.172 Thread 0x000001f06908f800 13195       3       com.google.common.io.ByteSource$ByteArrayByteSource::openStream (20 bytes)
Event: 34.172 Thread 0x000001f06908f800 nmethod 13195 0x000001f0577e4a10 code [0x000001f0577e4bc0, 0x000001f0577e4d68]
Event: 34.173 Thread 0x000001f06908f800 13196   !   3       com.android.tools.build.apkzlib.bytestorage.SwitchableDelegateCloseableByteSource$1::close (36 bytes)
Event: 34.173 Thread 0x000001f06908f800 nmethod 13196 0x000001f0577e4e10 code [0x000001f0577e5000, 0x000001f0577e5638]
Event: 34.173 Thread 0x000001f06908f800 13197  s    3       com.android.tools.build.apkzlib.bytestorage.SwitchableDelegateInputStream::close (13 bytes)
Event: 34.173 Thread 0x000001f06908f800 nmethod 13197 0x000001f0577e5890 code [0x000001f0577e5a60, 0x000001f0577e5d88]
Event: 34.184 Thread 0x000001f06908f800 13198       3       com.android.tools.build.apkzlib.zip.InflaterByteSource::innerClose (8 bytes)
Event: 34.185 Thread 0x000001f06908f800 nmethod 13198 0x000001f0577e5e90 code [0x000001f0577e6060, 0x000001f0577e64e8]
Event: 34.189 Thread 0x000001f072854000 13199       4       com.google.common.base.Preconditions::checkNotNull (18 bytes)
Event: 34.189 Thread 0x000001f072854000 nmethod 13199 0x000001f05d849610 code [0x000001f05d8497a0, 0x000001f05d8497f8]

GC Heap History (20 events):
Event: 29.555 GC heap before
{Heap before GC invocations=38 (full 0):
 garbage-first heap   total 137216K, used 123221K [0x00000000c0000000, 0x0000000100000000)
  region size 1024K, 6 young (6144K), 1 survivors (1024K)
 Metaspace       used 87691K, capacity 89544K, committed 89728K, reserved 1128448K
  class space    used 10892K, capacity 11530K, committed 11648K, reserved 1048576K
}
Event: 29.572 GC heap after
{Heap after GC invocations=39 (full 0):
 garbage-first heap   total 164864K, used 122772K [0x00000000c0000000, 0x0000000100000000)
  region size 1024K, 1 young (1024K), 1 survivors (1024K)
 Metaspace       used 87691K, capacity 89544K, committed 89728K, reserved 1128448K
  class space    used 10892K, capacity 11530K, committed 11648K, reserved 1048576K
}
Event: 30.087 GC heap before
{Heap before GC invocations=40 (full 0):
 garbage-first heap   total 164864K, used 133012K [0x00000000c0000000, 0x0000000100000000)
  region size 1024K, 12 young (12288K), 1 survivors (1024K)
 Metaspace       used 87839K, capacity 89683K, committed 89984K, reserved 1128448K
  class space    used 10897K, capacity 11531K, committed 11648K, reserved 1048576K
}
Event: 30.108 GC heap after
{Heap after GC invocations=41 (full 0):
 garbage-first heap   total 164864K, used 127256K [0x00000000c0000000, 0x0000000100000000)
  region size 1024K, 2 young (2048K), 2 survivors (2048K)
 Metaspace       used 87839K, capacity 89683K, committed 89984K, reserved 1128448K
  class space    used 10897K, capacity 11531K, committed 11648K, reserved 1048576K
}
Event: 30.269 GC heap before
{Heap before GC invocations=41 (full 0):
 garbage-first heap   total 164864K, used 135448K [0x00000000c0000000, 0x0000000100000000)
  region size 1024K, 10 young (10240K), 2 survivors (2048K)
 Metaspace       used 87901K, capacity 89749K, committed 89984K, reserved 1128448K
  class space    used 10897K, capacity 11531K, committed 11648K, reserved 1048576K
}
Event: 30.291 GC heap after
{Heap after GC invocations=42 (full 0):
 garbage-first heap   total 164864K, used 132096K [0x00000000c0000000, 0x0000000100000000)
  region size 1024K, 2 young (2048K), 2 survivors (2048K)
 Metaspace       used 87901K, capacity 89749K, committed 89984K, reserved 1128448K
  class space    used 10897K, capacity 11531K, committed 11648K, reserved 1048576K
}
Event: 31.093 GC heap before
{Heap before GC invocations=43 (full 0):
 garbage-first heap   total 164864K, used 137216K [0x00000000c0000000, 0x0000000100000000)
  region size 1024K, 8 young (8192K), 2 survivors (2048K)
 Metaspace       used 87916K, capacity 89755K, committed 89984K, reserved 1128448K
  class space    used 10897K, capacity 11531K, committed 11648K, reserved 1048576K
}
Event: 31.104 GC heap after
{Heap after GC invocations=44 (full 0):
 garbage-first heap   total 164864K, used 133760K [0x00000000c0000000, 0x0000000100000000)
  region size 1024K, 1 young (1024K), 1 survivors (1024K)
 Metaspace       used 87916K, capacity 89755K, committed 89984K, reserved 1128448K
  class space    used 10897K, capacity 11531K, committed 11648K, reserved 1048576K
}
Event: 31.278 GC heap before
{Heap before GC invocations=44 (full 0):
 garbage-first heap   total 164864K, used 140928K [0x00000000c0000000, 0x0000000100000000)
  region size 1024K, 8 young (8192K), 1 survivors (1024K)
 Metaspace       used 87940K, capacity 89819K, committed 89984K, reserved 1128448K
  class space    used 10897K, capacity 11531K, committed 11648K, reserved 1048576K
}
Event: 31.300 GC heap after
{Heap after GC invocations=45 (full 0):
 garbage-first heap   total 212992K, used 132688K [0x00000000c0000000, 0x0000000100000000)
  region size 1024K, 1 young (1024K), 1 survivors (1024K)
 Metaspace       used 87940K, capacity 89819K, committed 89984K, reserved 1128448K
  class space    used 10897K, capacity 11531K, committed 11648K, reserved 1048576K
}
Event: 31.488 GC heap before
{Heap before GC invocations=45 (full 0):
 garbage-first heap   total 212992K, used 157264K [0x00000000c0000000, 0x0000000100000000)
  region size 1024K, 24 young (24576K), 1 survivors (1024K)
 Metaspace       used 87982K, capacity 89822K, committed 89984K, reserved 1128448K
  class space    used 10897K, capacity 11531K, committed 11648K, reserved 1048576K
}
Event: 31.500 GC heap after
{Heap after GC invocations=46 (full 0):
 garbage-first heap   total 212992K, used 139264K [0x00000000c0000000, 0x0000000100000000)
  region size 1024K, 3 young (3072K), 3 survivors (3072K)
 Metaspace       used 87982K, capacity 89822K, committed 89984K, reserved 1128448K
  class space    used 10897K, capacity 11531K, committed 11648K, reserved 1048576K
}
Event: 31.756 GC heap before
{Heap before GC invocations=46 (full 0):
 garbage-first heap   total 212992K, used 169984K [0x00000000c0000000, 0x0000000100000000)
  region size 1024K, 26 young (26624K), 3 survivors (3072K)
 Metaspace       used 88004K, capacity 89824K, committed 89984K, reserved 1128448K
  class space    used 10897K, capacity 11531K, committed 11648K, reserved 1048576K
}
Event: 31.764 GC heap after
{Heap after GC invocations=47 (full 0):
 garbage-first heap   total 212992K, used 148255K [0x00000000c0000000, 0x0000000100000000)
  region size 1024K, 2 young (2048K), 2 survivors (2048K)
 Metaspace       used 88004K, capacity 89824K, committed 89984K, reserved 1128448K
  class space    used 10897K, capacity 11531K, committed 11648K, reserved 1048576K
}
Event: 33.260 GC heap before
{Heap before GC invocations=48 (full 0):
 garbage-first heap   total 212992K, used 166687K [0x00000000c0000000, 0x0000000100000000)
  region size 1024K, 23 young (23552K), 2 survivors (2048K)
 Metaspace       used 89607K, capacity 91548K, committed 91648K, reserved 1128448K
  class space    used 11076K, capacity 11761K, committed 11776K, reserved 1048576K
}
Event: 33.267 GC heap after
{Heap after GC invocations=49 (full 0):
 garbage-first heap   total 212992K, used 140891K [0x00000000c0000000, 0x0000000100000000)
  region size 1024K, 1 young (1024K), 1 survivors (1024K)
 Metaspace       used 89607K, capacity 91548K, committed 91648K, reserved 1128448K
  class space    used 11076K, capacity 11761K, committed 11776K, reserved 1048576K
}
Event: 33.543 GC heap before
{Heap before GC invocations=49 (full 0):
 garbage-first heap   total 212992K, used 149083K [0x00000000c0000000, 0x0000000100000000)
  region size 1024K, 10 young (10240K), 1 survivors (1024K)
 Metaspace       used 90314K, capacity 92273K, committed 92544K, reserved 1130496K
  class space    used 11152K, capacity 11831K, committed 11904K, reserved 1048576K
}
Event: 33.552 GC heap after
{Heap after GC invocations=50 (full 0):
 garbage-first heap   total 212992K, used 139619K [0x00000000c0000000, 0x0000000100000000)
  region size 1024K, 2 young (2048K), 2 survivors (2048K)
 Metaspace       used 90314K, capacity 92273K, committed 92544K, reserved 1130496K
  class space    used 11152K, capacity 11831K, committed 11904K, reserved 1048576K
}
Event: 33.828 GC heap before
{Heap before GC invocations=50 (full 0):
 garbage-first heap   total 212992K, used 199011K [0x00000000c0000000, 0x0000000100000000)
  region size 1024K, 19 young (19456K), 2 survivors (2048K)
 Metaspace       used 90567K, capacity 92557K, committed 92800K, reserved 1130496K
  class space    used 11187K, capacity 11884K, committed 11904K, reserved 1048576K
}
Event: 33.832 GC heap after
{Heap after GC invocations=51 (full 0):
 garbage-first heap   total 212992K, used 154767K [0x00000000c0000000, 0x0000000100000000)
  region size 1024K, 2 young (2048K), 2 survivors (2048K)
 Metaspace       used 90567K, capacity 92557K, committed 92800K, reserved 1130496K
  class space    used 11187K, capacity 11884K, committed 11904K, reserved 1048576K
}

Deoptimization events (20 events):
Event: 33.315 Thread 0x000001f06cae7800 DEOPT PACKING pc=0x000001f05d65501c sp=0x00000020232fdfe0
Event: 33.315 Thread 0x000001f06cae7800 DEOPT UNPACKING pc=0x000001f0556da1af sp=0x00000020232fe040 mode 2
Event: 33.315 Thread 0x000001f06cae7800 Uncommon trap: trap_request=0xffffffc6 fr.pc=0x000001f05d65501c relative=0x0000000000001fdc
Event: 33.315 Thread 0x000001f06cae7800 Uncommon trap: reason=bimorphic_or_optimized_type_check action=maybe_recompile pc=0x000001f05d65501c method=java.util.zip.InflaterInputStream.read([BII)I @ 100 c2
Event: 33.315 Thread 0x000001f06cae7800 DEOPT PACKING pc=0x000001f05d65501c sp=0x00000020232fdfe0
Event: 33.315 Thread 0x000001f06cae7800 DEOPT UNPACKING pc=0x000001f0556da1af sp=0x00000020232fe040 mode 2
Event: 33.315 Thread 0x000001f06cae7800 Uncommon trap: trap_request=0xffffffc6 fr.pc=0x000001f05d65501c relative=0x0000000000001fdc
Event: 33.315 Thread 0x000001f06cae7800 Uncommon trap: reason=bimorphic_or_optimized_type_check action=maybe_recompile pc=0x000001f05d65501c method=java.util.zip.InflaterInputStream.read([BII)I @ 100 c2
Event: 33.315 Thread 0x000001f06cae7800 DEOPT PACKING pc=0x000001f05d65501c sp=0x00000020232fdfe0
Event: 33.315 Thread 0x000001f06cae7800 DEOPT UNPACKING pc=0x000001f0556da1af sp=0x00000020232fe040 mode 2
Event: 33.438 Thread 0x000001f06cae7800 Uncommon trap: trap_request=0xffffffde fr.pc=0x000001f05d7472dc relative=0x000000000000011c
Event: 33.438 Thread 0x000001f06cae7800 Uncommon trap: reason=class_check action=maybe_recompile pc=0x000001f05d7472dc method=java.util.Collections$SetFromMap.contains(Ljava/lang/Object;)Z @ 5 c2
Event: 33.438 Thread 0x000001f06cae7800 DEOPT PACKING pc=0x000001f05d7472dc sp=0x00000020232f8200
Event: 33.438 Thread 0x000001f06cae7800 DEOPT UNPACKING pc=0x000001f0556da1af sp=0x00000020232f81a8 mode 2
Event: 33.442 Thread 0x000001f06cae7800 DEOPT PACKING pc=0x000001f0563bf835 sp=0x00000020232fd620
Event: 33.442 Thread 0x000001f06cae7800 DEOPT UNPACKING pc=0x000001f0556da95e sp=0x00000020232fcaa0 mode 0
Event: 33.526 Thread 0x000001f06cae7800 Uncommon trap: trap_request=0xffffff4d fr.pc=0x000001f05d804784 relative=0x00000000000008c4
Event: 33.526 Thread 0x000001f06cae7800 Uncommon trap: reason=unstable_if action=reinterpret pc=0x000001f05d804784 method=sun.security.provider.SHA.implDigest([BI)V @ 21 c2
Event: 33.526 Thread 0x000001f06cae7800 DEOPT PACKING pc=0x000001f05d804784 sp=0x00000020232fdbe0
Event: 33.526 Thread 0x000001f06cae7800 DEOPT UNPACKING pc=0x000001f0556da1af sp=0x00000020232fdba0 mode 2

Classes redefined (0 events):
No events

Internal exceptions (20 events):
Event: 25.643 Thread 0x000001f06cae8800 Exception <a 'sun/nio/fs/WindowsException'{0x00000000c7d38b60}> (0x00000000c7d38b60) thrown at [./src/hotspot/share/prims/jni.cpp, line 616]
Event: 25.714 Thread 0x000001f06cae8800 Exception <a 'sun/nio/fs/WindowsException'{0x00000000c7d48b80}> (0x00000000c7d48b80) thrown at [./src/hotspot/share/prims/jni.cpp, line 616]
Event: 25.826 Thread 0x000001f06cae8800 Exception <a 'sun/nio/fs/WindowsException'{0x00000000c7d50ff8}> (0x00000000c7d50ff8) thrown at [./src/hotspot/share/prims/jni.cpp, line 616]
Event: 26.203 Thread 0x000001f06cae7800 Exception <a 'sun/nio/fs/WindowsException'{0x00000000c78ad350}> (0x00000000c78ad350) thrown at [./src/hotspot/share/prims/jni.cpp, line 616]
Event: 26.213 Thread 0x000001f06cae7800 Exception <a 'sun/nio/fs/WindowsException'{0x00000000c7706d38}> (0x00000000c7706d38) thrown at [./src/hotspot/share/prims/jni.cpp, line 616]
Event: 26.215 Thread 0x000001f06cae7800 Exception <a 'sun/nio/fs/WindowsException'{0x00000000c774c540}> (0x00000000c774c540) thrown at [./src/hotspot/share/prims/jni.cpp, line 616]
Event: 28.521 Thread 0x000001f06caea000 Exception <a 'sun/nio/fs/WindowsException'{0x00000000c7f0d0b8}> (0x00000000c7f0d0b8) thrown at [./src/hotspot/share/prims/jni.cpp, line 616]
Event: 28.831 Thread 0x000001f06cae4800 Implicit null exception at 0x000001f05d2821cf to 0x000001f05d2822bc
Event: 28.831 Thread 0x000001f06caeb000 Implicit null exception at 0x000001f05d2821cf to 0x000001f05d2822bc
Event: 28.831 Thread 0x000001f06caeb800 Implicit null exception at 0x000001f05d2821cf to 0x000001f05d2822bc
Event: 28.831 Thread 0x000001f06caea000 Implicit null exception at 0x000001f05d2821cf to 0x000001f05d2822bc
Event: 31.237 Thread 0x000001f06caea000 Implicit null exception at 0x000001f05d723acc to 0x000001f05d723c1c
Event: 32.237 Thread 0x000001f06caea000 Exception <a 'sun/nio/fs/WindowsException'{0x00000000ccab3408}> (0x00000000ccab3408) thrown at [./src/hotspot/share/prims/jni.cpp, line 616]
Event: 32.875 Thread 0x000001f06cae7800 Exception <a 'sun/nio/fs/WindowsException'{0x00000000cc3a0218}> (0x00000000cc3a0218) thrown at [./src/hotspot/share/prims/jni.cpp, line 616]
Event: 32.921 Thread 0x000001f06cae7800 Implicit null exception at 0x000001f05d4436e8 to 0x000001f05d446c0c
Event: 33.091 Thread 0x000001f06cae7800 Exception <a 'java/lang/NoSuchMethodError'{0x00000000cbe485e0}: 'java.lang.Object java.lang.invoke.DirectMethodHandle$Holder.invokeStatic(java.lang.Object, java.lang.Object, java.lang.Object, java.lang.Object, java.lang.Object, java.lang.Object, java.lang.Object, int)'> (0x00000000cbe485e0) thrown at [./src/hotspot/share/interpreter/linkResolver.cpp, line 773]
Event: 33.091 Thread 0x000001f06cae7800 Exception <a 'java/lang/NoSuchMethodError'{0x00000000cbe4cc68}: 'java.lang.Object java.lang.invoke.DirectMethodHandle$Holder.invokeSpecial(java.lang.Object, java.lang.Object, java.lang.Object, java.lang.Object, java.lang.Object, java.lang.Object, java.lang.Object, java.lang.Object, int)'> (0x00000000cbe4cc68) thrown at [./src/hotspot/share/interpreter/linkResolver.cpp, line 773]
Event: 33.091 Thread 0x000001f06cae7800 Exception <a 'java/lang/NoSuchMethodError'{0x00000000cbe50a20}: 'java.lang.Object java.lang.invoke.Invokers$Holder.linkToTargetMethod(java.lang.Object, java.lang.Object, java.lang.Object, java.lang.Object, java.lang.Object, java.lang.Object, int, java.lang.Object)'> (0x00000000cbe50a20) thrown at [./src/hotspot/share/interpreter/linkResolver.cpp, line 773]
Event: 33.150 Thread 0x000001f06cae7800 Exception <a 'java/lang/ClassNotFoundException'{0x00000000cbd50a08}: org/gradle/api/plugins/JavaPluginConventionBeanInfo> (0x00000000cbd50a08) thrown at [./src/hotspot/share/classfile/systemDictionary.cpp, line 231]
Event: 33.150 Thread 0x000001f06cae7800 Exception <a 'java/lang/ClassNotFoundException'{0x00000000cbd5dc08}: org/gradle/api/plugins/JavaPluginConventionCustomizer> (0x00000000cbd5dc08) thrown at [./src/hotspot/share/classfile/systemDictionary.cpp, line 231]

Events (20 events):
Event: 34.028 loading class com/android/apksig/DefaultApkSignerEngine$OutputJarSignatureRequestImpl
Event: 34.028 loading class com/android/apksig/DefaultApkSignerEngine$OutputJarSignatureRequestImpl done
Event: 34.029 Thread 0x000001f06caea000 Thread added: 0x000001f06caea000
Event: 34.031 Executing VM operation: RevokeBias
Event: 34.031 Executing VM operation: RevokeBias done
Event: 34.031 Executing VM operation: RevokeBias
Event: 34.031 Executing VM operation: RevokeBias done
Event: 34.032 Executing VM operation: RevokeBias
Event: 34.033 Executing VM operation: RevokeBias done
Event: 34.033 Executing VM operation: RevokeBias
Event: 34.033 Executing VM operation: RevokeBias done
Event: 34.034 Executing VM operation: RevokeBias
Event: 34.034 Executing VM operation: RevokeBias done
Event: 34.035 Executing VM operation: RevokeBias
Event: 34.035 Executing VM operation: RevokeBias done
Event: 34.042 Executing VM operation: CGC_Operation
Event: 34.062 Executing VM operation: CGC_Operation done
Event: 34.138 Executing VM operation: RevokeBias
Event: 34.138 Executing VM operation: RevokeBias done
Event: 34.138 Thread 0x000001f06caea000 Thread exited: 0x000001f06caea000


Dynamic libraries:
0x00007ff6f9060000 - 0x00007ff6f906a000 	E:\Android Setup\jre\bin\java.exe
0x00007fff60530000 - 0x00007fff60728000 	C:\Windows\SYSTEM32\ntdll.dll
0x00007fff5fdf0000 - 0x00007fff5feaf000 	C:\Windows\System32\KERNEL32.DLL
0x00007fff5df70000 - 0x00007fff5e266000 	C:\Windows\System32\KERNELBASE.dll
0x00007fff5de20000 - 0x00007fff5df20000 	C:\Windows\System32\ucrtbase.dll
0x00007fff594b0000 - 0x00007fff594c7000 	E:\Android Setup\jre\bin\VCRUNTIME140.dll
0x00007fff594d0000 - 0x00007fff594e9000 	E:\Android Setup\jre\bin\jli.dll
0x00007fff60350000 - 0x00007fff604ed000 	C:\Windows\System32\USER32.dll
0x00007fff3c1c0000 - 0x00007fff3c45a000 	C:\Windows\WinSxS\amd64_microsoft.windows.common-controls_6595b64144ccf1df_6.0.19041.1110_none_60b5254171f9507e\COMCTL32.dll
0x00007fff5dd50000 - 0x00007fff5dd72000 	C:\Windows\System32\win32u.dll
0x00007fff5ead0000 - 0x00007fff5eafc000 	C:\Windows\System32\GDI32.dll
0x00007fff602b0000 - 0x00007fff6034e000 	C:\Windows\System32\msvcrt.dll
0x00007fff5e470000 - 0x00007fff5e585000 	C:\Windows\System32\gdi32full.dll
0x00007fff5dd80000 - 0x00007fff5de1d000 	C:\Windows\System32\msvcp_win.dll
0x00007fff5f2f0000 - 0x00007fff5f320000 	C:\Windows\System32\IMM32.DLL
0x00007fff556b0000 - 0x00007fff5574d000 	E:\Android Setup\jre\bin\msvcp140.dll
0x00007ffedb920000 - 0x00007ffedc422000 	E:\Android Setup\jre\bin\server\jvm.dll
0x00007fff5f220000 - 0x00007fff5f2cf000 	C:\Windows\System32\ADVAPI32.dll
0x00007fff5fd50000 - 0x00007fff5fdec000 	C:\Windows\System32\sechost.dll
0x00007fff5f060000 - 0x00007fff5f186000 	C:\Windows\System32\RPCRT4.dll
0x00007fff5fd40000 - 0x00007fff5fd48000 	C:\Windows\System32\PSAPI.DLL
0x00007fff44c20000 - 0x00007fff44c29000 	C:\Windows\SYSTEM32\WSOCK32.dll
0x00007fff36980000 - 0x00007fff369a7000 	C:\Windows\SYSTEM32\WINMM.dll
0x00007fff5eb00000 - 0x00007fff5eb6b000 	C:\Windows\System32\WS2_32.dll
0x00007fff5c350000 - 0x00007fff5c35a000 	C:\Windows\SYSTEM32\VERSION.dll
0x00007fff5c450000 - 0x00007fff5c462000 	C:\Windows\SYSTEM32\kernel.appcore.dll
0x00007fff2bfd0000 - 0x00007fff2bfe1000 	E:\Android Setup\jre\bin\verify.dll
0x00007fff4eae0000 - 0x00007fff4ecc4000 	C:\Windows\SYSTEM32\DBGHELP.DLL
0x00007fff44c60000 - 0x00007fff44c94000 	C:\Windows\SYSTEM32\dbgcore.DLL
0x00007fff5dc10000 - 0x00007fff5dc92000 	C:\Windows\System32\bcryptPrimitives.dll
0x00007fff2bfa0000 - 0x00007fff2bfc9000 	E:\Android Setup\jre\bin\java.dll
0x00007fff37d60000 - 0x00007fff37d6b000 	E:\Android Setup\jre\bin\jimage.dll
0x00007fff29e70000 - 0x00007fff29e88000 	E:\Android Setup\jre\bin\zip.dll
0x00007fff5f4d0000 - 0x00007fff5fc14000 	C:\Windows\System32\SHELL32.dll
0x00007fff5bba0000 - 0x00007fff5c333000 	C:\Windows\SYSTEM32\windows.storage.dll
0x00007fff5eca0000 - 0x00007fff5eff4000 	C:\Windows\System32\combase.dll
0x00007fff5d580000 - 0x00007fff5d5ae000 	C:\Windows\SYSTEM32\Wldp.dll
0x00007fff60130000 - 0x00007fff601dd000 	C:\Windows\System32\SHCORE.dll
0x00007fff5ff90000 - 0x00007fff5ffe5000 	C:\Windows\System32\shlwapi.dll
0x00007fff5db50000 - 0x00007fff5db6f000 	C:\Windows\SYSTEM32\profapi.dll
0x00007fff2bff0000 - 0x00007fff2c00a000 	E:\Android Setup\jre\bin\net.dll
0x00007fff550e0000 - 0x00007fff551ea000 	C:\Windows\SYSTEM32\WINHTTP.dll
0x00007fff5d2e0000 - 0x00007fff5d34a000 	C:\Windows\system32\mswsock.dll
0x00007fff29e50000 - 0x00007fff29e64000 	E:\Android Setup\jre\bin\nio.dll
0x00007fff560e0000 - 0x00007fff560fe000 	E:\Android Projects\gradle\native\25\windows-amd64\native-platform.dll
0x00007fff2bf90000 - 0x00007fff2bf9a000 	E:\Android Setup\jre\bin\management.dll
0x00007fff29e40000 - 0x00007fff29e4d000 	E:\Android Setup\jre\bin\management_ext.dll
0x00007fff5d4d0000 - 0x00007fff5d4e8000 	C:\Windows\SYSTEM32\CRYPTSP.dll
0x00007fff5cc00000 - 0x00007fff5cc34000 	C:\Windows\system32\rsaenh.dll
0x00007fff5e270000 - 0x00007fff5e297000 	C:\Windows\System32\bcrypt.dll
0x00007fff5dad0000 - 0x00007fff5dafe000 	C:\Windows\SYSTEM32\USERENV.dll
0x00007fff5d4f0000 - 0x00007fff5d4fc000 	C:\Windows\SYSTEM32\CRYPTBASE.dll
0x00007fff5cfd0000 - 0x00007fff5d00c000 	C:\Windows\SYSTEM32\IPHLPAPI.DLL
0x00007fff5f2e0000 - 0x00007fff5f2e8000 	C:\Windows\System32\NSI.dll
0x00007fff55d10000 - 0x00007fff55d27000 	C:\Windows\SYSTEM32\dhcpcsvc6.DLL
0x00007fff56310000 - 0x00007fff5632d000 	C:\Windows\SYSTEM32\dhcpcsvc.DLL
0x00007fff5d060000 - 0x00007fff5d12a000 	C:\Windows\SYSTEM32\DNSAPI.dll
0x00007ffee0f00000 - 0x00007ffee0f27000 	E:\Android Setup\jre\bin\sunec.dll

dbghelp: loaded successfully - version: 4.0.5 - missing functions: none
symbol engine: initialized successfully - sym options: 0x614 - pdb path: .;E:\Android Setup\jre\bin;C:\Windows\SYSTEM32;C:\Windows\WinSxS\amd64_microsoft.windows.common-controls_6595b64144ccf1df_6.0.19041.1110_none_60b5254171f9507e;E:\Android Setup\jre\bin\server;E:\Android Projects\gradle\native\25\windows-amd64

VM Arguments:
jvm_args: --add-opens=java.base/java.util=ALL-UNNAMED -XX:+HeapDumpOnOutOfMemoryError -Xmx1024m -Dfile.encoding=windows-1252 -Duser.country=US -Duser.language=en -Duser.variant 
java_command: org.gradle.launcher.daemon.bootstrap.GradleDaemon 4.10.1
java_class_path (initial): E:\Android Projects\gradle\wrapper\dists\gradle-4.10.1-all\455itskqi2qtf0v2sja68alqd\gradle-4.10.1\lib\gradle-launcher-4.10.1.jar
Launcher Type: SUN_STANDARD

[Global flags]
     intx CICompilerCount                          = 3                                         {product} {ergonomic}
     uint ConcGCThreads                            = 1                                         {product} {ergonomic}
     uint G1ConcRefinementThreads                  = 4                                         {product} {ergonomic}
   size_t G1HeapRegionSize                         = 1048576                                   {product} {ergonomic}
    uintx GCDrainStackTargetSize                   = 64                                        {product} {ergonomic}
     bool HeapDumpOnOutOfMemoryError               = true                                   {manageable} {command line}
   size_t InitialHeapSize                          = 134217728                                 {product} {ergonomic}
   size_t MarkStackSize                            = 4194304                                   {product} {ergonomic}
   size_t MaxHeapSize                              = 1073741824                                {product} {command line}
   size_t MaxNewSize                               = 643825664                                 {product} {ergonomic}
   size_t MinHeapDeltaBytes                        = 1048576                                   {product} {ergonomic}
    uintx NonNMethodCodeHeapSize                   = 5830732                                {pd product} {ergonomic}
    uintx NonProfiledCodeHeapSize                  = 122913754                              {pd product} {ergonomic}
    uintx ProfiledCodeHeapSize                     = 122913754                              {pd product} {ergonomic}
    uintx ReservedCodeCacheSize                    = 251658240                              {pd product} {ergonomic}
     bool SegmentedCodeCache                       = true                                      {product} {ergonomic}
     bool UseCompressedClassPointers               = true                                 {lp64_product} {ergonomic}
     bool UseCompressedOops                        = true                                 {lp64_product} {ergonomic}
     bool UseG1GC                                  = true                                      {product} {ergonomic}
     bool UseLargePagesIndividualAllocation        = false                                  {pd product} {ergonomic}

Logging:
Log output configuration:
 #0: stdout all=warning uptime,level,tags
 #1: stderr all=off uptime,level,tags

Environment Variables:
JAVA_HOME=C:\Program Files\Java\jdk1.8.0_351
PATH=C:\Windows\system32;C:\Windows;C:\Windows\System32\Wbem;C:\Windows\System32\WindowsPowerShell\v1.0\;C:\Windows\System32\OpenSSH\;E:\nodejs;C:\Program Files\Java\jdk1.8.0_351\bin;C:\Program Files (x86)\Common Files\Oracle\Java\javapath;C:\Program Files\Common Files\Oracle\Java\javapath;C:\Gradle\gradle-7.6\bin;E:\Android sdk\tools;E:\Android sdk\platform-tools;C:\Program Files\Git\cmd;C:\Users\WIN 10\AppData\Local\Microsoft\WindowsApps;"C:\Users\WIN 10\AppData\Roaming\npm;E:\phonegap setup\apache-ant-1.10.3\bin";
USERNAME=WIN 10
OS=Windows_NT
PROCESSOR_IDENTIFIER=Intel64 Family 6 Model 78 Stepping 3, GenuineIntel



---------------  S Y S T E M  ---------------

OS: Windows 10 , 64 bit Build 19041 (10.0.19041.3031)
OS uptime: 0 days 0:50 hours

CPU:total 4 (initial active 4) (2 cores per cpu, 2 threads per core) family 6 model 78 stepping 3 microcode 0xf0, cmov, cx8, fxsr, mmx, sse, sse2, sse3, ssse3, sse4.1, sse4.2, popcnt, avx, avx2, aes, clmul, erms, rtm, 3dnowpref, lzcnt, ht, tsc, tscinvbit, bmi1, bmi2, adx, fma

Memory: 4k page, system-wide physical 8071M (468M free)
TotalPageFile size 10119M (AvailPageFile size 5M)
current process WorkingSet (physical memory assigned to process): 478M, peak: 478M
current process commit charge ("private bytes"): 539M, peak: 541M

vm_info: OpenJDK 64-Bit Server VM (11.0.13+0-b1751.21-8125866) for windows-amd64 JRE (11.0.13+0-b1751.21-8125866), built on Feb  2 2022 03:00:22 by "builder" with MS VC++ 14.0 (VS2015)

END.
